<?xml version="1.0" encoding="utf-8"?>
<test-run id="2" testcasecount="2" result="Passed" total="2" passed="2" failed="0" inconclusive="0" skipped="0" asserts="0" engine-version="3.5.0.0" clr-version="4.0.30319.42000" start-time="2026-02-23 21:23:00Z" end-time="2026-02-23 21:23:00Z" duration="0.1323252">
  <test-suite type="TestSuite" id="1203" name="PhysicsDrivenMovementDemo" fullname="PhysicsDrivenMovementDemo" runstate="Runnable" testcasecount="172" result="Passed" start-time="2026-02-23 21:23:00Z" end-time="2026-02-23 21:23:00Z" duration="0.132325" total="2" passed="2" failed="0" inconclusive="0" skipped="0" asserts="0">
    <properties>
      <property name="platform" value="PlayMode" />
    </properties>
    <test-suite type="Assembly" id="1196" name="PhysicsDrivenMovement.Tests.PlayMode.dll" fullname="D:/Coding/Git/PhysicsMovement/Library/ScriptAssemblies/PhysicsDrivenMovement.Tests.PlayMode.dll" runstate="Runnable" testcasecount="172" result="Passed" start-time="2026-02-23 21:23:00Z" end-time="2026-02-23 21:23:00Z" duration="0.127874" total="2" passed="2" failed="0" inconclusive="0" skipped="0" asserts="0">
      <properties>
        <property name="_PID" value="30632" />
        <property name="_APPDOMAIN" value="Unity Child Domain" />
        <property name="platform" value="PlayMode" />
        <property name="EditorOnly" value="False" />
      </properties>
      <test-suite type="TestSuite" id="1197" name="PhysicsDrivenMovement" fullname="PhysicsDrivenMovement" runstate="Runnable" testcasecount="172" result="Passed" start-time="2026-02-23 21:23:00Z" end-time="2026-02-23 21:23:00Z" duration="0.126286" total="2" passed="2" failed="0" inconclusive="0" skipped="0" asserts="0">
        <properties />
        <test-suite type="TestSuite" id="1198" name="Tests" fullname="PhysicsDrivenMovement.Tests" runstate="Runnable" testcasecount="172" result="Passed" start-time="2026-02-23 21:23:00Z" end-time="2026-02-23 21:23:00Z" duration="0.124891" total="2" passed="2" failed="0" inconclusive="0" skipped="0" asserts="0">
          <properties />
          <test-suite type="TestSuite" id="1199" name="PlayMode" fullname="PhysicsDrivenMovement.Tests.PlayMode" runstate="Runnable" testcasecount="172" result="Passed" start-time="2026-02-23 21:23:00Z" end-time="2026-02-23 21:23:00Z" duration="0.123575" total="2" passed="2" failed="0" inconclusive="0" skipped="0" asserts="0">
            <properties />
            <test-suite type="TestFixture" id="1193" name="ThrowMechanicTests" fullname="PhysicsDrivenMovement.Tests.PlayMode.ThrowMechanicTests" classname="PhysicsDrivenMovement.Tests.PlayMode.ThrowMechanicTests" runstate="Runnable" testcasecount="2" result="Passed" start-time="2026-02-23 21:23:00Z" end-time="2026-02-23 21:23:00Z" duration="0.121137" total="2" passed="2" failed="0" inconclusive="0" skipped="0" asserts="0">
              <properties />
              <test-case id="1195" name="NoImpulse_WhenStationary" fullname="PhysicsDrivenMovement.Tests.PlayMode.ThrowMechanicTests.NoImpulse_WhenStationary" methodname="NoImpulse_WhenStationary" classname="PhysicsDrivenMovement.Tests.PlayMode.ThrowMechanicTests" runstate="Runnable" seed="885265497" result="Passed" start-time="2026-02-23 21:23:00Z" end-time="2026-02-23 21:23:00Z" duration="0.061111" asserts="0">
                <properties>
                  <property name="_JOINTYPE" value="UnityCombinatorial" />
                  <property name="retryIteration" value="0" />
                  <property name="repeatIteration" value="0" />
                </properties>
              </test-case>
              <test-case id="1194" name="ThrowImpulse_Applied_WhenMoving" fullname="PhysicsDrivenMovement.Tests.PlayMode.ThrowMechanicTests.ThrowImpulse_Applied_WhenMoving" methodname="ThrowImpulse_Applied_WhenMoving" classname="PhysicsDrivenMovement.Tests.PlayMode.ThrowMechanicTests" runstate="Runnable" seed="1021529960" result="Passed" start-time="2026-02-23 21:23:00Z" end-time="2026-02-23 21:23:00Z" duration="0.053406" asserts="0">
                <properties>
                  <property name="_JOINTYPE" value="UnityCombinatorial" />
                  <property name="retryIteration" value="0" />
                  <property name="repeatIteration" value="0" />
                </properties>
                <output><![CDATA[Saving results to: C:/Users/jamie/AppData/LocalLow/DefaultCompany/PhysicsDrivenMovementDemo\TestResults.xml
]]></output>
              </test-case>
            </test-suite>
          </test-suite>
        </test-suite>
      </test-suite>
    </test-suite>
  </test-suite>
</test-run>