<?xml version="1.0" encoding="utf-8"?>
<test-run id="2" testcasecount="165" result="Failed(Child)" total="165" passed="146" failed="5" inconclusive="0" skipped="14" asserts="0" engine-version="3.5.0.0" clr-version="4.0.30319.42000" start-time="2026-02-23 18:06:22Z" end-time="2026-02-23 18:09:17Z" duration="174.8303863">
  <test-suite type="TestSuite" id="1194" name="PhysicsDrivenMovementDemo" fullname="PhysicsDrivenMovementDemo" runstate="Runnable" testcasecount="165" result="Failed" site="Child" start-time="2026-02-23 18:06:22Z" end-time="2026-02-23 18:09:17Z" duration="174.830386" total="165" passed="146" failed="5" inconclusive="0" skipped="14" asserts="0">
    <properties>
      <property name="platform" value="PlayMode" />
    </properties>
    <failure>
      <message><![CDATA[One or more child tests had errors]]></message>
    </failure>
    <test-suite type="Assembly" id="1187" name="PhysicsDrivenMovement.Tests.PlayMode.dll" fullname="H:/Work/PhysicsDrivenMovementDemo/Library/ScriptAssemblies/PhysicsDrivenMovement.Tests.PlayMode.dll" runstate="Runnable" testcasecount="165" result="Failed" site="Child" start-time="2026-02-23 18:06:22Z" end-time="2026-02-23 18:09:17Z" duration="174.818393" total="165" passed="146" failed="5" inconclusive="0" skipped="14" asserts="0">
      <properties>
        <property name="_PID" value="17948" />
        <property name="_APPDOMAIN" value="Unity Child Domain" />
        <property name="platform" value="PlayMode" />
        <property name="EditorOnly" value="False" />
      </properties>
      <failure>
        <message><![CDATA[One or more child tests had errors]]></message>
      </failure>
      <test-suite type="TestSuite" id="1188" name="PhysicsDrivenMovement" fullname="PhysicsDrivenMovement" runstate="Runnable" testcasecount="165" result="Failed" site="Child" start-time="2026-02-23 18:06:22Z" end-time="2026-02-23 18:09:17Z" duration="174.816907" total="165" passed="146" failed="5" inconclusive="0" skipped="14" asserts="0">
        <properties />
        <failure>
          <message><![CDATA[One or more child tests had errors]]></message>
        </failure>
        <test-suite type="TestSuite" id="1189" name="Tests" fullname="PhysicsDrivenMovement.Tests" runstate="Runnable" testcasecount="165" result="Failed" site="Child" start-time="2026-02-23 18:06:22Z" end-time="2026-02-23 18:09:17Z" duration="174.815967" total="165" passed="146" failed="5" inconclusive="0" skipped="14" asserts="0">
          <properties />
          <failure>
            <message><![CDATA[One or more child tests had errors]]></message>
          </failure>
          <test-suite type="TestSuite" id="1190" name="PlayMode" fullname="PhysicsDrivenMovement.Tests.PlayMode" runstate="Runnable" testcasecount="165" result="Failed" site="Child" start-time="2026-02-23 18:06:22Z" end-time="2026-02-23 18:09:17Z" duration="174.814725" total="165" passed="146" failed="5" inconclusive="0" skipped="14" asserts="0">
            <properties />
            <failure>
              <message><![CDATA[One or more child tests had errors]]></message>
            </failure>
            <test-suite type="TestFixture" id="1001" name="AirborneSpringTests" fullname="PhysicsDrivenMovement.Tests.PlayMode.AirborneSpringTests" classname="PhysicsDrivenMovement.Tests.PlayMode.AirborneSpringTests" runstate="Runnable" testcasecount="4" result="Passed" start-time="2026-02-23 18:06:22Z" end-time="2026-02-23 18:06:22Z" duration="0.337833" total="4" passed="4" failed="0" inconclusive="0" skipped="0" asserts="0">
              <properties />
              <test-case id="1005" name="MultiCycleJump_SpringRestoredToTrueBaselineAfterEachLanding" fullname="PhysicsDrivenMovement.Tests.PlayMode.AirborneSpringTests.MultiCycleJump_SpringRestoredToTrueBaselineAfterEachLanding" methodname="MultiCycleJump_SpringRestoredToTrueBaselineAfterEachLanding" classname="PhysicsDrivenMovement.Tests.PlayMode.AirborneSpringTests" runstate="Runnable" seed="1541166326" result="Passed" start-time="2026-02-23 18:06:22Z" end-time="2026-02-23 18:06:22Z" duration="0.184117" asserts="0">
                <properties>
                  <property name="_JOINTYPE" value="UnityCombinatorial" />
                  <property name="retryIteration" value="0" />
                  <property name="repeatIteration" value="0" />
                </properties>
                <output><![CDATA[[BalanceController] 'Hips': no GroundSensor found in children. IsGrounded will always be false.
]]></output>
              </test-case>
              <test-case id="1004" name="WhenAirborne_GaitPhaseDoesNotAdvance" fullname="PhysicsDrivenMovement.Tests.PlayMode.AirborneSpringTests.WhenAirborne_GaitPhaseDoesNotAdvance" methodname="WhenAirborne_GaitPhaseDoesNotAdvance" classname="PhysicsDrivenMovement.Tests.PlayMode.AirborneSpringTests" runstate="Runnable" seed="383478761" result="Passed" start-time="2026-02-23 18:06:22Z" end-time="2026-02-23 18:06:22Z" duration="0.087538" asserts="0">
                <properties>
                  <property name="_JOINTYPE" value="UnityCombinatorial" />
                  <property name="retryIteration" value="0" />
                  <property name="repeatIteration" value="0" />
                </properties>
                <output><![CDATA[[BalanceController] 'Hips': no GroundSensor found in children. IsGrounded will always be false.
]]></output>
              </test-case>
              <test-case id="1002" name="WhenAirborne_LegSpringIsReduced" fullname="PhysicsDrivenMovement.Tests.PlayMode.AirborneSpringTests.WhenAirborne_LegSpringIsReduced" methodname="WhenAirborne_LegSpringIsReduced" classname="PhysicsDrivenMovement.Tests.PlayMode.AirborneSpringTests" runstate="Runnable" seed="655158100" result="Passed" start-time="2026-02-23 18:06:22Z" end-time="2026-02-23 18:06:22Z" duration="0.010177" asserts="0">
                <properties>
                  <property name="_JOINTYPE" value="UnityCombinatorial" />
                  <property name="retryIteration" value="0" />
                  <property name="repeatIteration" value="0" />
                </properties>
                <output><![CDATA[[BalanceController] 'Hips': no GroundSensor found in children. IsGrounded will always be false.
]]></output>
              </test-case>
              <test-case id="1003" name="WhenLanded_LegSpringIsRestored" fullname="PhysicsDrivenMovement.Tests.PlayMode.AirborneSpringTests.WhenLanded_LegSpringIsRestored" methodname="WhenLanded_LegSpringIsRestored" classname="PhysicsDrivenMovement.Tests.PlayMode.AirborneSpringTests" runstate="Runnable" seed="1057641640" result="Passed" start-time="2026-02-23 18:06:22Z" end-time="2026-02-23 18:06:22Z" duration="0.036861" asserts="0">
                <properties>
                  <property name="_JOINTYPE" value="UnityCombinatorial" />
                  <property name="retryIteration" value="0" />
                  <property name="repeatIteration" value="0" />
                </properties>
                <output><![CDATA[[BalanceController] 'Hips': no GroundSensor found in children. IsGrounded will always be false.
]]></output>
              </test-case>
            </test-suite>
            <test-suite type="TestFixture" id="1006" name="Arena01BalanceStabilityTests" fullname="PhysicsDrivenMovement.Tests.PlayMode.Arena01BalanceStabilityTests" classname="PhysicsDrivenMovement.Tests.PlayMode.Arena01BalanceStabilityTests" runstate="Runnable" testcasecount="2" result="Passed" start-time="2026-02-23 18:06:22Z" end-time="2026-02-23 18:07:07Z" duration="44.679067" total="2" passed="2" failed="0" inconclusive="0" skipped="0" asserts="0">
              <properties />
              <test-case id="1007" name="Arena01_InScenePlayerRagdoll_LongRun_IsRecoverablyStable" fullname="PhysicsDrivenMovement.Tests.PlayMode.Arena01BalanceStabilityTests.Arena01_InScenePlayerRagdoll_LongRun_IsRecoverablyStable" methodname="Arena01_InScenePlayerRagdoll_LongRun_IsRecoverablyStable" classname="PhysicsDrivenMovement.Tests.PlayMode.Arena01BalanceStabilityTests" runstate="Runnable" seed="1228867870" result="Passed" start-time="2026-02-23 18:06:22Z" end-time="2026-02-23 18:06:43Z" duration="20.203338" asserts="0">
                <properties>
                  <property name="_JOINTYPE" value="UnityCombinatorial" />
                  <property name="retryIteration" value="0" />
                  <property name="repeatIteration" value="0" />
                </properties>
                <output><![CDATA[[GameSettings] Physics configured: fixedDeltaTime=0.009999993, solverIterations=12, velocityIterations=4
]]></output>
              </test-case>
              <test-case id="1008" name="Arena01_StartupSettle_RepeatabilitySweep_StaysWithinSafetyBounds" fullname="PhysicsDrivenMovement.Tests.PlayMode.Arena01BalanceStabilityTests.Arena01_StartupSettle_RepeatabilitySweep_StaysWithinSafetyBounds" methodname="Arena01_StartupSettle_RepeatabilitySweep_StaysWithinSafetyBounds" classname="PhysicsDrivenMovement.Tests.PlayMode.Arena01BalanceStabilityTests" runstate="Runnable" seed="726786073" result="Passed" start-time="2026-02-23 18:06:43Z" end-time="2026-02-23 18:07:07Z" duration="24.473278" asserts="0">
                <properties>
                  <property name="_JOINTYPE" value="UnityCombinatorial" />
                  <property name="retryIteration" value="0" />
                  <property name="repeatIteration" value="0" />
                </properties>
                <output><![CDATA[[GameSettings] Physics configured: fixedDeltaTime=0.009999993, solverIterations=12, velocityIterations=4
[GameSettings] Physics configured: fixedDeltaTime=0.009999993, solverIterations=12, velocityIterations=4
[GameSettings] Physics configured: fixedDeltaTime=0.009999993, solverIterations=12, velocityIterations=4
]]></output>
              </test-case>
            </test-suite>
            <test-suite type="TestFixture" id="1009" name="ArmAnimatorPlayModeTests" fullname="PhysicsDrivenMovement.Tests.PlayMode.ArmAnimatorPlayModeTests" classname="PhysicsDrivenMovement.Tests.PlayMode.ArmAnimatorPlayModeTests" runstate="Runnable" testcasecount="2" result="Failed" site="Child" start-time="2026-02-23 18:07:07Z" end-time="2026-02-23 18:07:12Z" duration="4.419872" total="2" passed="1" failed="1" inconclusive="0" skipped="0" asserts="0">
              <properties />
              <failure>
                <message><![CDATA[One or more child tests had errors]]></message>
              </failure>
              <test-case id="1011" name="AtIdle_ArmsReturnToNearRestPosition" fullname="PhysicsDrivenMovement.Tests.PlayMode.ArmAnimatorPlayModeTests.AtIdle_ArmsReturnToNearRestPosition" methodname="AtIdle_ArmsReturnToNearRestPosition" classname="PhysicsDrivenMovement.Tests.PlayMode.ArmAnimatorPlayModeTests" runstate="Runnable" seed="673888754" result="Failed" start-time="2026-02-23 18:07:07Z" end-time="2026-02-23 18:07:09Z" duration="2.218198" asserts="0">
                <properties>
                  <property name="_JOINTYPE" value="UnityCombinatorial" />
                  <property name="retryIteration" value="0" />
                  <property name="repeatIteration" value="0" />
                </properties>
                <failure>
                  <message><![CDATA[  Pre-condition: at least one arm should be non-identity after walking. Max angle from identity = 0.00°. ArmAnimator may not be applying swing — check LegAnimator gait is running.
  Expected: greater than 1.0f
  But was:  0.0f
]]></message>
                  <stack-trace><![CDATA[at PhysicsDrivenMovement.Tests.PlayMode.ArmAnimatorPlayModeTests+<AtIdle_ArmsReturnToNearRestPosition>d__18.MoveNext () [0x00140] in H:\Work\PhysicsDrivenMovementDemo\Assets\Tests\PlayMode\Character\ArmAnimatorPlayModeTests.cs:191
at UnityEngine.TestTools.TestEnumerator+<Execute>d__7.MoveNext () [0x0004e] in .\Library\PackageCache\com.unity.test-framework@0b7a23ab2e1d\UnityEngine.TestRunner\NUnitExtensions\Attributes\TestEnumerator.cs:44
]]></stack-trace>
                </failure>
              </test-case>
              <test-case id="1010" name="WhileWalking_RightArmSwingsOppositeToLeftLeg" fullname="PhysicsDrivenMovement.Tests.PlayMode.ArmAnimatorPlayModeTests.WhileWalking_RightArmSwingsOppositeToLeftLeg" methodname="WhileWalking_RightArmSwingsOppositeToLeftLeg" classname="PhysicsDrivenMovement.Tests.PlayMode.ArmAnimatorPlayModeTests" runstate="Runnable" seed="1151984107" result="Passed" start-time="2026-02-23 18:07:09Z" end-time="2026-02-23 18:07:12Z" duration="2.199628" asserts="0">
                <properties>
                  <property name="_JOINTYPE" value="UnityCombinatorial" />
                  <property name="retryIteration" value="0" />
                  <property name="repeatIteration" value="0" />
                </properties>
              </test-case>
            </test-suite>
            <test-suite type="TestFixture" id="1012" name="BalanceControllerIntegrationTests" fullname="PhysicsDrivenMovement.Tests.PlayMode.BalanceControllerIntegrationTests" classname="PhysicsDrivenMovement.Tests.PlayMode.BalanceControllerIntegrationTests" runstate="Runnable" testcasecount="10" result="Passed" start-time="2026-02-23 18:07:12Z" end-time="2026-02-23 18:07:49Z" duration="37.029569" total="10" passed="10" failed="0" inconclusive="0" skipped="0" asserts="0">
              <properties />
              <test-case id="1022" name="AfterLateralImpulse250N_UprightRestoredWithin150Frames" fullname="PhysicsDrivenMovement.Tests.PlayMode.BalanceControllerIntegrationTests.AfterLateralImpulse250N_UprightRestoredWithin150Frames" methodname="AfterLateralImpulse250N_UprightRestoredWithin150Frames" classname="PhysicsDrivenMovement.Tests.PlayMode.BalanceControllerIntegrationTests" runstate="Runnable" seed="732379182" result="Passed" start-time="2026-02-23 18:07:12Z" end-time="2026-02-23 18:07:14Z" duration="2.006954" asserts="0">
                <properties>
                  <property name="_JOINTYPE" value="UnityCombinatorial" />
                  <property name="retryIteration" value="0" />
                  <property name="repeatIteration" value="0" />
                </properties>
              </test-case>
              <test-case id="1013" name="Bug_GroundOnWrongLayer_CharacterFallsOver" fullname="PhysicsDrivenMovement.Tests.PlayMode.BalanceControllerIntegrationTests.Bug_GroundOnWrongLayer_CharacterFallsOver" methodname="Bug_GroundOnWrongLayer_CharacterFallsOver" classname="PhysicsDrivenMovement.Tests.PlayMode.BalanceControllerIntegrationTests" runstate="Runnable" seed="1882278548" result="Passed" start-time="2026-02-23 18:07:14Z" end-time="2026-02-23 18:07:16Z" duration="1.999016" asserts="0">
                <properties>
                  <property name="_JOINTYPE" value="UnityCombinatorial" />
                  <property name="retryIteration" value="0" />
                  <property name="repeatIteration" value="0" />
                </properties>
              </test-case>
              <test-case id="1019" name="GroundSensor_DetectsEnvironmentLayerGround" fullname="PhysicsDrivenMovement.Tests.PlayMode.BalanceControllerIntegrationTests.GroundSensor_DetectsEnvironmentLayerGround" methodname="GroundSensor_DetectsEnvironmentLayerGround" classname="PhysicsDrivenMovement.Tests.PlayMode.BalanceControllerIntegrationTests" runstate="Runnable" seed="1060046447" result="Passed" start-time="2026-02-23 18:07:16Z" end-time="2026-02-23 18:07:18Z" duration="2.000006" asserts="0">
                <properties>
                  <property name="_JOINTYPE" value="UnityCombinatorial" />
                  <property name="retryIteration" value="0" />
                  <property name="repeatIteration" value="0" />
                </properties>
              </test-case>
              <test-case id="1020" name="GroundSensor_DoesNotDetectWrongLayerGround" fullname="PhysicsDrivenMovement.Tests.PlayMode.BalanceControllerIntegrationTests.GroundSensor_DoesNotDetectWrongLayerGround" methodname="GroundSensor_DoesNotDetectWrongLayerGround" classname="PhysicsDrivenMovement.Tests.PlayMode.BalanceControllerIntegrationTests" runstate="Runnable" seed="1361919042" result="Passed" start-time="2026-02-23 18:07:18Z" end-time="2026-02-23 18:07:20Z" duration="1.999823" asserts="0">
                <properties>
                  <property name="_JOINTYPE" value="UnityCombinatorial" />
                  <property name="retryIteration" value="0" />
                  <property name="repeatIteration" value="0" />
                </properties>
              </test-case>
              <test-case id="1016" name="ModeratePush_SwaysButRecovers" fullname="PhysicsDrivenMovement.Tests.PlayMode.BalanceControllerIntegrationTests.ModeratePush_SwaysButRecovers" methodname="ModeratePush_SwaysButRecovers" classname="PhysicsDrivenMovement.Tests.PlayMode.BalanceControllerIntegrationTests" runstate="Runnable" seed="117858610" result="Passed" start-time="2026-02-23 18:07:20Z" end-time="2026-02-23 18:07:25Z" duration="5.000129" asserts="0">
                <properties>
                  <property name="_JOINTYPE" value="UnityCombinatorial" />
                  <property name="retryIteration" value="0" />
                  <property name="repeatIteration" value="0" />
                </properties>
              </test-case>
              <test-case id="1017" name="RepeatedSmallPushes_CharacterStaysStanding" fullname="PhysicsDrivenMovement.Tests.PlayMode.BalanceControllerIntegrationTests.RepeatedSmallPushes_CharacterStaysStanding" methodname="RepeatedSmallPushes_CharacterStaysStanding" classname="PhysicsDrivenMovement.Tests.PlayMode.BalanceControllerIntegrationTests" runstate="Runnable" seed="1181046596" result="Passed" start-time="2026-02-23 18:07:25Z" end-time="2026-02-23 18:07:32Z" duration="7.499490" asserts="0">
                <properties>
                  <property name="_JOINTYPE" value="UnityCombinatorial" />
                  <property name="retryIteration" value="0" />
                  <property name="repeatIteration" value="0" />
                </properties>
              </test-case>
              <test-case id="1021" name="SetFacingDirection_ThenPush_StillRecovers" fullname="PhysicsDrivenMovement.Tests.PlayMode.BalanceControllerIntegrationTests.SetFacingDirection_ThenPush_StillRecovers" methodname="SetFacingDirection_ThenPush_StillRecovers" classname="PhysicsDrivenMovement.Tests.PlayMode.BalanceControllerIntegrationTests" runstate="Runnable" seed="1381690942" result="Passed" start-time="2026-02-23 18:07:32Z" end-time="2026-02-23 18:07:38Z" duration="5.499425" asserts="0">
                <properties>
                  <property name="_JOINTYPE" value="UnityCombinatorial" />
                  <property name="retryIteration" value="0" />
                  <property name="repeatIteration" value="0" />
                </properties>
              </test-case>
              <test-case id="1015" name="SmallPush_CausesWobble_ThenRecovers" fullname="PhysicsDrivenMovement.Tests.PlayMode.BalanceControllerIntegrationTests.SmallPush_CausesWobble_ThenRecovers" methodname="SmallPush_CausesWobble_ThenRecovers" classname="PhysicsDrivenMovement.Tests.PlayMode.BalanceControllerIntegrationTests" runstate="Runnable" seed="1392188197" result="Passed" start-time="2026-02-23 18:07:38Z" end-time="2026-02-23 18:07:43Z" duration="5.010157" asserts="0">
                <properties>
                  <property name="_JOINTYPE" value="UnityCombinatorial" />
                  <property name="retryIteration" value="0" />
                  <property name="repeatIteration" value="0" />
                </properties>
              </test-case>
              <test-case id="1014" name="StandsUpright_OnCorrectLayerGround_TiltBelow25Degrees" fullname="PhysicsDrivenMovement.Tests.PlayMode.BalanceControllerIntegrationTests.StandsUpright_OnCorrectLayerGround_TiltBelow25Degrees" methodname="StandsUpright_OnCorrectLayerGround_TiltBelow25Degrees" classname="PhysicsDrivenMovement.Tests.PlayMode.BalanceControllerIntegrationTests" runstate="Runnable" seed="1861529263" result="Passed" start-time="2026-02-23 18:07:43Z" end-time="2026-02-23 18:07:45Z" duration="2.000091" asserts="0">
                <properties>
                  <property name="_JOINTYPE" value="UnityCombinatorial" />
                  <property name="retryIteration" value="0" />
                  <property name="repeatIteration" value="0" />
                </properties>
              </test-case>
              <test-case id="1018" name="StrongPush_KnocksCharacterDown" fullname="PhysicsDrivenMovement.Tests.PlayMode.BalanceControllerIntegrationTests.StrongPush_KnocksCharacterDown" methodname="StrongPush_KnocksCharacterDown" classname="PhysicsDrivenMovement.Tests.PlayMode.BalanceControllerIntegrationTests" runstate="Runnable" seed="1227938734" result="Passed" start-time="2026-02-23 18:07:45Z" end-time="2026-02-23 18:07:49Z" duration="4.009380" asserts="0">
                <properties>
                  <property name="_JOINTYPE" value="UnityCombinatorial" />
                  <property name="retryIteration" value="0" />
                  <property name="repeatIteration" value="0" />
                </properties>
              </test-case>
            </test-suite>
            <test-suite type="TestFixture" id="1023" name="BalanceControllerOptimizerTests" fullname="PhysicsDrivenMovement.Tests.PlayMode.BalanceControllerOptimizerTests" classname="PhysicsDrivenMovement.Tests.PlayMode.BalanceControllerOptimizerTests" runstate="Runnable" testcasecount="4" result="Skipped" label="Ignored" start-time="2026-02-23 18:07:49Z" end-time="2026-02-23 18:07:49Z" duration="0.001983" total="4" passed="0" failed="0" inconclusive="0" skipped="4" asserts="0">
              <properties />
              <reason>
                <message><![CDATA[One or more child tests were ignored]]></message>
              </reason>
              <test-case id="1027" name="BCOptimizer_ComStrengthSensitivity_LogsScorePerValue" fullname="PhysicsDrivenMovement.Tests.PlayMode.BalanceControllerOptimizerTests.BCOptimizer_ComStrengthSensitivity_LogsScorePerValue" methodname="BCOptimizer_ComStrengthSensitivity_LogsScorePerValue" classname="PhysicsDrivenMovement.Tests.PlayMode.BalanceControllerOptimizerTests" runstate="Ignored" seed="1832412301" result="Skipped" label="Ignored" start-time="2026-02-23 18:07:49Z" end-time="2026-02-23 18:07:49Z" duration="0.000245" asserts="0">
                <properties>
                  <property name="_JOINTYPE" value="UnityCombinatorial" />
                  <property name="Timeout" value="300000" />
                  <property name="_SKIPREASON" value="On-demand optimizer — excluded from standard CI run." />
                </properties>
                <reason>
                  <message><![CDATA[On-demand optimizer — excluded from standard CI run.]]></message>
                </reason>
              </test-case>
              <test-case id="1026" name="BCOptimizer_KDSensitivity_LogsScorePerValue" fullname="PhysicsDrivenMovement.Tests.PlayMode.BalanceControllerOptimizerTests.BCOptimizer_KDSensitivity_LogsScorePerValue" methodname="BCOptimizer_KDSensitivity_LogsScorePerValue" classname="PhysicsDrivenMovement.Tests.PlayMode.BalanceControllerOptimizerTests" runstate="Ignored" seed="845607087" result="Skipped" label="Ignored" start-time="2026-02-23 18:07:49Z" end-time="2026-02-23 18:07:49Z" duration="0.000003" asserts="0">
                <properties>
                  <property name="_JOINTYPE" value="UnityCombinatorial" />
                  <property name="Timeout" value="300000" />
                  <property name="_SKIPREASON" value="On-demand optimizer — excluded from standard CI run." />
                </properties>
                <reason>
                  <message><![CDATA[On-demand optimizer — excluded from standard CI run.]]></message>
                </reason>
              </test-case>
              <test-case id="1025" name="BCOptimizer_KPSensitivity_LogsScorePerValue" fullname="PhysicsDrivenMovement.Tests.PlayMode.BalanceControllerOptimizerTests.BCOptimizer_KPSensitivity_LogsScorePerValue" methodname="BCOptimizer_KPSensitivity_LogsScorePerValue" classname="PhysicsDrivenMovement.Tests.PlayMode.BalanceControllerOptimizerTests" runstate="Ignored" seed="954218866" result="Skipped" label="Ignored" start-time="2026-02-23 18:07:49Z" end-time="2026-02-23 18:07:49Z" duration="0.000002" asserts="0">
                <properties>
                  <property name="_JOINTYPE" value="UnityCombinatorial" />
                  <property name="Timeout" value="300000" />
                  <property name="_SKIPREASON" value="On-demand optimizer — excluded from standard CI run." />
                </properties>
                <reason>
                  <message><![CDATA[On-demand optimizer — excluded from standard CI run.]]></message>
                </reason>
              </test-case>
              <test-case id="1024" name="BCOptimizer_SweepUprightGains_WritesRankedReport" fullname="PhysicsDrivenMovement.Tests.PlayMode.BalanceControllerOptimizerTests.BCOptimizer_SweepUprightGains_WritesRankedReport" methodname="BCOptimizer_SweepUprightGains_WritesRankedReport" classname="PhysicsDrivenMovement.Tests.PlayMode.BalanceControllerOptimizerTests" runstate="Ignored" seed="1907752836" result="Skipped" label="Ignored" start-time="2026-02-23 18:07:49Z" end-time="2026-02-23 18:07:49Z" duration="0.000002" asserts="0">
                <properties>
                  <property name="_JOINTYPE" value="UnityCombinatorial" />
                  <property name="Timeout" value="600000" />
                  <property name="_SKIPREASON" value="On-demand optimizer — excluded from standard CI run. Run manually when tuning BC parameters." />
                </properties>
                <reason>
                  <message><![CDATA[On-demand optimizer — excluded from standard CI run. Run manually when tuning BC parameters.]]></message>
                </reason>
              </test-case>
            </test-suite>
            <test-suite type="TestFixture" id="1028" name="BalanceControllerTests" fullname="PhysicsDrivenMovement.Tests.PlayMode.BalanceControllerTests" classname="PhysicsDrivenMovement.Tests.PlayMode.BalanceControllerTests" runstate="Runnable" testcasecount="10" result="Passed" start-time="2026-02-23 18:07:49Z" end-time="2026-02-23 18:07:49Z" duration="0.137656" total="10" passed="10" failed="0" inconclusive="0" skipped="0" asserts="0">
              <properties />
              <test-case id="1038" name="FixedUpdate_WhenFallen_DoesNotApplyTorque" fullname="PhysicsDrivenMovement.Tests.PlayMode.BalanceControllerTests.FixedUpdate_WhenFallen_DoesNotApplyTorque" methodname="FixedUpdate_WhenFallen_DoesNotApplyTorque" classname="PhysicsDrivenMovement.Tests.PlayMode.BalanceControllerTests" runstate="Runnable" seed="663536667" result="Passed" start-time="2026-02-23 18:07:49Z" end-time="2026-02-23 18:07:49Z" duration="0.007524" asserts="0">
                <properties>
                  <property name="_JOINTYPE" value="UnityCombinatorial" />
                  <property name="retryIteration" value="0" />
                  <property name="repeatIteration" value="0" />
                </properties>
              </test-case>
              <test-case id="1037" name="FixedUpdate_WhenUprightAndTilted_AppliesCorrectionTorque" fullname="PhysicsDrivenMovement.Tests.PlayMode.BalanceControllerTests.FixedUpdate_WhenUprightAndTilted_AppliesCorrectionTorque" methodname="FixedUpdate_WhenUprightAndTilted_AppliesCorrectionTorque" classname="PhysicsDrivenMovement.Tests.PlayMode.BalanceControllerTests" runstate="Runnable" seed="2056322965" result="Passed" start-time="2026-02-23 18:07:49Z" end-time="2026-02-23 18:07:49Z" duration="0.027830" asserts="0">
                <properties>
                  <property name="_JOINTYPE" value="UnityCombinatorial" />
                  <property name="retryIteration" value="0" />
                  <property name="repeatIteration" value="0" />
                </properties>
              </test-case>
              <test-case id="1034" name="IsFallen_Hysteresis_HoldsBetweenEnterAndExitThresholds" fullname="PhysicsDrivenMovement.Tests.PlayMode.BalanceControllerTests.IsFallen_Hysteresis_HoldsBetweenEnterAndExitThresholds" methodname="IsFallen_Hysteresis_HoldsBetweenEnterAndExitThresholds" classname="PhysicsDrivenMovement.Tests.PlayMode.BalanceControllerTests" runstate="Runnable" seed="1602956017" result="Passed" start-time="2026-02-23 18:07:49Z" end-time="2026-02-23 18:07:49Z" duration="0.029774" asserts="0">
                <properties>
                  <property name="_JOINTYPE" value="UnityCombinatorial" />
                  <property name="retryIteration" value="0" />
                  <property name="repeatIteration" value="0" />
                </properties>
              </test-case>
              <test-case id="1033" name="IsFallen_WhenHipsTiltedAtThreshold_ReturnsFalse" fullname="PhysicsDrivenMovement.Tests.PlayMode.BalanceControllerTests.IsFallen_WhenHipsTiltedAtThreshold_ReturnsFalse" methodname="IsFallen_WhenHipsTiltedAtThreshold_ReturnsFalse" classname="PhysicsDrivenMovement.Tests.PlayMode.BalanceControllerTests" runstate="Runnable" seed="1340467154" result="Passed" start-time="2026-02-23 18:07:49Z" end-time="2026-02-23 18:07:49Z" duration="0.009792" asserts="0">
                <properties>
                  <property name="_JOINTYPE" value="UnityCombinatorial" />
                  <property name="retryIteration" value="0" />
                  <property name="repeatIteration" value="0" />
                </properties>
              </test-case>
              <test-case id="1032" name="IsFallen_WhenHipsTiltedBeyondThreshold_ReturnsTrue" fullname="PhysicsDrivenMovement.Tests.PlayMode.BalanceControllerTests.IsFallen_WhenHipsTiltedBeyondThreshold_ReturnsTrue" methodname="IsFallen_WhenHipsTiltedBeyondThreshold_ReturnsTrue" classname="PhysicsDrivenMovement.Tests.PlayMode.BalanceControllerTests" runstate="Runnable" seed="67676673" result="Passed" start-time="2026-02-23 18:07:49Z" end-time="2026-02-23 18:07:49Z" duration="0.009660" asserts="0">
                <properties>
                  <property name="_JOINTYPE" value="UnityCombinatorial" />
                  <property name="retryIteration" value="0" />
                  <property name="repeatIteration" value="0" />
                </properties>
              </test-case>
              <test-case id="1031" name="IsFallen_WhenHipsUpright_ReturnsFalse" fullname="PhysicsDrivenMovement.Tests.PlayMode.BalanceControllerTests.IsFallen_WhenHipsUpright_ReturnsFalse" methodname="IsFallen_WhenHipsUpright_ReturnsFalse" classname="PhysicsDrivenMovement.Tests.PlayMode.BalanceControllerTests" runstate="Runnable" seed="411010142" result="Passed" start-time="2026-02-23 18:07:49Z" end-time="2026-02-23 18:07:49Z" duration="0.009499" asserts="0">
                <properties>
                  <property name="_JOINTYPE" value="UnityCombinatorial" />
                  <property name="retryIteration" value="0" />
                  <property name="repeatIteration" value="0" />
                </properties>
              </test-case>
              <test-case id="1030" name="IsGrounded_WhenNoFootOnGround_ReturnsFalse" fullname="PhysicsDrivenMovement.Tests.PlayMode.BalanceControllerTests.IsGrounded_WhenNoFootOnGround_ReturnsFalse" methodname="IsGrounded_WhenNoFootOnGround_ReturnsFalse" classname="PhysicsDrivenMovement.Tests.PlayMode.BalanceControllerTests" runstate="Runnable" seed="1312563086" result="Passed" start-time="2026-02-23 18:07:49Z" end-time="2026-02-23 18:07:49Z" duration="0.010134" asserts="0">
                <properties>
                  <property name="_JOINTYPE" value="UnityCombinatorial" />
                  <property name="retryIteration" value="0" />
                  <property name="repeatIteration" value="0" />
                </properties>
              </test-case>
              <test-case id="1029" name="KP_DefaultValue_IsAtLeast2000" fullname="PhysicsDrivenMovement.Tests.PlayMode.BalanceControllerTests.KP_DefaultValue_IsAtLeast2000" methodname="KP_DefaultValue_IsAtLeast2000" classname="PhysicsDrivenMovement.Tests.PlayMode.BalanceControllerTests" runstate="Runnable" seed="1932358896" result="Passed" start-time="2026-02-23 18:07:49Z" end-time="2026-02-23 18:07:49Z" duration="0.009904" asserts="0">
                <properties>
                  <property name="_JOINTYPE" value="UnityCombinatorial" />
                  <property name="retryIteration" value="0" />
                  <property name="repeatIteration" value="0" />
                </properties>
              </test-case>
              <test-case id="1035" name="SetFacingDirection_WithValidDirection_DoesNotThrow" fullname="PhysicsDrivenMovement.Tests.PlayMode.BalanceControllerTests.SetFacingDirection_WithValidDirection_DoesNotThrow" methodname="SetFacingDirection_WithValidDirection_DoesNotThrow" classname="PhysicsDrivenMovement.Tests.PlayMode.BalanceControllerTests" runstate="Runnable" seed="2056088540" result="Passed" start-time="2026-02-23 18:07:49Z" end-time="2026-02-23 18:07:49Z" duration="0.010710" asserts="0">
                <properties>
                  <property name="_JOINTYPE" value="UnityCombinatorial" />
                  <property name="retryIteration" value="0" />
                  <property name="repeatIteration" value="0" />
                </properties>
              </test-case>
              <test-case id="1036" name="SetFacingDirection_WithZeroVector_IsIgnoredSafely" fullname="PhysicsDrivenMovement.Tests.PlayMode.BalanceControllerTests.SetFacingDirection_WithZeroVector_IsIgnoredSafely" methodname="SetFacingDirection_WithZeroVector_IsIgnoredSafely" classname="PhysicsDrivenMovement.Tests.PlayMode.BalanceControllerTests" runstate="Runnable" seed="2141111628" result="Passed" start-time="2026-02-23 18:07:49Z" end-time="2026-02-23 18:07:49Z" duration="0.008919" asserts="0">
                <properties>
                  <property name="_JOINTYPE" value="UnityCombinatorial" />
                  <property name="retryIteration" value="0" />
                  <property name="repeatIteration" value="0" />
                </properties>
              </test-case>
            </test-suite>
            <test-suite type="TestFixture" id="1039" name="BalanceControllerTurningTests" fullname="PhysicsDrivenMovement.Tests.PlayMode.BalanceControllerTurningTests" classname="PhysicsDrivenMovement.Tests.PlayMode.BalanceControllerTurningTests" runstate="Runnable" testcasecount="16" result="Passed" start-time="2026-02-23 18:07:49Z" end-time="2026-02-23 18:07:49Z" duration="0.629528" total="16" passed="16" failed="0" inconclusive="0" skipped="0" asserts="0">
              <properties />
              <test-case id="1044" name="AirborneMultiplier_DoesNotAffectYawTorque" fullname="PhysicsDrivenMovement.Tests.PlayMode.BalanceControllerTurningTests.AirborneMultiplier_DoesNotAffectYawTorque" methodname="AirborneMultiplier_DoesNotAffectYawTorque" classname="PhysicsDrivenMovement.Tests.PlayMode.BalanceControllerTurningTests" runstate="Runnable" seed="599282149" result="Passed" start-time="2026-02-23 18:07:49Z" end-time="2026-02-23 18:07:49Z" duration="0.056858" asserts="0">
                <properties>
                  <property name="_JOINTYPE" value="UnityCombinatorial" />
                  <property name="retryIteration" value="0" />
                  <property name="repeatIteration" value="0" />
                </properties>
              </test-case>
              <test-case id="1045" name="AirborneMultiplier_ReducesUprightTorqueWhenAirborne" fullname="PhysicsDrivenMovement.Tests.PlayMode.BalanceControllerTurningTests.AirborneMultiplier_ReducesUprightTorqueWhenAirborne" methodname="AirborneMultiplier_ReducesUprightTorqueWhenAirborne" classname="PhysicsDrivenMovement.Tests.PlayMode.BalanceControllerTurningTests" runstate="Runnable" seed="97155791" result="Passed" start-time="2026-02-23 18:07:49Z" end-time="2026-02-23 18:07:49Z" duration="0.059101" asserts="0">
                <properties>
                  <property name="_JOINTYPE" value="UnityCombinatorial" />
                  <property name="retryIteration" value="0" />
                  <property name="repeatIteration" value="0" />
                </properties>
              </test-case>
              <test-case id="1041" name="BalanceController_HasKDYawField" fullname="PhysicsDrivenMovement.Tests.PlayMode.BalanceControllerTurningTests.BalanceController_HasKDYawField" methodname="BalanceController_HasKDYawField" classname="PhysicsDrivenMovement.Tests.PlayMode.BalanceControllerTurningTests" runstate="Runnable" seed="690266815" result="Passed" start-time="2026-02-23 18:07:49Z" end-time="2026-02-23 18:07:49Z" duration="0.002500" asserts="0">
                <properties>
                  <property name="retryIteration" value="0" />
                  <property name="repeatIteration" value="0" />
                </properties>
              </test-case>
              <test-case id="1040" name="BalanceController_HasKPYawField" fullname="PhysicsDrivenMovement.Tests.PlayMode.BalanceControllerTurningTests.BalanceController_HasKPYawField" methodname="BalanceController_HasKPYawField" classname="PhysicsDrivenMovement.Tests.PlayMode.BalanceControllerTurningTests" runstate="Runnable" seed="1192808934" result="Passed" start-time="2026-02-23 18:07:49Z" end-time="2026-02-23 18:07:49Z" duration="0.000436" asserts="0">
                <properties>
                  <property name="retryIteration" value="0" />
                  <property name="repeatIteration" value="0" />
                </properties>
              </test-case>
              <test-case id="1049" name="BalanceController_HasYawDeadZoneDegField" fullname="PhysicsDrivenMovement.Tests.PlayMode.BalanceControllerTurningTests.BalanceController_HasYawDeadZoneDegField" methodname="BalanceController_HasYawDeadZoneDegField" classname="PhysicsDrivenMovement.Tests.PlayMode.BalanceControllerTurningTests" runstate="Runnable" seed="166033737" result="Passed" start-time="2026-02-23 18:07:49Z" end-time="2026-02-23 18:07:49Z" duration="0.000378" asserts="0">
                <properties>
                  <property name="retryIteration" value="0" />
                  <property name="repeatIteration" value="0" />
                </properties>
              </test-case>
              <test-case id="1047" name="Fallen_UprightTorqueStillApplied_AidsRecovery" fullname="PhysicsDrivenMovement.Tests.PlayMode.BalanceControllerTurningTests.Fallen_UprightTorqueStillApplied_AidsRecovery" methodname="Fallen_UprightTorqueStillApplied_AidsRecovery" classname="PhysicsDrivenMovement.Tests.PlayMode.BalanceControllerTurningTests" runstate="Runnable" seed="151480154" result="Passed" start-time="2026-02-23 18:07:49Z" end-time="2026-02-23 18:07:49Z" duration="0.026153" asserts="0">
                <properties>
                  <property name="_JOINTYPE" value="UnityCombinatorial" />
                  <property name="retryIteration" value="0" />
                  <property name="repeatIteration" value="0" />
                </properties>
              </test-case>
              <test-case id="1053" name="SetFacingDirection_NearDegenerateVector_ProducesNoNaN" fullname="PhysicsDrivenMovement.Tests.PlayMode.BalanceControllerTurningTests.SetFacingDirection_NearDegenerateVector_ProducesNoNaN" methodname="SetFacingDirection_NearDegenerateVector_ProducesNoNaN" classname="PhysicsDrivenMovement.Tests.PlayMode.BalanceControllerTurningTests" runstate="Runnable" seed="2007497774" result="Passed" start-time="2026-02-23 18:07:49Z" end-time="2026-02-23 18:07:49Z" duration="0.039722" asserts="0">
                <properties>
                  <property name="_JOINTYPE" value="UnityCombinatorial" />
                  <property name="retryIteration" value="0" />
                  <property name="repeatIteration" value="0" />
                </properties>
              </test-case>
              <test-case id="1054" name="SetFacingDirection_RapidAlternating_DoesNotCauseRunawaySpin" fullname="PhysicsDrivenMovement.Tests.PlayMode.BalanceControllerTurningTests.SetFacingDirection_RapidAlternating_DoesNotCauseRunawaySpin" methodname="SetFacingDirection_RapidAlternating_DoesNotCauseRunawaySpin" classname="PhysicsDrivenMovement.Tests.PlayMode.BalanceControllerTurningTests" runstate="Runnable" seed="581577399" result="Passed" start-time="2026-02-23 18:07:49Z" end-time="2026-02-23 18:07:49Z" duration="0.209692" asserts="0">
                <properties>
                  <property name="_JOINTYPE" value="UnityCombinatorial" />
                  <property name="retryIteration" value="0" />
                  <property name="repeatIteration" value="0" />
                </properties>
              </test-case>
              <test-case id="1052" name="SetFacingDirection_ZeroInput_RetainsLastValidFacing" fullname="PhysicsDrivenMovement.Tests.PlayMode.BalanceControllerTurningTests.SetFacingDirection_ZeroInput_RetainsLastValidFacing" methodname="SetFacingDirection_ZeroInput_RetainsLastValidFacing" classname="PhysicsDrivenMovement.Tests.PlayMode.BalanceControllerTurningTests" runstate="Runnable" seed="1347863472" result="Passed" start-time="2026-02-23 18:07:49Z" end-time="2026-02-23 18:07:49Z" duration="0.029528" asserts="0">
                <properties>
                  <property name="_JOINTYPE" value="UnityCombinatorial" />
                  <property name="retryIteration" value="0" />
                  <property name="repeatIteration" value="0" />
                </properties>
              </test-case>
              <test-case id="1048" name="SetFacingDirection_ZeroVector_IgnoredNoNaN_AfterTorqueSplit" fullname="PhysicsDrivenMovement.Tests.PlayMode.BalanceControllerTurningTests.SetFacingDirection_ZeroVector_IgnoredNoNaN_AfterTorqueSplit" methodname="SetFacingDirection_ZeroVector_IgnoredNoNaN_AfterTorqueSplit" classname="PhysicsDrivenMovement.Tests.PlayMode.BalanceControllerTurningTests" runstate="Runnable" seed="1778375384" result="Passed" start-time="2026-02-23 18:07:49Z" end-time="2026-02-23 18:07:49Z" duration="0.020476" asserts="0">
                <properties>
                  <property name="_JOINTYPE" value="UnityCombinatorial" />
                  <property name="retryIteration" value="0" />
                  <property name="repeatIteration" value="0" />
                </properties>
              </test-case>
              <test-case id="1046" name="SetGroundStateForTest_StillOverridesGroundAndFallenState" fullname="PhysicsDrivenMovement.Tests.PlayMode.BalanceControllerTurningTests.SetGroundStateForTest_StillOverridesGroundAndFallenState" methodname="SetGroundStateForTest_StillOverridesGroundAndFallenState" classname="PhysicsDrivenMovement.Tests.PlayMode.BalanceControllerTurningTests" runstate="Runnable" seed="347946840" result="Passed" start-time="2026-02-23 18:07:49Z" end-time="2026-02-23 18:07:49Z" duration="0.029274" asserts="0">
                <properties>
                  <property name="_JOINTYPE" value="UnityCombinatorial" />
                  <property name="retryIteration" value="0" />
                  <property name="repeatIteration" value="0" />
                </properties>
              </test-case>
              <test-case id="1043" name="UprightCorrection_WhenTiltedAndAlreadyFacingCorrectly_AppliesTorqueAroundPitchRollAxes" fullname="PhysicsDrivenMovement.Tests.PlayMode.BalanceControllerTurningTests.UprightCorrection_WhenTiltedAndAlreadyFacingCorrectly_AppliesTorqueAroundPitchRollAxes" methodname="UprightCorrection_WhenTiltedAndAlreadyFacingCorrectly_AppliesTorqueAroundPitchRollAxes" classname="PhysicsDrivenMovement.Tests.PlayMode.BalanceControllerTurningTests" runstate="Runnable" seed="1326815174" result="Passed" start-time="2026-02-23 18:07:49Z" end-time="2026-02-23 18:07:49Z" duration="0.029782" asserts="0">
                <properties>
                  <property name="_JOINTYPE" value="UnityCombinatorial" />
                  <property name="retryIteration" value="0" />
                  <property name="repeatIteration" value="0" />
                </properties>
              </test-case>
              <test-case id="1042" name="YawCorrection_WhenUprightAndFacingWrong_AppliesTorquePredominantlyAroundWorldY" fullname="PhysicsDrivenMovement.Tests.PlayMode.BalanceControllerTurningTests.YawCorrection_WhenUprightAndFacingWrong_AppliesTorquePredominantlyAroundWorldY" methodname="YawCorrection_WhenUprightAndFacingWrong_AppliesTorquePredominantlyAroundWorldY" classname="PhysicsDrivenMovement.Tests.PlayMode.BalanceControllerTurningTests" runstate="Runnable" seed="1566255995" result="Passed" start-time="2026-02-23 18:07:49Z" end-time="2026-02-23 18:07:49Z" duration="0.030013" asserts="0">
                <properties>
                  <property name="_JOINTYPE" value="UnityCombinatorial" />
                  <property name="retryIteration" value="0" />
                  <property name="repeatIteration" value="0" />
                </properties>
              </test-case>
              <test-case id="1051" name="YawTorque_OutsideDeadZone_IsStillApplied" fullname="PhysicsDrivenMovement.Tests.PlayMode.BalanceControllerTurningTests.YawTorque_OutsideDeadZone_IsStillApplied" methodname="YawTorque_OutsideDeadZone_IsStillApplied" classname="PhysicsDrivenMovement.Tests.PlayMode.BalanceControllerTurningTests" runstate="Runnable" seed="1752532701" result="Passed" start-time="2026-02-23 18:07:49Z" end-time="2026-02-23 18:07:49Z" duration="0.029687" asserts="0">
                <properties>
                  <property name="_JOINTYPE" value="UnityCombinatorial" />
                  <property name="retryIteration" value="0" />
                  <property name="repeatIteration" value="0" />
                </properties>
              </test-case>
              <test-case id="1055" name="YawTorque_WhenForwardProjectsNearZeroOnXZ_ProducesNoNaN" fullname="PhysicsDrivenMovement.Tests.PlayMode.BalanceControllerTurningTests.YawTorque_WhenForwardProjectsNearZeroOnXZ_ProducesNoNaN" methodname="YawTorque_WhenForwardProjectsNearZeroOnXZ_ProducesNoNaN" classname="PhysicsDrivenMovement.Tests.PlayMode.BalanceControllerTurningTests" runstate="Runnable" seed="1291866818" result="Passed" start-time="2026-02-23 18:07:49Z" end-time="2026-02-23 18:07:49Z" duration="0.029631" asserts="0">
                <properties>
                  <property name="_JOINTYPE" value="UnityCombinatorial" />
                  <property name="retryIteration" value="0" />
                  <property name="repeatIteration" value="0" />
                </properties>
              </test-case>
              <test-case id="1050" name="YawTorque_WithinDeadZone_IsNotApplied" fullname="PhysicsDrivenMovement.Tests.PlayMode.BalanceControllerTurningTests.YawTorque_WithinDeadZone_IsNotApplied" methodname="YawTorque_WithinDeadZone_IsNotApplied" classname="PhysicsDrivenMovement.Tests.PlayMode.BalanceControllerTurningTests" runstate="Runnable" seed="764642211" result="Passed" start-time="2026-02-23 18:07:49Z" end-time="2026-02-23 18:07:49Z" duration="0.030037" asserts="0">
                <properties>
                  <property name="_JOINTYPE" value="UnityCombinatorial" />
                  <property name="retryIteration" value="0" />
                  <property name="repeatIteration" value="0" />
                </properties>
              </test-case>
            </test-suite>
            <test-suite type="TestFixture" id="1056" name="CameraFollowTests" fullname="PhysicsDrivenMovement.Tests.PlayMode.CameraFollowTests" classname="PhysicsDrivenMovement.Tests.PlayMode.CameraFollowTests" runstate="Runnable" testcasecount="2" result="Passed" start-time="2026-02-23 18:07:49Z" end-time="2026-02-23 18:07:50Z" duration="0.779368" total="2" passed="2" failed="0" inconclusive="0" skipped="0" asserts="0">
              <properties />
              <test-case id="1058" name="DuringJump_CameraTracksUpwardMovement" fullname="PhysicsDrivenMovement.Tests.PlayMode.CameraFollowTests.DuringJump_CameraTracksUpwardMovement" methodname="DuringJump_CameraTracksUpwardMovement" classname="PhysicsDrivenMovement.Tests.PlayMode.CameraFollowTests" runstate="Runnable" seed="933094863" result="Passed" start-time="2026-02-23 18:07:49Z" end-time="2026-02-23 18:07:50Z" duration="0.681858" asserts="0">
                <properties>
                  <property name="_JOINTYPE" value="UnityCombinatorial" />
                  <property name="retryIteration" value="0" />
                  <property name="repeatIteration" value="0" />
                </properties>
              </test-case>
              <test-case id="1057" name="WithNullTarget_DoesNotThrow" fullname="PhysicsDrivenMovement.Tests.PlayMode.CameraFollowTests.WithNullTarget_DoesNotThrow" methodname="WithNullTarget_DoesNotThrow" classname="PhysicsDrivenMovement.Tests.PlayMode.CameraFollowTests" runstate="Runnable" seed="1574721016" result="Passed" start-time="2026-02-23 18:07:50Z" end-time="2026-02-23 18:07:50Z" duration="0.095306" asserts="0">
                <properties>
                  <property name="_JOINTYPE" value="UnityCombinatorial" />
                  <property name="retryIteration" value="0" />
                  <property name="repeatIteration" value="0" />
                </properties>
              </test-case>
            </test-suite>
            <test-suite type="TestFixture" id="1059" name="CharacterStateTests" fullname="PhysicsDrivenMovement.Tests.PlayMode.CharacterStateTests" classname="PhysicsDrivenMovement.Tests.PlayMode.CharacterStateTests" runstate="Runnable" testcasecount="12" result="Passed" start-time="2026-02-23 18:07:50Z" end-time="2026-02-23 18:07:50Z" duration="0.349574" total="12" passed="12" failed="0" inconclusive="0" skipped="0" asserts="0">
              <properties />
              <test-case id="1061" name="Awake_WhenComponentInitializes_CachesRequiredDependencies" fullname="PhysicsDrivenMovement.Tests.PlayMode.CharacterStateTests.Awake_WhenComponentInitializes_CachesRequiredDependencies" methodname="Awake_WhenComponentInitializes_CachesRequiredDependencies" classname="PhysicsDrivenMovement.Tests.PlayMode.CharacterStateTests" runstate="Runnable" seed="1696200791" result="Passed" start-time="2026-02-23 18:07:50Z" end-time="2026-02-23 18:07:50Z" duration="0.004066" asserts="0">
                <properties>
                  <property name="_JOINTYPE" value="UnityCombinatorial" />
                  <property name="retryIteration" value="0" />
                  <property name="repeatIteration" value="0" />
                </properties>
                <output><![CDATA[[BalanceController] 'CharacterState_TestRoot': no GroundSensor found in children. IsGrounded will always be false.
]]></output>
              </test-case>
              <test-case id="1060" name="Awake_WhenComponentInitializes_CurrentStateStartsStanding" fullname="PhysicsDrivenMovement.Tests.PlayMode.CharacterStateTests.Awake_WhenComponentInitializes_CurrentStateStartsStanding" methodname="Awake_WhenComponentInitializes_CurrentStateStartsStanding" classname="PhysicsDrivenMovement.Tests.PlayMode.CharacterStateTests" runstate="Runnable" seed="548169365" result="Passed" start-time="2026-02-23 18:07:50Z" end-time="2026-02-23 18:07:50Z" duration="0.003944" asserts="0">
                <properties>
                  <property name="_JOINTYPE" value="UnityCombinatorial" />
                  <property name="retryIteration" value="0" />
                  <property name="repeatIteration" value="0" />
                </properties>
                <output><![CDATA[[BalanceController] 'CharacterState_TestRoot': no GroundSensor found in children. IsGrounded will always be false.
]]></output>
              </test-case>
              <test-case id="1070" name="FixedUpdate_WhenEnteringGettingUp_AppliesSingleUpwardImpulse" fullname="PhysicsDrivenMovement.Tests.PlayMode.CharacterStateTests.FixedUpdate_WhenEnteringGettingUp_AppliesSingleUpwardImpulse" methodname="FixedUpdate_WhenEnteringGettingUp_AppliesSingleUpwardImpulse" classname="PhysicsDrivenMovement.Tests.PlayMode.CharacterStateTests" runstate="Runnable" seed="1870560551" result="Passed" start-time="2026-02-23 18:07:50Z" end-time="2026-02-23 18:07:50Z" duration="0.069519" asserts="0">
                <properties>
                  <property name="_JOINTYPE" value="UnityCombinatorial" />
                  <property name="retryIteration" value="0" />
                  <property name="repeatIteration" value="0" />
                </properties>
                <output><![CDATA[[BalanceController] 'CharacterState_TestRoot': no GroundSensor found in children. IsGrounded will always be false.
]]></output>
              </test-case>
              <test-case id="1068" name="FixedUpdate_WhenFallenGroundedBeforeDelay_RemainsFallen" fullname="PhysicsDrivenMovement.Tests.PlayMode.CharacterStateTests.FixedUpdate_WhenFallenGroundedBeforeDelay_RemainsFallen" methodname="FixedUpdate_WhenFallenGroundedBeforeDelay_RemainsFallen" classname="PhysicsDrivenMovement.Tests.PlayMode.CharacterStateTests" runstate="Runnable" seed="2058733998" result="Passed" start-time="2026-02-23 18:07:50Z" end-time="2026-02-23 18:07:50Z" duration="0.019066" asserts="0">
                <properties>
                  <property name="_JOINTYPE" value="UnityCombinatorial" />
                  <property name="retryIteration" value="0" />
                  <property name="repeatIteration" value="0" />
                </properties>
                <output><![CDATA[[BalanceController] 'CharacterState_TestRoot': no GroundSensor found in children. IsGrounded will always be false.
]]></output>
              </test-case>
              <test-case id="1069" name="FixedUpdate_WhenFallenGroundedPastDelayAndKnockout_TransitionsToGettingUp" fullname="PhysicsDrivenMovement.Tests.PlayMode.CharacterStateTests.FixedUpdate_WhenFallenGroundedPastDelayAndKnockout_TransitionsToGettingUp" methodname="FixedUpdate_WhenFallenGroundedPastDelayAndKnockout_TransitionsToGettingUp" classname="PhysicsDrivenMovement.Tests.PlayMode.CharacterStateTests" runstate="Runnable" seed="119386072" result="Passed" start-time="2026-02-23 18:07:50Z" end-time="2026-02-23 18:07:50Z" duration="0.069704" asserts="0">
                <properties>
                  <property name="_JOINTYPE" value="UnityCombinatorial" />
                  <property name="retryIteration" value="0" />
                  <property name="repeatIteration" value="0" />
                </properties>
                <output><![CDATA[[BalanceController] 'CharacterState_TestRoot': no GroundSensor found in children. IsGrounded will always be false.
]]></output>
              </test-case>
              <test-case id="1065" name="FixedUpdate_WhenFallenSignalTrue_TransitionsToFallen" fullname="PhysicsDrivenMovement.Tests.PlayMode.CharacterStateTests.FixedUpdate_WhenFallenSignalTrue_TransitionsToFallen" methodname="FixedUpdate_WhenFallenSignalTrue_TransitionsToFallen" classname="PhysicsDrivenMovement.Tests.PlayMode.CharacterStateTests" runstate="Runnable" seed="1941868424" result="Passed" start-time="2026-02-23 18:07:50Z" end-time="2026-02-23 18:07:50Z" duration="0.009906" asserts="0">
                <properties>
                  <property name="_JOINTYPE" value="UnityCombinatorial" />
                  <property name="retryIteration" value="0" />
                  <property name="repeatIteration" value="0" />
                </properties>
                <output><![CDATA[[BalanceController] 'CharacterState_TestRoot': no GroundSensor found in children. IsGrounded will always be false.
]]></output>
              </test-case>
              <test-case id="1071" name="FixedUpdate_WhenGettingUpExceedsTimeout_TransitionsToStanding" fullname="PhysicsDrivenMovement.Tests.PlayMode.CharacterStateTests.FixedUpdate_WhenGettingUpExceedsTimeout_TransitionsToStanding" methodname="FixedUpdate_WhenGettingUpExceedsTimeout_TransitionsToStanding" classname="PhysicsDrivenMovement.Tests.PlayMode.CharacterStateTests" runstate="Runnable" seed="968382386" result="Passed" start-time="2026-02-23 18:07:50Z" end-time="2026-02-23 18:07:50Z" duration="0.069768" asserts="0">
                <properties>
                  <property name="_JOINTYPE" value="UnityCombinatorial" />
                  <property name="retryIteration" value="0" />
                  <property name="repeatIteration" value="0" />
                </properties>
                <output><![CDATA[[BalanceController] 'CharacterState_TestRoot': no GroundSensor found in children. IsGrounded will always be false.
]]></output>
              </test-case>
              <test-case id="1062" name="FixedUpdate_WhenGroundedAndMoveInputExceedsEnterThreshold_TransitionsStandingToMoving" fullname="PhysicsDrivenMovement.Tests.PlayMode.CharacterStateTests.FixedUpdate_WhenGroundedAndMoveInputExceedsEnterThreshold_TransitionsStandingToMoving" methodname="FixedUpdate_WhenGroundedAndMoveInputExceedsEnterThreshold_TransitionsStandingToMoving" classname="PhysicsDrivenMovement.Tests.PlayMode.CharacterStateTests" runstate="Runnable" seed="1868357346" result="Passed" start-time="2026-02-23 18:07:50Z" end-time="2026-02-23 18:07:50Z" duration="0.009821" asserts="0">
                <properties>
                  <property name="_JOINTYPE" value="UnityCombinatorial" />
                  <property name="retryIteration" value="0" />
                  <property name="repeatIteration" value="0" />
                </properties>
                <output><![CDATA[[BalanceController] 'CharacterState_TestRoot': no GroundSensor found in children. IsGrounded will always be false.
]]></output>
              </test-case>
              <test-case id="1064" name="FixedUpdate_WhenGroundedSignalLost_TransitionsToAirborne" fullname="PhysicsDrivenMovement.Tests.PlayMode.CharacterStateTests.FixedUpdate_WhenGroundedSignalLost_TransitionsToAirborne" methodname="FixedUpdate_WhenGroundedSignalLost_TransitionsToAirborne" classname="PhysicsDrivenMovement.Tests.PlayMode.CharacterStateTests" runstate="Runnable" seed="1089711639" result="Passed" start-time="2026-02-23 18:07:50Z" end-time="2026-02-23 18:07:50Z" duration="0.009683" asserts="0">
                <properties>
                  <property name="_JOINTYPE" value="UnityCombinatorial" />
                  <property name="retryIteration" value="0" />
                  <property name="repeatIteration" value="0" />
                </properties>
                <output><![CDATA[[BalanceController] 'CharacterState_TestRoot': no GroundSensor found in children. IsGrounded will always be false.
]]></output>
              </test-case>
              <test-case id="1063" name="FixedUpdate_WhenMovingAndMoveInputDropsBelowExitThreshold_TransitionsMovingToStanding" fullname="PhysicsDrivenMovement.Tests.PlayMode.CharacterStateTests.FixedUpdate_WhenMovingAndMoveInputDropsBelowExitThreshold_TransitionsMovingToStanding" methodname="FixedUpdate_WhenMovingAndMoveInputDropsBelowExitThreshold_TransitionsMovingToStanding" classname="PhysicsDrivenMovement.Tests.PlayMode.CharacterStateTests" runstate="Runnable" seed="1206454174" result="Passed" start-time="2026-02-23 18:07:50Z" end-time="2026-02-23 18:07:50Z" duration="0.020020" asserts="0">
                <properties>
                  <property name="_JOINTYPE" value="UnityCombinatorial" />
                  <property name="retryIteration" value="0" />
                  <property name="repeatIteration" value="0" />
                </properties>
                <output><![CDATA[[BalanceController] 'CharacterState_TestRoot': no GroundSensor found in children. IsGrounded will always be false.
]]></output>
              </test-case>
              <test-case id="1066" name="FixedUpdate_WhenRecoveredFromFallenAndGroundedBeforeTimer_StaysFallen" fullname="PhysicsDrivenMovement.Tests.PlayMode.CharacterStateTests.FixedUpdate_WhenRecoveredFromFallenAndGroundedBeforeTimer_StaysFallen" methodname="FixedUpdate_WhenRecoveredFromFallenAndGroundedBeforeTimer_StaysFallen" classname="PhysicsDrivenMovement.Tests.PlayMode.CharacterStateTests" runstate="Runnable" seed="2019109992" result="Passed" start-time="2026-02-23 18:07:50Z" end-time="2026-02-23 18:07:50Z" duration="0.019870" asserts="0">
                <properties>
                  <property name="_JOINTYPE" value="UnityCombinatorial" />
                  <property name="retryIteration" value="0" />
                  <property name="repeatIteration" value="0" />
                </properties>
                <output><![CDATA[[BalanceController] 'CharacterState_TestRoot': no GroundSensor found in children. IsGrounded will always be false.
]]></output>
              </test-case>
              <test-case id="1067" name="FixedUpdate_WhenStateUnchanged_OnStateChangedFiresOnlyForActualChanges" fullname="PhysicsDrivenMovement.Tests.PlayMode.CharacterStateTests.FixedUpdate_WhenStateUnchanged_OnStateChangedFiresOnlyForActualChanges" methodname="FixedUpdate_WhenStateUnchanged_OnStateChangedFiresOnlyForActualChanges" classname="PhysicsDrivenMovement.Tests.PlayMode.CharacterStateTests" runstate="Runnable" seed="320261551" result="Passed" start-time="2026-02-23 18:07:50Z" end-time="2026-02-23 18:07:50Z" duration="0.039438" asserts="0">
                <properties>
                  <property name="_JOINTYPE" value="UnityCombinatorial" />
                  <property name="retryIteration" value="0" />
                  <property name="repeatIteration" value="0" />
                </properties>
                <output><![CDATA[[BalanceController] 'CharacterState_TestRoot': no GroundSensor found in children. IsGrounded will always be false.
]]></output>
              </test-case>
            </test-suite>
            <test-suite type="TestFixture" id="1072" name="FullStackSanityTests" fullname="PhysicsDrivenMovement.Tests.PlayMode.FullStackSanityTests" classname="PhysicsDrivenMovement.Tests.PlayMode.FullStackSanityTests" runstate="Runnable" testcasecount="1" result="Passed" start-time="2026-02-23 18:07:50Z" end-time="2026-02-23 18:07:54Z" duration="4.000470" total="1" passed="1" failed="0" inconclusive="0" skipped="0" asserts="0">
              <properties />
              <test-case id="1073" name="FullStack_MixedInputLocomotion_NoNaNOrInfInAnyRigidbody" fullname="PhysicsDrivenMovement.Tests.PlayMode.FullStackSanityTests.FullStack_MixedInputLocomotion_NoNaNOrInfInAnyRigidbody" methodname="FullStack_MixedInputLocomotion_NoNaNOrInfInAnyRigidbody" classname="PhysicsDrivenMovement.Tests.PlayMode.FullStackSanityTests" runstate="Runnable" seed="581729659" result="Passed" start-time="2026-02-23 18:07:50Z" end-time="2026-02-23 18:07:54Z" duration="3.998767" asserts="0">
                <properties>
                  <property name="_JOINTYPE" value="UnityCombinatorial" />
                  <property name="retryIteration" value="0" />
                  <property name="repeatIteration" value="0" />
                </properties>
              </test-case>
            </test-suite>
            <test-suite type="TestFixture" id="1074" name="GaitOptimizerTests" fullname="PhysicsDrivenMovement.Tests.PlayMode.GaitOptimizerTests" classname="PhysicsDrivenMovement.Tests.PlayMode.GaitOptimizerTests" runstate="Runnable" testcasecount="4" result="Skipped" label="Ignored" start-time="2026-02-23 18:07:54Z" end-time="2026-02-23 18:07:54Z" duration="0.001559" total="4" passed="0" failed="0" inconclusive="0" skipped="4" asserts="0">
              <properties />
              <reason>
                <message><![CDATA[One or more child tests were ignored]]></message>
              </reason>
              <test-case id="1077" name="GaitOptimizer_KPYawSensitivity_LogsDisplacementPerValue" fullname="PhysicsDrivenMovement.Tests.PlayMode.GaitOptimizerTests.GaitOptimizer_KPYawSensitivity_LogsDisplacementPerValue" methodname="GaitOptimizer_KPYawSensitivity_LogsDisplacementPerValue" classname="PhysicsDrivenMovement.Tests.PlayMode.GaitOptimizerTests" runstate="Ignored" seed="1997988224" result="Skipped" label="Ignored" start-time="2026-02-23 18:07:54Z" end-time="2026-02-23 18:07:54Z" duration="0.000013" asserts="0">
                <properties>
                  <property name="_JOINTYPE" value="UnityCombinatorial" />
                  <property name="Timeout" value="300000" />
                  <property name="_SKIPREASON" value="On-demand optimizer — excluded from standard CI run." />
                </properties>
                <reason>
                  <message><![CDATA[On-demand optimizer — excluded from standard CI run.]]></message>
                </reason>
              </test-case>
              <test-case id="1078" name="GaitOptimizer_StepAngleSensitivity_LogsDisplacementPerValue" fullname="PhysicsDrivenMovement.Tests.PlayMode.GaitOptimizerTests.GaitOptimizer_StepAngleSensitivity_LogsDisplacementPerValue" methodname="GaitOptimizer_StepAngleSensitivity_LogsDisplacementPerValue" classname="PhysicsDrivenMovement.Tests.PlayMode.GaitOptimizerTests" runstate="Ignored" seed="980393339" result="Skipped" label="Ignored" start-time="2026-02-23 18:07:54Z" end-time="2026-02-23 18:07:54Z" duration="0.000002" asserts="0">
                <properties>
                  <property name="_JOINTYPE" value="UnityCombinatorial" />
                  <property name="Timeout" value="300000" />
                  <property name="_SKIPREASON" value="On-demand optimizer — excluded from standard CI run." />
                </properties>
                <reason>
                  <message><![CDATA[On-demand optimizer — excluded from standard CI run.]]></message>
                </reason>
              </test-case>
              <test-case id="1076" name="GaitOptimizer_SweepParameters_Overnight_FullGrid" fullname="PhysicsDrivenMovement.Tests.PlayMode.GaitOptimizerTests.GaitOptimizer_SweepParameters_Overnight_FullGrid" methodname="GaitOptimizer_SweepParameters_Overnight_FullGrid" classname="PhysicsDrivenMovement.Tests.PlayMode.GaitOptimizerTests" runstate="Ignored" seed="1658424884" result="Skipped" label="Ignored" start-time="2026-02-23 18:07:54Z" end-time="2026-02-23 18:07:54Z" duration="0.000002" asserts="0">
                <properties>
                  <property name="_JOINTYPE" value="UnityCombinatorial" />
                  <property name="Timeout" value="10800000" />
                  <property name="_SKIPREASON" value="On-demand optimizer — excluded from standard CI run. Overnight sweep only." />
                </properties>
                <reason>
                  <message><![CDATA[On-demand optimizer — excluded from standard CI run. Overnight sweep only.]]></message>
                </reason>
              </test-case>
              <test-case id="1075" name="GaitOptimizer_SweepParameters_WritesRankedReport" fullname="PhysicsDrivenMovement.Tests.PlayMode.GaitOptimizerTests.GaitOptimizer_SweepParameters_WritesRankedReport" methodname="GaitOptimizer_SweepParameters_WritesRankedReport" classname="PhysicsDrivenMovement.Tests.PlayMode.GaitOptimizerTests" runstate="Ignored" seed="1925397798" result="Skipped" label="Ignored" start-time="2026-02-23 18:07:54Z" end-time="2026-02-23 18:07:54Z" duration="0.000002" asserts="0">
                <properties>
                  <property name="_JOINTYPE" value="UnityCombinatorial" />
                  <property name="Timeout" value="900000" />
                  <property name="_SKIPREASON" value="On-demand optimizer — excluded from standard CI run. Run manually when tuning gait parameters." />
                </properties>
                <reason>
                  <message><![CDATA[On-demand optimizer — excluded from standard CI run. Run manually when tuning gait parameters.]]></message>
                </reason>
              </test-case>
            </test-suite>
            <test-suite type="TestFixture" id="1079" name="GaitOutcomeTests" fullname="PhysicsDrivenMovement.Tests.PlayMode.GaitOutcomeTests" classname="PhysicsDrivenMovement.Tests.PlayMode.GaitOutcomeTests" runstate="Runnable" testcasecount="4" result="Passed" start-time="2026-02-23 18:07:54Z" end-time="2026-02-23 18:08:14Z" duration="19.642728" total="4" passed="4" failed="0" inconclusive="0" skipped="0" asserts="0">
              <properties />
              <test-case id="1080" name="AfterStart_LegJointSprings_AreNonZero" fullname="PhysicsDrivenMovement.Tests.PlayMode.GaitOutcomeTests.AfterStart_LegJointSprings_AreNonZero" methodname="AfterStart_LegJointSprings_AreNonZero" classname="PhysicsDrivenMovement.Tests.PlayMode.GaitOutcomeTests" runstate="Runnable" seed="541498794" result="Passed" start-time="2026-02-23 18:07:54Z" end-time="2026-02-23 18:07:56Z" duration="1.167494" asserts="0">
                <properties>
                  <property name="_JOINTYPE" value="UnityCombinatorial" />
                  <property name="retryIteration" value="0" />
                  <property name="repeatIteration" value="0" />
                </properties>
                <output><![CDATA[[GameSettings] Physics configured: fixedDeltaTime=0.009999993, solverIterations=12, velocityIterations=4
]]></output>
              </test-case>
              <test-case id="1081" name="HoldingMoveInput_For5Seconds_CharacterMovesForward" fullname="PhysicsDrivenMovement.Tests.PlayMode.GaitOutcomeTests.HoldingMoveInput_For5Seconds_CharacterMovesForward" methodname="HoldingMoveInput_For5Seconds_CharacterMovesForward" classname="PhysicsDrivenMovement.Tests.PlayMode.GaitOutcomeTests" runstate="Runnable" seed="364430724" result="Passed" start-time="2026-02-23 18:07:56Z" end-time="2026-02-23 18:08:02Z" duration="6.160420" asserts="0">
                <properties>
                  <property name="_JOINTYPE" value="UnityCombinatorial" />
                  <property name="retryIteration" value="0" />
                  <property name="repeatIteration" value="0" />
                </properties>
                <output><![CDATA[[GameSettings] Physics configured: fixedDeltaTime=0.009999993, solverIterations=12, velocityIterations=4
]]></output>
              </test-case>
              <test-case id="1083" name="HoldingMoveInput_For5Seconds_LegsAlternate_NotBothPeakingTogether" fullname="PhysicsDrivenMovement.Tests.PlayMode.GaitOutcomeTests.HoldingMoveInput_For5Seconds_LegsAlternate_NotBothPeakingTogether" methodname="HoldingMoveInput_For5Seconds_LegsAlternate_NotBothPeakingTogether" classname="PhysicsDrivenMovement.Tests.PlayMode.GaitOutcomeTests" runstate="Runnable" seed="1618043713" result="Passed" start-time="2026-02-23 18:08:02Z" end-time="2026-02-23 18:08:08Z" duration="6.153078" asserts="0">
                <properties>
                  <property name="_JOINTYPE" value="UnityCombinatorial" />
                  <property name="retryIteration" value="0" />
                  <property name="repeatIteration" value="0" />
                </properties>
                <output><![CDATA[[GameSettings] Physics configured: fixedDeltaTime=0.009999993, solverIterations=12, velocityIterations=4
]]></output>
              </test-case>
              <test-case id="1082" name="HoldingMoveInput_For5Seconds_UpperLegsActuallyRotate" fullname="PhysicsDrivenMovement.Tests.PlayMode.GaitOutcomeTests.HoldingMoveInput_For5Seconds_UpperLegsActuallyRotate" methodname="HoldingMoveInput_For5Seconds_UpperLegsActuallyRotate" classname="PhysicsDrivenMovement.Tests.PlayMode.GaitOutcomeTests" runstate="Runnable" seed="1083969682" result="Passed" start-time="2026-02-23 18:08:08Z" end-time="2026-02-23 18:08:14Z" duration="6.159665" asserts="0">
                <properties>
                  <property name="_JOINTYPE" value="UnityCombinatorial" />
                  <property name="retryIteration" value="0" />
                  <property name="repeatIteration" value="0" />
                </properties>
                <output><![CDATA[[GameSettings] Physics configured: fixedDeltaTime=0.009999993, solverIterations=12, velocityIterations=4
]]></output>
              </test-case>
            </test-suite>
            <test-suite type="TestFixture" id="1084" name="GetUpReliabilityTests" fullname="PhysicsDrivenMovement.Tests.PlayMode.GetUpReliabilityTests" classname="PhysicsDrivenMovement.Tests.PlayMode.GetUpReliabilityTests" runstate="Runnable" testcasecount="3" result="Skipped" label="Ignored" start-time="2026-02-23 18:08:14Z" end-time="2026-02-23 18:08:14Z" duration="0.001461" total="3" passed="0" failed="0" inconclusive="0" skipped="3" asserts="0">
              <properties />
              <reason>
                <message><![CDATA[One or more child tests were ignored]]></message>
              </reason>
              <test-case id="1087" name="AfterFallingBackward_CharacterRecoversToStandingWithinTimeout" fullname="PhysicsDrivenMovement.Tests.PlayMode.GetUpReliabilityTests.AfterFallingBackward_CharacterRecoversToStandingWithinTimeout" methodname="AfterFallingBackward_CharacterRecoversToStandingWithinTimeout" classname="PhysicsDrivenMovement.Tests.PlayMode.GetUpReliabilityTests" runstate="Ignored" seed="1894888180" result="Skipped" label="Ignored" start-time="2026-02-23 18:08:14Z" end-time="2026-02-23 18:08:14Z" duration="0.000004" asserts="0">
                <properties>
                  <property name="_JOINTYPE" value="UnityCombinatorial" />
                  <property name="_SKIPREASON" value="Requires a full ragdoll hierarchy. See AfterFallingLeft for details." />
                </properties>
                <reason>
                  <message><![CDATA[Requires a full ragdoll hierarchy. See AfterFallingLeft for details.]]></message>
                </reason>
              </test-case>
              <test-case id="1085" name="AfterFallingLeft_CharacterRecoversToStandingWithinTimeout" fullname="PhysicsDrivenMovement.Tests.PlayMode.GetUpReliabilityTests.AfterFallingLeft_CharacterRecoversToStandingWithinTimeout" methodname="AfterFallingLeft_CharacterRecoversToStandingWithinTimeout" classname="PhysicsDrivenMovement.Tests.PlayMode.GetUpReliabilityTests" runstate="Ignored" seed="2009445391" result="Skipped" label="Ignored" start-time="2026-02-23 18:08:14Z" end-time="2026-02-23 18:08:14Z" duration="0.000002" asserts="0">
                <properties>
                  <property name="_JOINTYPE" value="UnityCombinatorial" />
                  <property name="_SKIPREASON" value="Requires a full ragdoll hierarchy to register hips tilt for BalanceController.IsFallen. Synthetic single-Rigidbody rig cannot produce valid fallen state. TODO: rewrite using Arena_01 scene like GaitOutcomeTests." />
                </properties>
                <reason>
                  <message><![CDATA[Requires a full ragdoll hierarchy to register hips tilt for BalanceController.IsFallen. Synthetic single-Rigidbody rig cannot produce valid fallen state. TODO: rewrite using Arena_01 scene like GaitOutcomeTests.]]></message>
                </reason>
              </test-case>
              <test-case id="1086" name="AfterFallingRight_CharacterRecoversToStandingWithinTimeout" fullname="PhysicsDrivenMovement.Tests.PlayMode.GetUpReliabilityTests.AfterFallingRight_CharacterRecoversToStandingWithinTimeout" methodname="AfterFallingRight_CharacterRecoversToStandingWithinTimeout" classname="PhysicsDrivenMovement.Tests.PlayMode.GetUpReliabilityTests" runstate="Ignored" seed="227888126" result="Skipped" label="Ignored" start-time="2026-02-23 18:08:14Z" end-time="2026-02-23 18:08:14Z" duration="0.000002" asserts="0">
                <properties>
                  <property name="_JOINTYPE" value="UnityCombinatorial" />
                  <property name="_SKIPREASON" value="Requires a full ragdoll hierarchy. See AfterFallingLeft for details." />
                </properties>
                <reason>
                  <message><![CDATA[Requires a full ragdoll hierarchy. See AfterFallingLeft for details.]]></message>
                </reason>
              </test-case>
            </test-suite>
            <test-suite type="TestFixture" id="1088" name="JumpTests" fullname="PhysicsDrivenMovement.Tests.PlayMode.JumpTests" classname="PhysicsDrivenMovement.Tests.PlayMode.JumpTests" runstate="Runnable" testcasecount="7" result="Passed" start-time="2026-02-23 18:08:14Z" end-time="2026-02-23 18:08:14Z" duration="0.177977" total="7" passed="7" failed="0" inconclusive="0" skipped="0" asserts="0">
              <properties />
              <test-case id="1095" name="Jump_HeldDuringFallen_DoesNotFireOnGetUp" fullname="PhysicsDrivenMovement.Tests.PlayMode.JumpTests.Jump_HeldDuringFallen_DoesNotFireOnGetUp" methodname="Jump_HeldDuringFallen_DoesNotFireOnGetUp" classname="PhysicsDrivenMovement.Tests.PlayMode.JumpTests" runstate="Runnable" seed="1622869404" result="Passed" start-time="2026-02-23 18:08:14Z" end-time="2026-02-23 18:08:14Z" duration="0.106487" asserts="0">
                <properties>
                  <property name="_JOINTYPE" value="UnityCombinatorial" />
                  <property name="retryIteration" value="0" />
                  <property name="repeatIteration" value="0" />
                </properties>
                <output><![CDATA[[BalanceController] 'Jump_TestRoot': no GroundSensor found in children. IsGrounded will always be false.
]]></output>
              </test-case>
              <test-case id="1092" name="Jump_WhenAirborne_DoesNotApplyImpulse" fullname="PhysicsDrivenMovement.Tests.PlayMode.JumpTests.Jump_WhenAirborne_DoesNotApplyImpulse" methodname="Jump_WhenAirborne_DoesNotApplyImpulse" classname="PhysicsDrivenMovement.Tests.PlayMode.JumpTests" runstate="Runnable" seed="140428974" result="Passed" start-time="2026-02-23 18:08:14Z" end-time="2026-02-23 18:08:14Z" duration="0.009856" asserts="0">
                <properties>
                  <property name="_JOINTYPE" value="UnityCombinatorial" />
                  <property name="retryIteration" value="0" />
                  <property name="repeatIteration" value="0" />
                </properties>
                <output><![CDATA[[BalanceController] 'Jump_TestRoot': no GroundSensor found in children. IsGrounded will always be false.
]]></output>
              </test-case>
              <test-case id="1091" name="Jump_WhenFallen_DoesNotApplyImpulse" fullname="PhysicsDrivenMovement.Tests.PlayMode.JumpTests.Jump_WhenFallen_DoesNotApplyImpulse" methodname="Jump_WhenFallen_DoesNotApplyImpulse" classname="PhysicsDrivenMovement.Tests.PlayMode.JumpTests" runstate="Runnable" seed="214200330" result="Passed" start-time="2026-02-23 18:08:14Z" end-time="2026-02-23 18:08:14Z" duration="0.009911" asserts="0">
                <properties>
                  <property name="_JOINTYPE" value="UnityCombinatorial" />
                  <property name="retryIteration" value="0" />
                  <property name="repeatIteration" value="0" />
                </properties>
                <output><![CDATA[[BalanceController] 'Jump_TestRoot': no GroundSensor found in children. IsGrounded will always be false.
]]></output>
              </test-case>
              <test-case id="1093" name="Jump_WhenHeldForSecondFrame_DoesNotFireAgain" fullname="PhysicsDrivenMovement.Tests.PlayMode.JumpTests.Jump_WhenHeldForSecondFrame_DoesNotFireAgain" methodname="Jump_WhenHeldForSecondFrame_DoesNotFireAgain" classname="PhysicsDrivenMovement.Tests.PlayMode.JumpTests" runstate="Runnable" seed="1406963132" result="Passed" start-time="2026-02-23 18:08:14Z" end-time="2026-02-23 18:08:14Z" duration="0.019688" asserts="0">
                <properties>
                  <property name="_JOINTYPE" value="UnityCombinatorial" />
                  <property name="retryIteration" value="0" />
                  <property name="repeatIteration" value="0" />
                </properties>
[...]
                <properties>
                  <property name="_JOINTYPE" value="UnityCombinatorial" />
                </properties>
                <test-case id="1166" name="CameraRelativeMovement_AtAllCardinalYawAngles_CharacterMovesInCorrectDirection(0)" fullname="PhysicsDrivenMovement.Tests.PlayMode.PlayerMovementTests.CameraRelativeMovement_AtAllCardinalYawAngles_CharacterMovesInCorrectDirection(0)" methodname="CameraRelativeMovement_AtAllCardinalYawAngles_CharacterMovesInCorrectDirection" classname="PhysicsDrivenMovement.Tests.PlayMode.PlayerMovementTests" runstate="Runnable" seed="219026755" result="Passed" start-time="2026-02-23 18:08:28Z" end-time="2026-02-23 18:08:30Z" duration="1.998332" asserts="0">
                  <properties>
                    <property name="retryIteration" value="0" />
                    <property name="repeatIteration" value="0" />
                  </properties>
                  <output><![CDATA[[BalanceController] 'TestHips': no GroundSensor found in children. IsGrounded will always be false.
]]></output>
                </test-case>
                <test-case id="1167" name="CameraRelativeMovement_AtAllCardinalYawAngles_CharacterMovesInCorrectDirection(90)" fullname="PhysicsDrivenMovement.Tests.PlayMode.PlayerMovementTests.CameraRelativeMovement_AtAllCardinalYawAngles_CharacterMovesInCorrectDirection(90)" methodname="CameraRelativeMovement_AtAllCardinalYawAngles_CharacterMovesInCorrectDirection" classname="PhysicsDrivenMovement.Tests.PlayMode.PlayerMovementTests" runstate="Runnable" seed="1445789088" result="Passed" start-time="2026-02-23 18:08:30Z" end-time="2026-02-23 18:08:32Z" duration="1.999501" asserts="0">
                  <properties>
                    <property name="retryIteration" value="0" />
                    <property name="repeatIteration" value="0" />
                  </properties>
                  <output><![CDATA[[BalanceController] 'TestHips': no GroundSensor found in children. IsGrounded will always be false.
]]></output>
                </test-case>
                <test-case id="1168" name="CameraRelativeMovement_AtAllCardinalYawAngles_CharacterMovesInCorrectDirection(180)" fullname="PhysicsDrivenMovement.Tests.PlayMode.PlayerMovementTests.CameraRelativeMovement_AtAllCardinalYawAngles_CharacterMovesInCorrectDirection(180)" methodname="CameraRelativeMovement_AtAllCardinalYawAngles_CharacterMovesInCorrectDirection" classname="PhysicsDrivenMovement.Tests.PlayMode.PlayerMovementTests" runstate="Runnable" seed="451009039" result="Passed" start-time="2026-02-23 18:08:32Z" end-time="2026-02-23 18:08:34Z" duration="2.000139" asserts="0">
                  <properties>
                    <property name="retryIteration" value="0" />
                    <property name="repeatIteration" value="0" />
                  </properties>
                  <output><![CDATA[[BalanceController] 'TestHips': no GroundSensor found in children. IsGrounded will always be false.
]]></output>
                </test-case>
                <test-case id="1169" name="CameraRelativeMovement_AtAllCardinalYawAngles_CharacterMovesInCorrectDirection(270)" fullname="PhysicsDrivenMovement.Tests.PlayMode.PlayerMovementTests.CameraRelativeMovement_AtAllCardinalYawAngles_CharacterMovesInCorrectDirection(270)" methodname="CameraRelativeMovement_AtAllCardinalYawAngles_CharacterMovesInCorrectDirection" classname="PhysicsDrivenMovement.Tests.PlayMode.PlayerMovementTests" runstate="Runnable" seed="1781949515" result="Passed" start-time="2026-02-23 18:08:34Z" end-time="2026-02-23 18:08:36Z" duration="1.999505" asserts="0">
                  <properties>
                    <property name="retryIteration" value="0" />
                    <property name="repeatIteration" value="0" />
                  </properties>
                  <output><![CDATA[[BalanceController] 'TestHips': no GroundSensor found in children. IsGrounded will always be false.
]]></output>
                </test-case>
              </test-suite>
              <test-case id="1165" name="CameraRelativeMovement_AtSteepPitchMinus60_CharacterStillMovesForward" fullname="PhysicsDrivenMovement.Tests.PlayMode.PlayerMovementTests.CameraRelativeMovement_AtSteepPitchMinus60_CharacterStillMovesForward" methodname="CameraRelativeMovement_AtSteepPitchMinus60_CharacterStillMovesForward" classname="PhysicsDrivenMovement.Tests.PlayMode.PlayerMovementTests" runstate="Runnable" seed="584087957" result="Passed" start-time="2026-02-23 18:08:36Z" end-time="2026-02-23 18:08:38Z" duration="1.999383" asserts="0">
                <properties>
                  <property name="_JOINTYPE" value="UnityCombinatorial" />
                  <property name="retryIteration" value="0" />
                  <property name="repeatIteration" value="0" />
                </properties>
                <output><![CDATA[[BalanceController] 'TestHips': no GroundSensor found in children. IsGrounded will always be false.
]]></output>
              </test-case>
              <test-case id="1171" name="UnderSustainedInput_HorizontalSpeedDoesNotExceedMaxSpeed" fullname="PhysicsDrivenMovement.Tests.PlayMode.PlayerMovementTests.UnderSustainedInput_HorizontalSpeedDoesNotExceedMaxSpeed" methodname="UnderSustainedInput_HorizontalSpeedDoesNotExceedMaxSpeed" classname="PhysicsDrivenMovement.Tests.PlayMode.PlayerMovementTests" runstate="Runnable" seed="1264507077" result="Passed" start-time="2026-02-23 18:08:38Z" end-time="2026-02-23 18:08:44Z" duration="5.999991" asserts="0">
                <properties>
                  <property name="_JOINTYPE" value="UnityCombinatorial" />
                  <property name="retryIteration" value="0" />
                  <property name="repeatIteration" value="0" />
                </properties>
                <output><![CDATA[[BalanceController] 'TestHips': no GroundSensor found in children. IsGrounded will always be false.
]]></output>
              </test-case>
            </test-suite>
            <test-suite type="TestFixture" id="1172" name="PlayerRagdollPrefabPlayModeTests" fullname="PhysicsDrivenMovement.Tests.PlayMode.PlayerRagdollPrefabPlayModeTests" classname="PhysicsDrivenMovement.Tests.PlayMode.PlayerRagdollPrefabPlayModeTests" runstate="Runnable" testcasecount="4" result="Failed" site="Child" start-time="2026-02-23 18:08:44Z" end-time="2026-02-23 18:09:10Z" duration="26.399974" total="4" passed="2" failed="2" inconclusive="0" skipped="0" asserts="0">
              <properties />
              <failure>
                <message><![CDATA[One or more child tests had errors]]></message>
              </failure>
              <test-case id="1175" name="PlayerRagdollPrefab_FromBackFall_RecoversToStanding" fullname="PhysicsDrivenMovement.Tests.PlayMode.PlayerRagdollPrefabPlayModeTests.PlayerRagdollPrefab_FromBackFall_RecoversToStanding" methodname="PlayerRagdollPrefab_FromBackFall_RecoversToStanding" classname="PhysicsDrivenMovement.Tests.PlayMode.PlayerRagdollPrefabPlayModeTests" runstate="Runnable" seed="956276" result="Failed" start-time="2026-02-23 18:08:44Z" end-time="2026-02-23 18:08:48Z" duration="4.198209" asserts="0">
                <properties>
                  <property name="_JOINTYPE" value="UnityCombinatorial" />
                  <property name="retryIteration" value="0" />
                  <property name="repeatIteration" value="0" />
                </properties>
                <failure>
                  <message><![CDATA[  At least one foot should report grounded during recovery.
  Expected: True
  But was:  False
]]></message>
                  <stack-trace><![CDATA[at PhysicsDrivenMovement.Tests.PlayMode.PlayerRagdollPrefabPlayModeTests+<PlayerRagdollPrefab_FromBackFall_RecoversToStanding>d__14.MoveNext () [0x001e3] in H:\Work\PhysicsDrivenMovementDemo\Assets\Tests\PlayMode\Character\PlayerRagdollPrefabPlayModeTests.cs:140
at UnityEngine.TestTools.TestEnumerator+<Execute>d__7.MoveNext () [0x0004e] in .\Library\PackageCache\com.unity.test-framework@0b7a23ab2e1d\UnityEngine.TestRunner\NUnitExtensions\Attributes\TestEnumerator.cs:44
]]></stack-trace>
                </failure>
              </test-case>
              <test-case id="1174" name="PlayerRagdollPrefab_HipsHasSinglePlayerMovementWithRequiredComponents" fullname="PhysicsDrivenMovement.Tests.PlayMode.PlayerRagdollPrefabPlayModeTests.PlayerRagdollPrefab_HipsHasSinglePlayerMovementWithRequiredComponents" methodname="PlayerRagdollPrefab_HipsHasSinglePlayerMovementWithRequiredComponents" classname="PhysicsDrivenMovement.Tests.PlayMode.PlayerRagdollPrefabPlayModeTests" runstate="Runnable" seed="1161549217" result="Passed" start-time="2026-02-23 18:08:48Z" end-time="2026-02-23 18:08:48Z" duration="0.003594" asserts="0">
                <properties>
                  <property name="retryIteration" value="0" />
                  <property name="repeatIteration" value="0" />
                </properties>
              </test-case>
              <test-case id="1176" name="PlayerRagdollPrefab_LongRun_RemainsRecoverablyStable" fullname="PhysicsDrivenMovement.Tests.PlayMode.PlayerRagdollPrefabPlayModeTests.PlayerRagdollPrefab_LongRun_RemainsRecoverablyStable" methodname="PlayerRagdollPrefab_LongRun_RemainsRecoverablyStable" classname="PhysicsDrivenMovement.Tests.PlayMode.PlayerRagdollPrefabPlayModeTests" runstate="Runnable" seed="1056463254" result="Passed" start-time="2026-02-23 18:08:48Z" end-time="2026-02-23 18:09:08Z" duration="19.995105" asserts="0">
                <properties>
                  <property name="_JOINTYPE" value="UnityCombinatorial" />
                  <property name="retryIteration" value="0" />
                  <property name="repeatIteration" value="0" />
                </properties>
              </test-case>
              <test-case id="1173" name="PlayerRagdollPrefab_OnEnvironmentGround_SettlesWithoutImmediateTopple" fullname="PhysicsDrivenMovement.Tests.PlayMode.PlayerRagdollPrefabPlayModeTests.PlayerRagdollPrefab_OnEnvironmentGround_SettlesWithoutImmediateTopple" methodname="PlayerRagdollPrefab_OnEnvironmentGround_SettlesWithoutImmediateTopple" classname="PhysicsDrivenMovement.Tests.PlayMode.PlayerRagdollPrefabPlayModeTests" runstate="Runnable" seed="2017575348" result="Failed" start-time="2026-02-23 18:09:08Z" end-time="2026-02-23 18:09:10Z" duration="2.200352" asserts="0">
                <properties>
                  <property name="_JOINTYPE" value="UnityCombinatorial" />
                  <property name="retryIteration" value="0" />
                  <property name="repeatIteration" value="0" />
                </properties>
                <failure>
                  <message><![CDATA[  At least one foot should report grounded on Environment-layer ground.
  Expected: True
  But was:  False
]]></message>
                  <stack-trace><![CDATA[at PhysicsDrivenMovement.Tests.PlayMode.PlayerRagdollPrefabPlayModeTests+<PlayerRagdollPrefab_OnEnvironmentGround_SettlesWithoutImmediateTopple>d__12.MoveNext () [0x001c8] in H:\Work\PhysicsDrivenMovementDemo\Assets\Tests\PlayMode\Character\PlayerRagdollPrefabPlayModeTests.cs:87
at UnityEngine.TestTools.TestEnumerator+<Execute>d__7.MoveNext () [0x0004e] in .\Library\PackageCache\com.unity.test-framework@0b7a23ab2e1d\UnityEngine.TestRunner\NUnitExtensions\Attributes\TestEnumerator.cs:44
]]></stack-trace>
                </failure>
              </test-case>
            </test-suite>
            <test-suite type="TestFixture" id="1177" name="RagdollSetupTests" fullname="PhysicsDrivenMovement.Tests.PlayMode.RagdollSetupTests" classname="PhysicsDrivenMovement.Tests.PlayMode.RagdollSetupTests" runstate="Runnable" testcasecount="6" result="Passed" start-time="2026-02-23 18:09:10Z" end-time="2026-02-23 18:09:10Z" duration="0.023410" total="6" passed="6" failed="0" inconclusive="0" skipped="0" asserts="0">
              <properties />
              <test-case id="1178" name="AllBodies_AfterAwake_ContainsHipsAndTorso" fullname="PhysicsDrivenMovement.Tests.PlayMode.RagdollSetupTests.AllBodies_AfterAwake_ContainsHipsAndTorso" methodname="AllBodies_AfterAwake_ContainsHipsAndTorso" classname="PhysicsDrivenMovement.Tests.PlayMode.RagdollSetupTests" runstate="Runnable" seed="747591305" result="Passed" start-time="2026-02-23 18:09:10Z" end-time="2026-02-23 18:09:10Z" duration="0.003585" asserts="0">
                <properties>
                  <property name="_JOINTYPE" value="UnityCombinatorial" />
                  <property name="retryIteration" value="0" />
                  <property name="repeatIteration" value="0" />
                </properties>
              </test-case>
              <test-case id="1183" name="LowerLegGameObjects_AfterAwake_AreOnLowerLegPartsLayer" fullname="PhysicsDrivenMovement.Tests.PlayMode.RagdollSetupTests.LowerLegGameObjects_AfterAwake_AreOnLowerLegPartsLayer" methodname="LowerLegGameObjects_AfterAwake_AreOnLowerLegPartsLayer" classname="PhysicsDrivenMovement.Tests.PlayMode.RagdollSetupTests" runstate="Runnable" seed="1362800421" result="Passed" start-time="2026-02-23 18:09:10Z" end-time="2026-02-23 18:09:10Z" duration="0.004201" asserts="0">
                <properties>
                  <property name="_JOINTYPE" value="UnityCombinatorial" />
                  <property name="retryIteration" value="0" />
                  <property name="repeatIteration" value="0" />
                </properties>
              </test-case>
              <test-case id="1182" name="LowerLegLayer_AfterAwake_DoesNotCollideWithEnvironmentLayer" fullname="PhysicsDrivenMovement.Tests.PlayMode.RagdollSetupTests.LowerLegLayer_AfterAwake_DoesNotCollideWithEnvironmentLayer" methodname="LowerLegLayer_AfterAwake_DoesNotCollideWithEnvironmentLayer" classname="PhysicsDrivenMovement.Tests.PlayMode.RagdollSetupTests" runstate="Runnable" seed="1208055347" result="Passed" start-time="2026-02-23 18:09:10Z" end-time="2026-02-23 18:09:10Z" duration="0.003076" asserts="0">
                <properties>
                  <property name="_JOINTYPE" value="UnityCombinatorial" />
                  <property name="retryIteration" value="0" />
                  <property name="repeatIteration" value="0" />
                </properties>
              </test-case>
              <test-case id="1179" name="NeighboringColliders_AfterAwake_CollisionIsIgnored" fullname="PhysicsDrivenMovement.Tests.PlayMode.RagdollSetupTests.NeighboringColliders_AfterAwake_CollisionIsIgnored" methodname="NeighboringColliders_AfterAwake_CollisionIsIgnored" classname="PhysicsDrivenMovement.Tests.PlayMode.RagdollSetupTests" runstate="Runnable" seed="414801198" result="Passed" start-time="2026-02-23 18:09:10Z" end-time="2026-02-23 18:09:10Z" duration="0.002869" asserts="0">
                <properties>
                  <property name="_JOINTYPE" value="UnityCombinatorial" />
                  <property name="retryIteration" value="0" />
                  <property name="repeatIteration" value="0" />
                </properties>
              </test-case>
              <test-case id="1180" name="RagdollWithNoJoints_AfterAwake_DoesNotThrowAndReturnsOneBody" fullname="PhysicsDrivenMovement.Tests.PlayMode.RagdollSetupTests.RagdollWithNoJoints_AfterAwake_DoesNotThrowAndReturnsOneBody" methodname="RagdollWithNoJoints_AfterAwake_DoesNotThrowAndReturnsOneBody" classname="PhysicsDrivenMovement.Tests.PlayMode.RagdollSetupTests" runstate="Runnable" seed="1127515292" result="Passed" start-time="2026-02-23 18:09:10Z" end-time="2026-02-23 18:09:10Z" duration="0.003383" asserts="0">
                <properties>
                  <property name="_JOINTYPE" value="UnityCombinatorial" />
                  <property name="retryIteration" value="0" />
                  <property name="repeatIteration" value="0" />
                </properties>
              </test-case>
              <test-case id="1181" name="UnconnectedColliders_AfterAwake_CollisionIsNotIgnored" fullname="PhysicsDrivenMovement.Tests.PlayMode.RagdollSetupTests.UnconnectedColliders_AfterAwake_CollisionIsNotIgnored" methodname="UnconnectedColliders_AfterAwake_CollisionIsNotIgnored" classname="PhysicsDrivenMovement.Tests.PlayMode.RagdollSetupTests" runstate="Runnable" seed="1048522550" result="Passed" start-time="2026-02-23 18:09:10Z" end-time="2026-02-23 18:09:10Z" duration="0.003167" asserts="0">
                <properties>
                  <property name="_JOINTYPE" value="UnityCombinatorial" />
                  <property name="retryIteration" value="0" />
                  <property name="repeatIteration" value="0" />
                </properties>
              </test-case>
            </test-suite>
            <test-suite type="TestFixture" id="1184" name="SpinRecoveryTests" fullname="PhysicsDrivenMovement.Tests.PlayMode.SpinRecoveryTests" classname="PhysicsDrivenMovement.Tests.PlayMode.SpinRecoveryTests" runstate="Runnable" testcasecount="2" result="Failed" site="Child" start-time="2026-02-23 18:09:10Z" end-time="2026-02-23 18:09:17Z" duration="6.965691" total="2" passed="1" failed="1" inconclusive="0" skipped="0" asserts="0">
              <properties />
              <failure>
                <message><![CDATA[One or more child tests had errors]]></message>
              </failure>
              <test-case id="1186" name="AfterFullSpinThenForwardInput_DisplacementRecoveredWithin2s" fullname="PhysicsDrivenMovement.Tests.PlayMode.SpinRecoveryTests.AfterFullSpinThenForwardInput_DisplacementRecoveredWithin2s" methodname="AfterFullSpinThenForwardInput_DisplacementRecoveredWithin2s" classname="PhysicsDrivenMovement.Tests.PlayMode.SpinRecoveryTests" runstate="Runnable" seed="1295307927" result="Failed" start-time="2026-02-23 18:09:10Z" end-time="2026-02-23 18:09:13Z" duration="3.484196" asserts="0">
                <properties>
                  <property name="_JOINTYPE" value="UnityCombinatorial" />
                  <property name="retryIteration" value="0" />
                  <property name="repeatIteration" value="0" />
                </properties>
                <failure>
                  <message><![CDATA[  Hips yaw angular velocity must be < 3 rad/s by frame 150. Got 3.508 rad/s. Balance Controller yaw damping may not be reducing spin fast enough.
  Expected: less than or equal to 3.0f
  But was:  3.50783491f
]]></message>
                  <stack-trace><![CDATA[at PhysicsDrivenMovement.Tests.PlayMode.SpinRecoveryTests+<AfterFullSpinThenForwardInput_DisplacementRecoveredWithin2s>d__22.MoveNext () [0x0028e] in H:\Work\PhysicsDrivenMovementDemo\Assets\Tests\PlayMode\Character\SpinRecoveryTests.cs:181
at UnityEngine.TestTools.TestEnumerator+<Execute>d__7.MoveNext () [0x0004e] in .\Library\PackageCache\com.unity.test-framework@0b7a23ab2e1d\UnityEngine.TestRunner\NUnitExtensions\Attributes\TestEnumerator.cs:44
]]></stack-trace>
                </failure>
              </test-case>
              <test-case id="1185" name="AfterFullSpinThenForwardInput_NoCrossoverTangle" fullname="PhysicsDrivenMovement.Tests.PlayMode.SpinRecoveryTests.AfterFullSpinThenForwardInput_NoCrossoverTangle" methodname="AfterFullSpinThenForwardInput_NoCrossoverTangle" classname="PhysicsDrivenMovement.Tests.PlayMode.SpinRecoveryTests" runstate="Runnable" seed="1848937133" result="Passed" start-time="2026-02-23 18:09:13Z" end-time="2026-02-23 18:09:17Z" duration="3.479604" asserts="0">
                <properties>
                  <property name="_JOINTYPE" value="UnityCombinatorial" />
                  <property name="retryIteration" value="0" />
                  <property name="repeatIteration" value="0" />
                </properties>
                <output><![CDATA[Saving results to: C:/Users/Usuario/AppData/LocalLow/DefaultCompany/PhysicsDrivenMovementDemo\TestResults.xml
]]></output>
              </test-case>
            </test-suite>
          </test-suite>
        </test-suite>
      </test-suite>
    </test-suite>
  </test-suite>
</test-run>