<?xml version="1.0" encoding="utf-8"?>
<test-run id="2" testcasecount="39" result="Failed(Child)" total="39" passed="36" failed="3" inconclusive="0" skipped="0" asserts="0" engine-version="3.5.0.0" clr-version="4.0.30319.42000" start-time="2026-02-22 10:56:19Z" end-time="2026-02-22 10:58:05Z" duration="106.4412109">
  <test-suite type="TestSuite" id="1054" name="PhysicsDrivenMovementDemo" fullname="PhysicsDrivenMovementDemo" runstate="Runnable" testcasecount="39" result="Failed" site="Child" start-time="2026-02-22 10:56:19Z" end-time="2026-02-22 10:58:05Z" duration="106.441211" total="39" passed="36" failed="3" inconclusive="0" skipped="0" asserts="0">
    <properties>
      <property name="platform" value="PlayMode" />
    </properties>
    <failure>
      <message><![CDATA[One or more child tests had errors]]></message>
    </failure>
    <test-suite type="Assembly" id="1047" name="PhysicsDrivenMovement.Tests.PlayMode.dll" fullname="H:/Work/PhysicsDrivenMovementDemo/Library/ScriptAssemblies/PhysicsDrivenMovement.Tests.PlayMode.dll" runstate="Runnable" testcasecount="39" result="Failed" site="Child" start-time="2026-02-22 10:56:19Z" end-time="2026-02-22 10:58:05Z" duration="106.433433" total="39" passed="36" failed="3" inconclusive="0" skipped="0" asserts="0">
      <properties>
        <property name="_PID" value="37940" />
        <property name="_APPDOMAIN" value="Unity Child Domain" />
        <property name="platform" value="PlayMode" />
        <property name="EditorOnly" value="False" />
      </properties>
      <failure>
        <message><![CDATA[One or more child tests had errors]]></message>
      </failure>
      <test-suite type="TestSuite" id="1048" name="PhysicsDrivenMovement" fullname="PhysicsDrivenMovement" runstate="Runnable" testcasecount="39" result="Failed" site="Child" start-time="2026-02-22 10:56:19Z" end-time="2026-02-22 10:58:05Z" duration="106.432639" total="39" passed="36" failed="3" inconclusive="0" skipped="0" asserts="0">
        <properties />
        <failure>
          <message><![CDATA[One or more child tests had errors]]></message>
        </failure>
        <test-suite type="TestSuite" id="1049" name="Tests" fullname="PhysicsDrivenMovement.Tests" runstate="Runnable" testcasecount="39" result="Failed" site="Child" start-time="2026-02-22 10:56:19Z" end-time="2026-02-22 10:58:05Z" duration="106.432263" total="39" passed="36" failed="3" inconclusive="0" skipped="0" asserts="0">
          <properties />
          <failure>
            <message><![CDATA[One or more child tests had errors]]></message>
          </failure>
          <test-suite type="TestSuite" id="1050" name="PlayMode" fullname="PhysicsDrivenMovement.Tests.PlayMode" runstate="Runnable" testcasecount="39" result="Failed" site="Child" start-time="2026-02-22 10:56:19Z" end-time="2026-02-22 10:58:05Z" duration="106.431674" total="39" passed="36" failed="3" inconclusive="0" skipped="0" asserts="0">
            <properties />
            <failure>
              <message><![CDATA[One or more child tests had errors]]></message>
            </failure>
            <test-suite type="TestFixture" id="1001" name="Arena01BalanceStabilityTests" fullname="PhysicsDrivenMovement.Tests.PlayMode.Arena01BalanceStabilityTests" classname="PhysicsDrivenMovement.Tests.PlayMode.Arena01BalanceStabilityTests" runstate="Runnable" testcasecount="2" result="Passed" start-time="2026-02-22 10:56:19Z" end-time="2026-02-22 10:57:04Z" duration="44.658794" total="2" passed="2" failed="0" inconclusive="0" skipped="0" asserts="0">
              <properties />
              <test-case id="1002" name="Arena01_InScenePlayerRagdoll_LongRun_IsRecoverablyStable" fullname="PhysicsDrivenMovement.Tests.PlayMode.Arena01BalanceStabilityTests.Arena01_InScenePlayerRagdoll_LongRun_IsRecoverablyStable" methodname="Arena01_InScenePlayerRagdoll_LongRun_IsRecoverablyStable" classname="PhysicsDrivenMovement.Tests.PlayMode.Arena01BalanceStabilityTests" runstate="Runnable" seed="890049005" result="Passed" start-time="2026-02-22 10:56:19Z" end-time="2026-02-22 10:56:39Z" duration="20.207543" asserts="0">
                <properties>
                  <property name="_JOINTYPE" value="UnityCombinatorial" />
                  <property name="retryIteration" value="0" />
                  <property name="repeatIteration" value="0" />
                </properties>
                <output><![CDATA[[GameSettings] Physics configured: fixedDeltaTime=0.009999993, solverIterations=12, velocityIterations=4
]]></output>
              </test-case>
              <test-case id="1003" name="Arena01_StartupSettle_RepeatabilitySweep_StaysWithinSafetyBounds" fullname="PhysicsDrivenMovement.Tests.PlayMode.Arena01BalanceStabilityTests.Arena01_StartupSettle_RepeatabilitySweep_StaysWithinSafetyBounds" methodname="Arena01_StartupSettle_RepeatabilitySweep_StaysWithinSafetyBounds" classname="PhysicsDrivenMovement.Tests.PlayMode.Arena01BalanceStabilityTests" runstate="Runnable" seed="865832465" result="Passed" start-time="2026-02-22 10:56:39Z" end-time="2026-02-22 10:57:04Z" duration="24.436648" asserts="0">
                <properties>
                  <property name="_JOINTYPE" value="UnityCombinatorial" />
                  <property name="retryIteration" value="0" />
                  <property name="repeatIteration" value="0" />
                </properties>
                <output><![CDATA[[GameSettings] Physics configured: fixedDeltaTime=0.009999993, solverIterations=12, velocityIterations=4
[GameSettings] Physics configured: fixedDeltaTime=0.009999993, solverIterations=12, velocityIterations=4
[GameSettings] Physics configured: fixedDeltaTime=0.009999993, solverIterations=12, velocityIterations=4
]]></output>
              </test-case>
            </test-suite>
            <test-suite type="TestFixture" id="1004" name="BalanceControllerIntegrationTests" fullname="PhysicsDrivenMovement.Tests.PlayMode.BalanceControllerIntegrationTests" classname="PhysicsDrivenMovement.Tests.PlayMode.BalanceControllerIntegrationTests" runstate="Runnable" testcasecount="9" result="Passed" start-time="2026-02-22 10:57:04Z" end-time="2026-02-22 10:57:39Z" duration="35.078468" total="9" passed="9" failed="0" inconclusive="0" skipped="0" asserts="0">
              <properties />
              <test-case id="1005" name="Bug_GroundOnWrongLayer_CharacterFallsOver" fullname="PhysicsDrivenMovement.Tests.PlayMode.BalanceControllerIntegrationTests.Bug_GroundOnWrongLayer_CharacterFallsOver" methodname="Bug_GroundOnWrongLayer_CharacterFallsOver" classname="PhysicsDrivenMovement.Tests.PlayMode.BalanceControllerIntegrationTests" runstate="Runnable" seed="1418781194" result="Passed" start-time="2026-02-22 10:57:04Z" end-time="2026-02-22 10:57:06Z" duration="1.996844" asserts="0">
                <properties>
                  <property name="_JOINTYPE" value="UnityCombinatorial" />
                  <property name="retryIteration" value="0" />
                  <property name="repeatIteration" value="0" />
                </properties>
              </test-case>
              <test-case id="1011" name="GroundSensor_DetectsEnvironmentLayerGround" fullname="PhysicsDrivenMovement.Tests.PlayMode.BalanceControllerIntegrationTests.GroundSensor_DetectsEnvironmentLayerGround" methodname="GroundSensor_DetectsEnvironmentLayerGround" classname="PhysicsDrivenMovement.Tests.PlayMode.BalanceControllerIntegrationTests" runstate="Runnable" seed="895348192" result="Passed" start-time="2026-02-22 10:57:06Z" end-time="2026-02-22 10:57:08Z" duration="1.999162" asserts="0">
                <properties>
                  <property name="_JOINTYPE" value="UnityCombinatorial" />
                  <property name="retryIteration" value="0" />
                  <property name="repeatIteration" value="0" />
                </properties>
              </test-case>
              <test-case id="1012" name="GroundSensor_DoesNotDetectWrongLayerGround" fullname="PhysicsDrivenMovement.Tests.PlayMode.BalanceControllerIntegrationTests.GroundSensor_DoesNotDetectWrongLayerGround" methodname="GroundSensor_DoesNotDetectWrongLayerGround" classname="PhysicsDrivenMovement.Tests.PlayMode.BalanceControllerIntegrationTests" runstate="Runnable" seed="362000842" result="Passed" start-time="2026-02-22 10:57:08Z" end-time="2026-02-22 10:57:10Z" duration="1.999533" asserts="0">
                <properties>
                  <property name="_JOINTYPE" value="UnityCombinatorial" />
                  <property name="retryIteration" value="0" />
                  <property name="repeatIteration" value="0" />
                </properties>
              </test-case>
              <test-case id="1008" name="ModeratePush_SwaysButRecovers" fullname="PhysicsDrivenMovement.Tests.PlayMode.BalanceControllerIntegrationTests.ModeratePush_SwaysButRecovers" methodname="ModeratePush_SwaysButRecovers" classname="PhysicsDrivenMovement.Tests.PlayMode.BalanceControllerIntegrationTests" runstate="Runnable" seed="1835569893" result="Passed" start-time="2026-02-22 10:57:10Z" end-time="2026-02-22 10:57:15Z" duration="4.999989" asserts="0">
                <properties>
                  <property name="_JOINTYPE" value="UnityCombinatorial" />
                  <property name="retryIteration" value="0" />
                  <property name="repeatIteration" value="0" />
                </properties>
              </test-case>
              <test-case id="1009" name="RepeatedSmallPushes_CharacterStaysStanding" fullname="PhysicsDrivenMovement.Tests.PlayMode.BalanceControllerIntegrationTests.RepeatedSmallPushes_CharacterStaysStanding" methodname="RepeatedSmallPushes_CharacterStaysStanding" classname="PhysicsDrivenMovement.Tests.PlayMode.BalanceControllerIntegrationTests" runstate="Runnable" seed="2108152859" result="Passed" start-time="2026-02-22 10:57:15Z" end-time="2026-02-22 10:57:22Z" duration="7.499596" asserts="0">
                <properties>
                  <property name="_JOINTYPE" value="UnityCombinatorial" />
                  <property name="retryIteration" value="0" />
                  <property name="repeatIteration" value="0" />
                </properties>
              </test-case>
              <test-case id="1013" name="SetFacingDirection_ThenPush_StillRecovers" fullname="PhysicsDrivenMovement.Tests.PlayMode.BalanceControllerIntegrationTests.SetFacingDirection_ThenPush_StillRecovers" methodname="SetFacingDirection_ThenPush_StillRecovers" classname="PhysicsDrivenMovement.Tests.PlayMode.BalanceControllerIntegrationTests" runstate="Runnable" seed="546462311" result="Passed" start-time="2026-02-22 10:57:22Z" end-time="2026-02-22 10:57:28Z" duration="5.499964" asserts="0">
                <properties>
                  <property name="_JOINTYPE" value="UnityCombinatorial" />
                  <property name="retryIteration" value="0" />
                  <property name="repeatIteration" value="0" />
                </properties>
              </test-case>
              <test-case id="1007" name="SmallPush_CausesWobble_ThenRecovers" fullname="PhysicsDrivenMovement.Tests.PlayMode.BalanceControllerIntegrationTests.SmallPush_CausesWobble_ThenRecovers" methodname="SmallPush_CausesWobble_ThenRecovers" classname="PhysicsDrivenMovement.Tests.PlayMode.BalanceControllerIntegrationTests" runstate="Runnable" seed="1153528996" result="Passed" start-time="2026-02-22 10:57:28Z" end-time="2026-02-22 10:57:33Z" duration="5.009716" asserts="0">
                <properties>
                  <property name="_JOINTYPE" value="UnityCombinatorial" />
                  <property name="retryIteration" value="0" />
                  <property name="repeatIteration" value="0" />
                </properties>
              </test-case>
              <test-case id="1006" name="StandsUpright_OnCorrectLayerGround_TiltBelow25Degrees" fullname="PhysicsDrivenMovement.Tests.PlayMode.BalanceControllerIntegrationTests.StandsUpright_OnCorrectLayerGround_TiltBelow25Degrees" methodname="StandsUpright_OnCorrectLayerGround_TiltBelow25Degrees" classname="PhysicsDrivenMovement.Tests.PlayMode.BalanceControllerIntegrationTests" runstate="Runnable" seed="333384935" result="Passed" start-time="2026-02-22 10:57:33Z" end-time="2026-02-22 10:57:35Z" duration="1.999945" asserts="0">
                <properties>
                  <property name="_JOINTYPE" value="UnityCombinatorial" />
                  <property name="retryIteration" value="0" />
                  <property name="repeatIteration" value="0" />
                </properties>
              </test-case>
              <test-case id="1010" name="StrongPush_KnocksCharacterDown" fullname="PhysicsDrivenMovement.Tests.PlayMode.BalanceControllerIntegrationTests.StrongPush_KnocksCharacterDown" methodname="StrongPush_KnocksCharacterDown" classname="PhysicsDrivenMovement.Tests.PlayMode.BalanceControllerIntegrationTests" runstate="Runnable" seed="1695671059" result="Passed" start-time="2026-02-22 10:57:35Z" end-time="2026-02-22 10:57:39Z" duration="4.069735" asserts="0">
                <properties>
                  <property name="_JOINTYPE" value="UnityCombinatorial" />
                  <property name="retryIteration" value="0" />
                  <property name="repeatIteration" value="0" />
                </properties>
              </test-case>
            </test-suite>
            <test-suite type="TestFixture" id="1014" name="BalanceControllerTests" fullname="PhysicsDrivenMovement.Tests.PlayMode.BalanceControllerTests" classname="PhysicsDrivenMovement.Tests.PlayMode.BalanceControllerTests" runstate="Runnable" testcasecount="9" result="Passed" start-time="2026-02-22 10:57:39Z" end-time="2026-02-22 10:57:39Z" duration="0.129501" total="9" passed="9" failed="0" inconclusive="0" skipped="0" asserts="0">
              <properties />
              <test-case id="1023" name="FixedUpdate_WhenFallen_DoesNotApplyTorque" fullname="PhysicsDrivenMovement.Tests.PlayMode.BalanceControllerTests.FixedUpdate_WhenFallen_DoesNotApplyTorque" methodname="FixedUpdate_WhenFallen_DoesNotApplyTorque" classname="PhysicsDrivenMovement.Tests.PlayMode.BalanceControllerTests" runstate="Runnable" seed="1376442590" result="Passed" start-time="2026-02-22 10:57:39Z" end-time="2026-02-22 10:57:39Z" duration="0.012995" asserts="0">
                <properties>
                  <property name="_JOINTYPE" value="UnityCombinatorial" />
                  <property name="retryIteration" value="0" />
                  <property name="repeatIteration" value="0" />
                </properties>
              </test-case>
              <test-case id="1022" name="FixedUpdate_WhenUprightAndTilted_AppliesCorrectionTorque" fullname="PhysicsDrivenMovement.Tests.PlayMode.BalanceControllerTests.FixedUpdate_WhenUprightAndTilted_AppliesCorrectionTorque" methodname="FixedUpdate_WhenUprightAndTilted_AppliesCorrectionTorque" classname="PhysicsDrivenMovement.Tests.PlayMode.BalanceControllerTests" runstate="Runnable" seed="64686891" result="Passed" start-time="2026-02-22 10:57:39Z" end-time="2026-02-22 10:57:39Z" duration="0.024690" asserts="0">
                <properties>
                  <property name="_JOINTYPE" value="UnityCombinatorial" />
                  <property name="retryIteration" value="0" />
                  <property name="repeatIteration" value="0" />
                </properties>
              </test-case>
              <test-case id="1019" name="IsFallen_Hysteresis_HoldsBetweenEnterAndExitThresholds" fullname="PhysicsDrivenMovement.Tests.PlayMode.BalanceControllerTests.IsFallen_Hysteresis_HoldsBetweenEnterAndExitThresholds" methodname="IsFallen_Hysteresis_HoldsBetweenEnterAndExitThresholds" classname="PhysicsDrivenMovement.Tests.PlayMode.BalanceControllerTests" runstate="Runnable" seed="1909748960" result="Passed" start-time="2026-02-22 10:57:39Z" end-time="2026-02-22 10:57:39Z" duration="0.029617" asserts="0">
                <properties>
                  <property name="_JOINTYPE" value="UnityCombinatorial" />
                  <property name="retryIteration" value="0" />
                  <property name="repeatIteration" value="0" />
                </properties>
              </test-case>
              <test-case id="1018" name="IsFallen_WhenHipsTiltedAtThreshold_ReturnsFalse" fullname="PhysicsDrivenMovement.Tests.PlayMode.BalanceControllerTests.IsFallen_WhenHipsTiltedAtThreshold_ReturnsFalse" methodname="IsFallen_WhenHipsTiltedAtThreshold_ReturnsFalse" classname="PhysicsDrivenMovement.Tests.PlayMode.BalanceControllerTests" runstate="Runnable" seed="1711956836" result="Passed" start-time="2026-02-22 10:57:39Z" end-time="2026-02-22 10:57:39Z" duration="0.010018" asserts="0">
                <properties>
                  <property name="_JOINTYPE" value="UnityCombinatorial" />
                  <property name="retryIteration" value="0" />
                  <property name="repeatIteration" value="0" />
                </properties>
              </test-case>
              <test-case id="1017" name="IsFallen_WhenHipsTiltedBeyondThreshold_ReturnsTrue" fullname="PhysicsDrivenMovement.Tests.PlayMode.BalanceControllerTests.IsFallen_WhenHipsTiltedBeyondThreshold_ReturnsTrue" methodname="IsFallen_WhenHipsTiltedBeyondThreshold_ReturnsTrue" classname="PhysicsDrivenMovement.Tests.PlayMode.BalanceControllerTests" runstate="Runnable" seed="373129102" result="Passed" start-time="2026-02-22 10:57:39Z" end-time="2026-02-22 10:57:39Z" duration="0.009624" asserts="0">
                <properties>
                  <property name="_JOINTYPE" value="UnityCombinatorial" />
                  <property name="retryIteration" value="0" />
                  <property name="repeatIteration" value="0" />
                </properties>
              </test-case>
              <test-case id="1016" name="IsFallen_WhenHipsUpright_ReturnsFalse" fullname="PhysicsDrivenMovement.Tests.PlayMode.BalanceControllerTests.IsFallen_WhenHipsUpright_ReturnsFalse" methodname="IsFallen_WhenHipsUpright_ReturnsFalse" classname="PhysicsDrivenMovement.Tests.PlayMode.BalanceControllerTests" runstate="Runnable" seed="94344169" result="Passed" start-time="2026-02-22 10:57:39Z" end-time="2026-02-22 10:57:39Z" duration="0.009660" asserts="0">
                <properties>
                  <property name="_JOINTYPE" value="UnityCombinatorial" />
                  <property name="retryIteration" value="0" />
                  <property name="repeatIteration" value="0" />
                </properties>
              </test-case>
              <test-case id="1015" name="IsGrounded_WhenNoFootOnGround_ReturnsFalse" fullname="PhysicsDrivenMovement.Tests.PlayMode.BalanceControllerTests.IsGrounded_WhenNoFootOnGround_ReturnsFalse" methodname="IsGrounded_WhenNoFootOnGround_ReturnsFalse" classname="PhysicsDrivenMovement.Tests.PlayMode.BalanceControllerTests" runstate="Runnable" seed="1167960814" result="Passed" start-time="2026-02-22 10:57:39Z" end-time="2026-02-22 10:57:39Z" duration="0.010047" asserts="0">
                <properties>
                  <property name="_JOINTYPE" value="UnityCombinatorial" />
                  <property name="retryIteration" value="0" />
                  <property name="repeatIteration" value="0" />
                </properties>
              </test-case>
              <test-case id="1020" name="SetFacingDirection_WithValidDirection_DoesNotThrow" fullname="PhysicsDrivenMovement.Tests.PlayMode.BalanceControllerTests.SetFacingDirection_WithValidDirection_DoesNotThrow" methodname="SetFacingDirection_WithValidDirection_DoesNotThrow" classname="PhysicsDrivenMovement.Tests.PlayMode.BalanceControllerTests" runstate="Runnable" seed="1206910709" result="Passed" start-time="2026-02-22 10:57:39Z" end-time="2026-02-22 10:57:39Z" duration="0.010655" asserts="0">
                <properties>
                  <property name="_JOINTYPE" value="UnityCombinatorial" />
                  <property name="retryIteration" value="0" />
                  <property name="repeatIteration" value="0" />
                </properties>
              </test-case>
              <test-case id="1021" name="SetFacingDirection_WithZeroVector_IsIgnoredSafely" fullname="PhysicsDrivenMovement.Tests.PlayMode.BalanceControllerTests.SetFacingDirection_WithZeroVector_IsIgnoredSafely" methodname="SetFacingDirection_WithZeroVector_IsIgnoredSafely" classname="PhysicsDrivenMovement.Tests.PlayMode.BalanceControllerTests" runstate="Runnable" seed="1638868449" result="Passed" start-time="2026-02-22 10:57:39Z" end-time="2026-02-22 10:57:39Z" duration="0.009004" asserts="0">
                <properties>
                  <property name="_JOINTYPE" value="UnityCombinatorial" />
                  <property name="retryIteration" value="0" />
                  <property name="repeatIteration" value="0" />
                </properties>
              </test-case>
            </test-suite>
            <test-suite type="TestFixture" id="1024" name="CharacterStateTests" fullname="PhysicsDrivenMovement.Tests.PlayMode.CharacterStateTests" classname="PhysicsDrivenMovement.Tests.PlayMode.CharacterStateTests" runstate="Runnable" testcasecount="8" result="Failed" site="Child" start-time="2026-02-22 10:57:39Z" end-time="2026-02-22 10:57:39Z" duration="0.119595" total="8" passed="5" failed="3" inconclusive="0" skipped="0" asserts="0">
              <properties />
              <failure>
                <message><![CDATA[One or more child tests had errors]]></message>
              </failure>
              <test-case id="1026" name="Awake_WhenComponentInitializes_CachesRequiredDependencies" fullname="PhysicsDrivenMovement.Tests.PlayMode.CharacterStateTests.Awake_WhenComponentInitializes_CachesRequiredDependencies" methodname="Awake_WhenComponentInitializes_CachesRequiredDependencies" classname="PhysicsDrivenMovement.Tests.PlayMode.CharacterStateTests" runstate="Runnable" seed="739052750" result="Passed" start-time="2026-02-22 10:57:39Z" end-time="2026-02-22 10:57:39Z" duration="0.003579" asserts="0">
                <properties>
                  <property name="_JOINTYPE" value="UnityCombinatorial" />
                  <property name="retryIteration" value="0" />
                  <property name="repeatIteration" value="0" />
                </properties>
                <output><![CDATA[[BalanceController] 'CharacterState_TestRoot': no GroundSensor found in children. IsGrounded will always be false.
]]></output>
              </test-case>
              <test-case id="1025" name="Awake_WhenComponentInitializes_CurrentStateStartsStanding" fullname="PhysicsDrivenMovement.Tests.PlayMode.CharacterStateTests.Awake_WhenComponentInitializes_CurrentStateStartsStanding" methodname="Awake_WhenComponentInitializes_CurrentStateStartsStanding" classname="PhysicsDrivenMovement.Tests.PlayMode.CharacterStateTests" runstate="Runnable" seed="912656645" result="Passed" start-time="2026-02-22 10:57:39Z" end-time="2026-02-22 10:57:39Z" duration="0.002732" asserts="0">
                <properties>
                  <property name="_JOINTYPE" value="UnityCombinatorial" />
                  <property name="retryIteration" value="0" />
                  <property name="repeatIteration" value="0" />
                </properties>
                <output><![CDATA[[BalanceController] 'CharacterState_TestRoot': no GroundSensor found in children. IsGrounded will always be false.
]]></output>
              </test-case>
              <test-case id="1030" name="FixedUpdate_WhenFallenSignalTrue_TransitionsToFallen" fullname="PhysicsDrivenMovement.Tests.PlayMode.CharacterStateTests.FixedUpdate_WhenFallenSignalTrue_TransitionsToFallen" methodname="FixedUpdate_WhenFallenSignalTrue_TransitionsToFallen" classname="PhysicsDrivenMovement.Tests.PlayMode.CharacterStateTests" runstate="Runnable" seed="639905809" result="Passed" start-time="2026-02-22 10:57:39Z" end-time="2026-02-22 10:57:39Z" duration="0.011138" asserts="0">
                <properties>
                  <property name="_JOINTYPE" value="UnityCombinatorial" />
                  <property name="retryIteration" value="0" />
                  <property name="repeatIteration" value="0" />
                </properties>
                <output><![CDATA[[BalanceController] 'CharacterState_TestRoot': no GroundSensor found in children. IsGrounded will always be false.
]]></output>
              </test-case>
              <test-case id="1027" name="FixedUpdate_WhenGroundedAndMoveInputExceedsEnterThreshold_TransitionsStandingToMoving" fullname="PhysicsDrivenMovement.Tests.PlayMode.CharacterStateTests.FixedUpdate_WhenGroundedAndMoveInputExceedsEnterThreshold_TransitionsStandingToMoving" methodname="FixedUpdate_WhenGroundedAndMoveInputExceedsEnterThreshold_TransitionsStandingToMoving" classname="PhysicsDrivenMovement.Tests.PlayMode.CharacterStateTests" runstate="Runnable" seed="1125496533" result="Failed" start-time="2026-02-22 10:57:39Z" end-time="2026-02-22 10:57:39Z" duration="0.017997" asserts="0">
                <properties>
                  <property name="_JOINTYPE" value="UnityCombinatorial" />
                  <property name="retryIteration" value="0" />
                  <property name="repeatIteration" value="0" />
                </properties>
                <failure>
                  <message><![CDATA[  State should transition Standing -> Moving when grounded and move magnitude exceeds enter threshold.
  Expected: Moving
  But was:  Standing
]]></message>
                  <stack-trace><![CDATA[at PhysicsDrivenMovement.Tests.PlayMode.CharacterStateTests+<FixedUpdate_WhenGroundedAndMoveInputExceedsEnterThreshold_TransitionsStandingToMoving>d__8.MoveNext () [0x00086] in H:\Work\PhysicsDrivenMovementDemo\Assets\Tests\PlayMode\Character\CharacterStateTests.cs:89
at UnityEngine.TestTools.TestEnumerator+<Execute>d__7.MoveNext () [0x0004e] in .\Library\PackageCache\com.unity.test-framework\UnityEngine.TestRunner\NUnitExtensions\Attributes\TestEnumerator.cs:44
]]></stack-trace>
                </failure>
                <output><![CDATA[[BalanceController] 'CharacterState_TestRoot': no GroundSensor found in children. IsGrounded will always be false.
]]></output>
              </test-case>
              <test-case id="1029" name="FixedUpdate_WhenGroundedSignalLost_TransitionsToAirborne" fullname="PhysicsDrivenMovement.Tests.PlayMode.CharacterStateTests.FixedUpdate_WhenGroundedSignalLost_TransitionsToAirborne" methodname="FixedUpdate_WhenGroundedSignalLost_TransitionsToAirborne" classname="PhysicsDrivenMovement.Tests.PlayMode.CharacterStateTests" runstate="Runnable" seed="1697295720" result="Passed" start-time="2026-02-22 10:57:39Z" end-time="2026-02-22 10:57:39Z" duration="0.011817" asserts="0">
                <properties>
                  <property name="_JOINTYPE" value="UnityCombinatorial" />
                  <property name="retryIteration" value="0" />
                  <property name="repeatIteration" value="0" />
                </properties>
                <output><![CDATA[[BalanceController] 'CharacterState_TestRoot': no GroundSensor found in children. IsGrounded will always be false.
]]></output>
              </test-case>
              <test-case id="1028" name="FixedUpdate_WhenMovingAndMoveInputDropsBelowExitThreshold_TransitionsMovingToStanding" fullname="PhysicsDrivenMovement.Tests.PlayMode.CharacterStateTests.FixedUpdate_WhenMovingAndMoveInputDropsBelowExitThreshold_TransitionsMovingToStanding" methodname="FixedUpdate_WhenMovingAndMoveInputDropsBelowExitThreshold_TransitionsMovingToStanding" classname="PhysicsDrivenMovement.Tests.PlayMode.CharacterStateTests" runstate="Runnable" seed="700390889" result="Failed" start-time="2026-02-22 10:57:39Z" end-time="2026-02-22 10:57:39Z" duration="0.010043" asserts="0">
                <properties>
                  <property name="_JOINTYPE" value="UnityCombinatorial" />
                  <property name="retryIteration" value="0" />
                  <property name="repeatIteration" value="0" />
                </properties>
                <failure>
                  <message><![CDATA[  Precondition failed: expected Moving after enter-threshold input.
  Expected: Moving
  But was:  Standing
]]></message>
                  <stack-trace><![CDATA[at PhysicsDrivenMovement.Tests.PlayMode.CharacterStateTests+<FixedUpdate_WhenMovingAndMoveInputDropsBelowExitThreshold_TransitionsMovingToStanding>d__9.MoveNext () [0x0008f] in H:\Work\PhysicsDrivenMovementDemo\Assets\Tests\PlayMode\Character\CharacterStateTests.cs:101
at UnityEngine.TestTools.TestEnumerator+<Execute>d__7.MoveNext () [0x0004e] in .\Library\PackageCache\com.unity.test-framework\UnityEngine.TestRunner\NUnitExtensions\Attributes\TestEnumerator.cs:44
]]></stack-trace>
                </failure>
                <output><![CDATA[[BalanceController] 'CharacterState_TestRoot': no GroundSensor found in children. IsGrounded will always be false.
]]></output>
              </test-case>
              <test-case id="1031" name="FixedUpdate_WhenRecoveredFromFallenAndGrounded_TransitionsToGettingUp" fullname="PhysicsDrivenMovement.Tests.PlayMode.CharacterStateTests.FixedUpdate_WhenRecoveredFromFallenAndGrounded_TransitionsToGettingUp" methodname="FixedUpdate_WhenRecoveredFromFallenAndGrounded_TransitionsToGettingUp" classname="PhysicsDrivenMovement.Tests.PlayMode.CharacterStateTests" runstate="Runnable" seed="964162632" result="Passed" start-time="2026-02-22 10:57:39Z" end-time="2026-02-22 10:57:39Z" duration="0.019399" asserts="0">
                <properties>
                  <property name="_JOINTYPE" value="UnityCombinatorial" />
                  <property name="retryIteration" value="0" />
                  <property name="repeatIteration" value="0" />
                </properties>
                <output><![CDATA[[BalanceController] 'CharacterState_TestRoot': no GroundSensor found in children. IsGrounded will always be false.
]]></output>
              </test-case>
              <test-case id="1032" name="FixedUpdate_WhenStateUnchanged_OnStateChangedFiresOnlyForActualChanges" fullname="PhysicsDrivenMovement.Tests.PlayMode.CharacterStateTests.FixedUpdate_WhenStateUnchanged_OnStateChangedFiresOnlyForActualChanges" methodname="FixedUpdate_WhenStateUnchanged_OnStateChangedFiresOnlyForActualChanges" classname="PhysicsDrivenMovement.Tests.PlayMode.CharacterStateTests" runstate="Runnable" seed="2072969299" result="Failed" start-time="2026-02-22 10:57:39Z" end-time="2026-02-22 10:57:39Z" duration="0.039944" asserts="0">
                <properties>
                  <property name="_JOINTYPE" value="UnityCombinatorial" />
                  <property name="retryIteration" value="0" />
                  <property name="repeatIteration" value="0" />
                </properties>
                <failure>
                  <message><![CDATA[  OnStateChanged should fire exactly once for a single actual state change.
  Expected: 1
  But was:  0
]]></message>
                  <stack-trace><![CDATA[at PhysicsDrivenMovement.Tests.PlayMode.CharacterStateTests+<FixedUpdate_WhenStateUnchanged_OnStateChangedFiresOnlyForActualChanges>d__13.MoveNext () [0x0017d] in H:\Work\PhysicsDrivenMovementDemo\Assets\Tests\PlayMode\Character\CharacterStateTests.cs:197
at UnityEngine.TestTools.TestEnumerator+<Execute>d__7.MoveNext () [0x0004e] in .\Library\PackageCache\com.unity.test-framework\UnityEngine.TestRunner\NUnitExtensions\Attributes\TestEnumerator.cs:44
]]></stack-trace>
                </failure>
                <output><![CDATA[[BalanceController] 'CharacterState_TestRoot': no GroundSensor found in children. IsGrounded will always be false.
]]></output>
              </test-case>
            </test-suite>
            <test-suite type="TestFixture" id="1033" name="PlayerMovementTests" fullname="PhysicsDrivenMovement.Tests.PlayMode.PlayerMovementTests" classname="PhysicsDrivenMovement.Tests.PlayMode.PlayerMovementTests" runstate="Runnable" testcasecount="3" result="Passed" start-time="2026-02-22 10:57:39Z" end-time="2026-02-22 10:57:39Z" duration="0.029707" total="3" passed="3" failed="0" inconclusive="0" skipped="0" asserts="0">
              <properties />
              <test-case id="1036" name="ApplyMovementForces_WhenAtOrAboveSpeedCap_DoesNotIncreaseHorizontalSpeed" fullname="PhysicsDrivenMovement.Tests.PlayMode.PlayerMovementTests.ApplyMovementForces_WhenAtOrAboveSpeedCap_DoesNotIncreaseHorizontalSpeed" methodname="ApplyMovementForces_WhenAtOrAboveSpeedCap_DoesNotIncreaseHorizontalSpeed" classname="PhysicsDrivenMovement.Tests.PlayMode.PlayerMovementTests" runstate="Runnable" seed="1537173828" result="Passed" start-time="2026-02-22 10:57:39Z" end-time="2026-02-22 10:57:39Z" duration="0.009087" asserts="0">
                <properties>
                  <property name="_JOINTYPE" value="UnityCombinatorial" />
                  <property name="retryIteration" value="0" />
                  <property name="repeatIteration" value="0" />
                </properties>
                <output><![CDATA[[BalanceController] 'TestHips': no GroundSensor found in children. IsGrounded will always be false.
]]></output>
              </test-case>
              <test-case id="1034" name="ApplyMovementForces_WhenFallen_DoesNotApplyHorizontalForce" fullname="PhysicsDrivenMovement.Tests.PlayMode.PlayerMovementTests.ApplyMovementForces_WhenFallen_DoesNotApplyHorizontalForce" methodname="ApplyMovementForces_WhenFallen_DoesNotApplyHorizontalForce" classname="PhysicsDrivenMovement.Tests.PlayMode.PlayerMovementTests" runstate="Runnable" seed="671928792" result="Passed" start-time="2026-02-22 10:57:39Z" end-time="2026-02-22 10:57:39Z" duration="0.009123" asserts="0">
                <properties>
                  <property name="_JOINTYPE" value="UnityCombinatorial" />
                  <property name="retryIteration" value="0" />
                  <property name="repeatIteration" value="0" />
                </properties>
                <output><![CDATA[[BalanceController] 'TestHips': no GroundSensor found in children. IsGrounded will always be false.
]]></output>
              </test-case>
              <test-case id="1035" name="ApplyMovementForces_WithForwardInput_UsesCameraRelativeDirection" fullname="PhysicsDrivenMovement.Tests.PlayMode.PlayerMovementTests.ApplyMovementForces_WithForwardInput_UsesCameraRelativeDirection" methodname="ApplyMovementForces_WithForwardInput_UsesCameraRelativeDirection" classname="PhysicsDrivenMovement.Tests.PlayMode.PlayerMovementTests" runstate="Runnable" seed="281803921" result="Passed" start-time="2026-02-22 10:57:39Z" end-time="2026-02-22 10:57:39Z" duration="0.010001" asserts="0">
                <properties>
                  <property name="_JOINTYPE" value="UnityCombinatorial" />
                  <property name="retryIteration" value="0" />
                  <property name="repeatIteration" value="0" />
                </properties>
                <output><![CDATA[[BalanceController] 'TestHips': no GroundSensor found in children. IsGrounded will always be false.
]]></output>
              </test-case>
            </test-suite>
            <test-suite type="TestFixture" id="1037" name="PlayerRagdollPrefabPlayModeTests" fullname="PhysicsDrivenMovement.Tests.PlayMode.PlayerRagdollPrefabPlayModeTests" classname="PhysicsDrivenMovement.Tests.PlayMode.PlayerRagdollPrefabPlayModeTests" runstate="Runnable" testcasecount="4" result="Passed" start-time="2026-02-22 10:57:39Z" end-time="2026-02-22 10:58:05Z" duration="26.400171" total="4" passed="4" failed="0" inconclusive="0" skipped="0" asserts="0">
              <properties />
              <test-case id="1040" name="PlayerRagdollPrefab_FromBackFall_RecoversToStanding" fullname="PhysicsDrivenMovement.Tests.PlayMode.PlayerRagdollPrefabPlayModeTests.PlayerRagdollPrefab_FromBackFall_RecoversToStanding" methodname="PlayerRagdollPrefab_FromBackFall_RecoversToStanding" classname="PhysicsDrivenMovement.Tests.PlayMode.PlayerRagdollPrefabPlayModeTests" runstate="Runnable" seed="2091155596" result="Passed" start-time="2026-02-22 10:57:39Z" end-time="2026-02-22 10:57:43Z" duration="4.198915" asserts="0">
                <properties>
                  <property name="_JOINTYPE" value="UnityCombinatorial" />
                  <property name="retryIteration" value="0" />
                  <property name="repeatIteration" value="0" />
                </properties>
              </test-case>
              <test-case id="1039" name="PlayerRagdollPrefab_HipsHasSinglePlayerMovementWithRequiredComponents" fullname="PhysicsDrivenMovement.Tests.PlayMode.PlayerRagdollPrefabPlayModeTests.PlayerRagdollPrefab_HipsHasSinglePlayerMovementWithRequiredComponents" methodname="PlayerRagdollPrefab_HipsHasSinglePlayerMovementWithRequiredComponents" classname="PhysicsDrivenMovement.Tests.PlayMode.PlayerRagdollPrefabPlayModeTests" runstate="Runnable" seed="1556122279" result="Passed" start-time="2026-02-22 10:57:43Z" end-time="2026-02-22 10:57:43Z" duration="0.005828" asserts="0">
                <properties>
                  <property name="retryIteration" value="0" />
                  <property name="repeatIteration" value="0" />
                </properties>
              </test-case>
              <test-case id="1041" name="PlayerRagdollPrefab_LongRun_RemainsRecoverablyStable" fullname="PhysicsDrivenMovement.Tests.PlayMode.PlayerRagdollPrefabPlayModeTests.PlayerRagdollPrefab_LongRun_RemainsRecoverablyStable" methodname="PlayerRagdollPrefab_LongRun_RemainsRecoverablyStable" classname="PhysicsDrivenMovement.Tests.PlayMode.PlayerRagdollPrefabPlayModeTests" runstate="Runnable" seed="907858839" result="Passed" start-time="2026-02-22 10:57:43Z" end-time="2026-02-22 10:58:03Z" duration="19.993398" asserts="0">
                <properties>
                  <property name="_JOINTYPE" value="UnityCombinatorial" />
                  <property name="retryIteration" value="0" />
                  <property name="repeatIteration" value="0" />
                </properties>
              </test-case>
              <test-case id="1038" name="PlayerRagdollPrefab_OnEnvironmentGround_SettlesWithoutImmediateTopple" fullname="PhysicsDrivenMovement.Tests.PlayMode.PlayerRagdollPrefabPlayModeTests.PlayerRagdollPrefab_OnEnvironmentGround_SettlesWithoutImmediateTopple" methodname="PlayerRagdollPrefab_OnEnvironmentGround_SettlesWithoutImmediateTopple" classname="PhysicsDrivenMovement.Tests.PlayMode.PlayerRagdollPrefabPlayModeTests" runstate="Runnable" seed="1525889453" result="Passed" start-time="2026-02-22 10:58:03Z" end-time="2026-02-22 10:58:05Z" duration="2.199935" asserts="0">
                <properties>
                  <property name="_JOINTYPE" value="UnityCombinatorial" />
                  <property name="retryIteration" value="0" />
                  <property name="repeatIteration" value="0" />
                </properties>
              </test-case>
            </test-suite>
            <test-suite type="TestFixture" id="1042" name="RagdollSetupTests" fullname="PhysicsDrivenMovement.Tests.PlayMode.RagdollSetupTests" classname="PhysicsDrivenMovement.Tests.PlayMode.RagdollSetupTests" runstate="Runnable" testcasecount="4" result="Passed" start-time="2026-02-22 10:58:05Z" end-time="2026-02-22 10:58:05Z" duration="0.012489" total="4" passed="4" failed="0" inconclusive="0" skipped="0" asserts="0">
              <properties />
              <test-case id="1043" name="AllBodies_AfterAwake_ContainsHipsAndTorso" fullname="PhysicsDrivenMovement.Tests.PlayMode.RagdollSetupTests.AllBodies_AfterAwake_ContainsHipsAndTorso" methodname="AllBodies_AfterAwake_ContainsHipsAndTorso" classname="PhysicsDrivenMovement.Tests.PlayMode.RagdollSetupTests" runstate="Runnable" seed="1659769401" result="Passed" start-time="2026-02-22 10:58:05Z" end-time="2026-02-22 10:58:05Z" duration="0.003192" asserts="0">
                <properties>
                  <property name="_JOINTYPE" value="UnityCombinatorial" />
                  <property name="retryIteration" value="0" />
                  <property name="repeatIteration" value="0" />
                </properties>
              </test-case>
              <test-case id="1044" name="NeighboringColliders_AfterAwake_CollisionIsIgnored" fullname="PhysicsDrivenMovement.Tests.PlayMode.RagdollSetupTests.NeighboringColliders_AfterAwake_CollisionIsIgnored" methodname="NeighboringColliders_AfterAwake_CollisionIsIgnored" classname="PhysicsDrivenMovement.Tests.PlayMode.RagdollSetupTests" runstate="Runnable" seed="568118097" result="Passed" start-time="2026-02-22 10:58:05Z" end-time="2026-02-22 10:58:05Z" duration="0.002142" asserts="0">
                <properties>
                  <property name="_JOINTYPE" value="UnityCombinatorial" />
                  <property name="retryIteration" value="0" />
                  <property name="repeatIteration" value="0" />
                </properties>
              </test-case>
              <test-case id="1045" name="RagdollWithNoJoints_AfterAwake_DoesNotThrowAndReturnsOneBody" fullname="PhysicsDrivenMovement.Tests.PlayMode.RagdollSetupTests.RagdollWithNoJoints_AfterAwake_DoesNotThrowAndReturnsOneBody" methodname="RagdollWithNoJoints_AfterAwake_DoesNotThrowAndReturnsOneBody" classname="PhysicsDrivenMovement.Tests.PlayMode.RagdollSetupTests" runstate="Runnable" seed="622620381" result="Passed" start-time="2026-02-22 10:58:05Z" end-time="2026-02-22 10:58:05Z" duration="0.003051" asserts="0">
                <properties>
                  <property name="_JOINTYPE" value="UnityCombinatorial" />
                  <property name="retryIteration" value="0" />
                  <property name="repeatIteration" value="0" />
                </properties>
              </test-case>
              <test-case id="1046" name="UnconnectedColliders_AfterAwake_CollisionIsNotIgnored" fullname="PhysicsDrivenMovement.Tests.PlayMode.RagdollSetupTests.UnconnectedColliders_AfterAwake_CollisionIsNotIgnored" methodname="UnconnectedColliders_AfterAwake_CollisionIsNotIgnored" classname="PhysicsDrivenMovement.Tests.PlayMode.RagdollSetupTests" runstate="Runnable" seed="155604820" result="Passed" start-time="2026-02-22 10:58:05Z" end-time="2026-02-22 10:58:05Z" duration="0.002179" asserts="0">
                <properties>
                  <property name="_JOINTYPE" value="UnityCombinatorial" />
                  <property name="retryIteration" value="0" />
                  <property name="repeatIteration" value="0" />
                </properties>
                <output><![CDATA[Saving results to: C:/Users/Usuario/AppData/LocalLow/DefaultCompany/PhysicsDrivenMovementDemo\TestResults.xml
]]></output>
              </test-case>
            </test-suite>
          </test-suite>
        </test-suite>
      </test-suite>
    </test-suite>
  </test-suite>
</test-run>