<?xml version="1.0" encoding="utf-8"?>
<test-run id="2" testcasecount="120" result="Passed" total="120" passed="120" failed="0" inconclusive="0" skipped="0" asserts="0" engine-version="3.5.0.0" clr-version="4.0.30319.42000" start-time="2026-02-22 20:10:55Z" end-time="2026-02-22 20:12:54Z" duration="118.9187217">
  <test-suite type="TestSuite" id="1138" name="PhysicsDrivenMovementDemo" fullname="PhysicsDrivenMovementDemo" runstate="Runnable" testcasecount="120" result="Passed" start-time="2026-02-22 20:10:55Z" end-time="2026-02-22 20:12:54Z" duration="118.918722" total="120" passed="120" failed="0" inconclusive="0" skipped="0" asserts="0">
    <properties>
      <property name="platform" value="PlayMode" />
    </properties>
    <test-suite type="Assembly" id="1131" name="PhysicsDrivenMovement.Tests.PlayMode.dll" fullname="H:/Work/PhysicsDrivenMovementDemo/Library/ScriptAssemblies/PhysicsDrivenMovement.Tests.PlayMode.dll" runstate="Runnable" testcasecount="120" result="Passed" start-time="2026-02-22 20:10:55Z" end-time="2026-02-22 20:12:54Z" duration="118.911156" total="120" passed="120" failed="0" inconclusive="0" skipped="0" asserts="0">
      <properties>
        <property name="_PID" value="26472" />
        <property name="_APPDOMAIN" value="Unity Child Domain" />
        <property name="platform" value="PlayMode" />
        <property name="EditorOnly" value="False" />
      </properties>
      <test-suite type="TestSuite" id="1132" name="PhysicsDrivenMovement" fullname="PhysicsDrivenMovement" runstate="Runnable" testcasecount="120" result="Passed" start-time="2026-02-22 20:10:55Z" end-time="2026-02-22 20:12:54Z" duration="118.910433" total="120" passed="120" failed="0" inconclusive="0" skipped="0" asserts="0">
        <properties />
        <test-suite type="TestSuite" id="1133" name="Tests" fullname="PhysicsDrivenMovement.Tests" runstate="Runnable" testcasecount="120" result="Passed" start-time="2026-02-22 20:10:55Z" end-time="2026-02-22 20:12:54Z" duration="118.910083" total="120" passed="120" failed="0" inconclusive="0" skipped="0" asserts="0">
          <properties />
          <test-suite type="TestSuite" id="1134" name="PlayMode" fullname="PhysicsDrivenMovement.Tests.PlayMode" runstate="Runnable" testcasecount="120" result="Passed" start-time="2026-02-22 20:10:55Z" end-time="2026-02-22 20:12:54Z" duration="118.909182" total="120" passed="120" failed="0" inconclusive="0" skipped="0" asserts="0">
            <properties />
            <test-suite type="TestFixture" id="1001" name="Arena01BalanceStabilityTests" fullname="PhysicsDrivenMovement.Tests.PlayMode.Arena01BalanceStabilityTests" classname="PhysicsDrivenMovement.Tests.PlayMode.Arena01BalanceStabilityTests" runstate="Runnable" testcasecount="2" result="Passed" start-time="2026-02-22 20:10:55Z" end-time="2026-02-22 20:11:40Z" duration="44.688020" total="2" passed="2" failed="0" inconclusive="0" skipped="0" asserts="0">
              <properties />
              <test-case id="1002" name="Arena01_InScenePlayerRagdoll_LongRun_IsRecoverablyStable" fullname="PhysicsDrivenMovement.Tests.PlayMode.Arena01BalanceStabilityTests.Arena01_InScenePlayerRagdoll_LongRun_IsRecoverablyStable" methodname="Arena01_InScenePlayerRagdoll_LongRun_IsRecoverablyStable" classname="PhysicsDrivenMovement.Tests.PlayMode.Arena01BalanceStabilityTests" runstate="Runnable" seed="1553990474" result="Passed" start-time="2026-02-22 20:10:55Z" end-time="2026-02-22 20:11:15Z" duration="20.203687" asserts="0">
                <properties>
                  <property name="_JOINTYPE" value="UnityCombinatorial" />
                  <property name="retryIteration" value="0" />
                  <property name="repeatIteration" value="0" />
                </properties>
                <output><![CDATA[[GameSettings] Physics configured: fixedDeltaTime=0.009999993, solverIterations=12, velocityIterations=4
]]></output>
              </test-case>
              <test-case id="1003" name="Arena01_StartupSettle_RepeatabilitySweep_StaysWithinSafetyBounds" fullname="PhysicsDrivenMovement.Tests.PlayMode.Arena01BalanceStabilityTests.Arena01_StartupSettle_RepeatabilitySweep_StaysWithinSafetyBounds" methodname="Arena01_StartupSettle_RepeatabilitySweep_StaysWithinSafetyBounds" classname="PhysicsDrivenMovement.Tests.PlayMode.Arena01BalanceStabilityTests" runstate="Runnable" seed="2128079703" result="Passed" start-time="2026-02-22 20:11:15Z" end-time="2026-02-22 20:11:40Z" duration="24.470414" asserts="0">
                <properties>
                  <property name="_JOINTYPE" value="UnityCombinatorial" />
                  <property name="retryIteration" value="0" />
                  <property name="repeatIteration" value="0" />
                </properties>
                <output><![CDATA[[GameSettings] Physics configured: fixedDeltaTime=0.009999993, solverIterations=12, velocityIterations=4
[GameSettings] Physics configured: fixedDeltaTime=0.009999993, solverIterations=12, velocityIterations=4
[GameSettings] Physics configured: fixedDeltaTime=0.009999993, solverIterations=12, velocityIterations=4
]]></output>
              </test-case>
            </test-suite>
            <test-suite type="TestFixture" id="1004" name="BalanceControllerIntegrationTests" fullname="PhysicsDrivenMovement.Tests.PlayMode.BalanceControllerIntegrationTests" classname="PhysicsDrivenMovement.Tests.PlayMode.BalanceControllerIntegrationTests" runstate="Runnable" testcasecount="9" result="Passed" start-time="2026-02-22 20:11:40Z" end-time="2026-02-22 20:12:15Z" duration="35.018723" total="9" passed="9" failed="0" inconclusive="0" skipped="0" asserts="0">
              <properties />
              <test-case id="1005" name="Bug_GroundOnWrongLayer_CharacterFallsOver" fullname="PhysicsDrivenMovement.Tests.PlayMode.BalanceControllerIntegrationTests.Bug_GroundOnWrongLayer_CharacterFallsOver" methodname="Bug_GroundOnWrongLayer_CharacterFallsOver" classname="PhysicsDrivenMovement.Tests.PlayMode.BalanceControllerIntegrationTests" runstate="Runnable" seed="2038453660" result="Passed" start-time="2026-02-22 20:11:40Z" end-time="2026-02-22 20:11:42Z" duration="1.997151" asserts="0">
                <properties>
                  <property name="_JOINTYPE" value="UnityCombinatorial" />
                  <property name="retryIteration" value="0" />
                  <property name="repeatIteration" value="0" />
                </properties>
              </test-case>
              <test-case id="1011" name="GroundSensor_DetectsEnvironmentLayerGround" fullname="PhysicsDrivenMovement.Tests.PlayMode.BalanceControllerIntegrationTests.GroundSensor_DetectsEnvironmentLayerGround" methodname="GroundSensor_DetectsEnvironmentLayerGround" classname="PhysicsDrivenMovement.Tests.PlayMode.BalanceControllerIntegrationTests" runstate="Runnable" seed="1663779359" result="Passed" start-time="2026-02-22 20:11:42Z" end-time="2026-02-22 20:11:44Z" duration="1.999111" asserts="0">
                <properties>
                  <property name="_JOINTYPE" value="UnityCombinatorial" />
                  <property name="retryIteration" value="0" />
                  <property name="repeatIteration" value="0" />
                </properties>
              </test-case>
              <test-case id="1012" name="GroundSensor_DoesNotDetectWrongLayerGround" fullname="PhysicsDrivenMovement.Tests.PlayMode.BalanceControllerIntegrationTests.GroundSensor_DoesNotDetectWrongLayerGround" methodname="GroundSensor_DoesNotDetectWrongLayerGround" classname="PhysicsDrivenMovement.Tests.PlayMode.BalanceControllerIntegrationTests" runstate="Runnable" seed="1118052940" result="Passed" start-time="2026-02-22 20:11:44Z" end-time="2026-02-22 20:11:46Z" duration="1.999630" asserts="0">
                <properties>
                  <property name="_JOINTYPE" value="UnityCombinatorial" />
                  <property name="retryIteration" value="0" />
                  <property name="repeatIteration" value="0" />
                </properties>
              </test-case>
              <test-case id="1008" name="ModeratePush_SwaysButRecovers" fullname="PhysicsDrivenMovement.Tests.PlayMode.BalanceControllerIntegrationTests.ModeratePush_SwaysButRecovers" methodname="ModeratePush_SwaysButRecovers" classname="PhysicsDrivenMovement.Tests.PlayMode.BalanceControllerIntegrationTests" runstate="Runnable" seed="735196525" result="Passed" start-time="2026-02-22 20:11:46Z" end-time="2026-02-22 20:11:51Z" duration="4.999953" asserts="0">
                <properties>
                  <property name="_JOINTYPE" value="UnityCombinatorial" />
                  <property name="retryIteration" value="0" />
                  <property name="repeatIteration" value="0" />
                </properties>
              </test-case>
              <test-case id="1009" name="RepeatedSmallPushes_CharacterStaysStanding" fullname="PhysicsDrivenMovement.Tests.PlayMode.BalanceControllerIntegrationTests.RepeatedSmallPushes_CharacterStaysStanding" methodname="RepeatedSmallPushes_CharacterStaysStanding" classname="PhysicsDrivenMovement.Tests.PlayMode.BalanceControllerIntegrationTests" runstate="Runnable" seed="1731532705" result="Passed" start-time="2026-02-22 20:11:51Z" end-time="2026-02-22 20:11:58Z" duration="7.499750" asserts="0">
                <properties>
                  <property name="_JOINTYPE" value="UnityCombinatorial" />
                  <property name="retryIteration" value="0" />
                  <property name="repeatIteration" value="0" />
                </properties>
              </test-case>
              <test-case id="1013" name="SetFacingDirection_ThenPush_StillRecovers" fullname="PhysicsDrivenMovement.Tests.PlayMode.BalanceControllerIntegrationTests.SetFacingDirection_ThenPush_StillRecovers" methodname="SetFacingDirection_ThenPush_StillRecovers" classname="PhysicsDrivenMovement.Tests.PlayMode.BalanceControllerIntegrationTests" runstate="Runnable" seed="1616376289" result="Passed" start-time="2026-02-22 20:11:58Z" end-time="2026-02-22 20:12:04Z" duration="5.499868" asserts="0">
                <properties>
                  <property name="_JOINTYPE" value="UnityCombinatorial" />
                  <property name="retryIteration" value="0" />
                  <property name="repeatIteration" value="0" />
                </properties>
              </test-case>
              <test-case id="1007" name="SmallPush_CausesWobble_ThenRecovers" fullname="PhysicsDrivenMovement.Tests.PlayMode.BalanceControllerIntegrationTests.SmallPush_CausesWobble_ThenRecovers" methodname="SmallPush_CausesWobble_ThenRecovers" classname="PhysicsDrivenMovement.Tests.PlayMode.BalanceControllerIntegrationTests" runstate="Runnable" seed="1333250256" result="Passed" start-time="2026-02-22 20:12:04Z" end-time="2026-02-22 20:12:09Z" duration="5.009745" asserts="0">
                <properties>
                  <property name="_JOINTYPE" value="UnityCombinatorial" />
                  <property name="retryIteration" value="0" />
                  <property name="repeatIteration" value="0" />
                </properties>
              </test-case>
              <test-case id="1006" name="StandsUpright_OnCorrectLayerGround_TiltBelow25Degrees" fullname="PhysicsDrivenMovement.Tests.PlayMode.BalanceControllerIntegrationTests.StandsUpright_OnCorrectLayerGround_TiltBelow25Degrees" methodname="StandsUpright_OnCorrectLayerGround_TiltBelow25Degrees" classname="PhysicsDrivenMovement.Tests.PlayMode.BalanceControllerIntegrationTests" runstate="Runnable" seed="1772359260" result="Passed" start-time="2026-02-22 20:12:09Z" end-time="2026-02-22 20:12:11Z" duration="1.999911" asserts="0">
                <properties>
                  <property name="_JOINTYPE" value="UnityCombinatorial" />
                  <property name="retryIteration" value="0" />
                  <property name="repeatIteration" value="0" />
                </properties>
              </test-case>
              <test-case id="1010" name="StrongPush_KnocksCharacterDown" fullname="PhysicsDrivenMovement.Tests.PlayMode.BalanceControllerIntegrationTests.StrongPush_KnocksCharacterDown" methodname="StrongPush_KnocksCharacterDown" classname="PhysicsDrivenMovement.Tests.PlayMode.BalanceControllerIntegrationTests" runstate="Runnable" seed="611699925" result="Passed" start-time="2026-02-22 20:12:11Z" end-time="2026-02-22 20:12:15Z" duration="4.009854" asserts="0">
                <properties>
                  <property name="_JOINTYPE" value="UnityCombinatorial" />
                  <property name="retryIteration" value="0" />
                  <property name="repeatIteration" value="0" />
                </properties>
              </test-case>
            </test-suite>
            <test-suite type="TestFixture" id="1014" name="BalanceControllerTests" fullname="PhysicsDrivenMovement.Tests.PlayMode.BalanceControllerTests" classname="PhysicsDrivenMovement.Tests.PlayMode.BalanceControllerTests" runstate="Runnable" testcasecount="10" result="Passed" start-time="2026-02-22 20:12:15Z" end-time="2026-02-22 20:12:15Z" duration="0.139810" total="10" passed="10" failed="0" inconclusive="0" skipped="0" asserts="0">
              <properties />
              <test-case id="1024" name="FixedUpdate_WhenFallen_DoesNotApplyTorque" fullname="PhysicsDrivenMovement.Tests.PlayMode.BalanceControllerTests.FixedUpdate_WhenFallen_DoesNotApplyTorque" methodname="FixedUpdate_WhenFallen_DoesNotApplyTorque" classname="PhysicsDrivenMovement.Tests.PlayMode.BalanceControllerTests" runstate="Runnable" seed="1566857598" result="Passed" start-time="2026-02-22 20:12:15Z" end-time="2026-02-22 20:12:15Z" duration="0.012895" asserts="0">
                <properties>
                  <property name="_JOINTYPE" value="UnityCombinatorial" />
                  <property name="retryIteration" value="0" />
                  <property name="repeatIteration" value="0" />
                </properties>
              </test-case>
              <test-case id="1023" name="FixedUpdate_WhenUprightAndTilted_AppliesCorrectionTorque" fullname="PhysicsDrivenMovement.Tests.PlayMode.BalanceControllerTests.FixedUpdate_WhenUprightAndTilted_AppliesCorrectionTorque" methodname="FixedUpdate_WhenUprightAndTilted_AppliesCorrectionTorque" classname="PhysicsDrivenMovement.Tests.PlayMode.BalanceControllerTests" runstate="Runnable" seed="1749792581" result="Passed" start-time="2026-02-22 20:12:15Z" end-time="2026-02-22 20:12:15Z" duration="0.024706" asserts="0">
                <properties>
                  <property name="_JOINTYPE" value="UnityCombinatorial" />
                  <property name="retryIteration" value="0" />
                  <property name="repeatIteration" value="0" />
                </properties>
              </test-case>
              <test-case id="1020" name="IsFallen_Hysteresis_HoldsBetweenEnterAndExitThresholds" fullname="PhysicsDrivenMovement.Tests.PlayMode.BalanceControllerTests.IsFallen_Hysteresis_HoldsBetweenEnterAndExitThresholds" methodname="IsFallen_Hysteresis_HoldsBetweenEnterAndExitThresholds" classname="PhysicsDrivenMovement.Tests.PlayMode.BalanceControllerTests" runstate="Runnable" seed="1083364634" result="Passed" start-time="2026-02-22 20:12:15Z" end-time="2026-02-22 20:12:15Z" duration="0.029609" asserts="0">
                <properties>
                  <property name="_JOINTYPE" value="UnityCombinatorial" />
                  <property name="retryIteration" value="0" />
                  <property name="repeatIteration" value="0" />
                </properties>
              </test-case>
              <test-case id="1019" name="IsFallen_WhenHipsTiltedAtThreshold_ReturnsFalse" fullname="PhysicsDrivenMovement.Tests.PlayMode.BalanceControllerTests.IsFallen_WhenHipsTiltedAtThreshold_ReturnsFalse" methodname="IsFallen_WhenHipsTiltedAtThreshold_ReturnsFalse" classname="PhysicsDrivenMovement.Tests.PlayMode.BalanceControllerTests" runstate="Runnable" seed="1784370759" result="Passed" start-time="2026-02-22 20:12:15Z" end-time="2026-02-22 20:12:15Z" duration="0.010268" asserts="0">
                <properties>
                  <property name="_JOINTYPE" value="UnityCombinatorial" />
                  <property name="retryIteration" value="0" />
                  <property name="repeatIteration" value="0" />
                </properties>
              </test-case>
              <test-case id="1018" name="IsFallen_WhenHipsTiltedBeyondThreshold_ReturnsTrue" fullname="PhysicsDrivenMovement.Tests.PlayMode.BalanceControllerTests.IsFallen_WhenHipsTiltedBeyondThreshold_ReturnsTrue" methodname="IsFallen_WhenHipsTiltedBeyondThreshold_ReturnsTrue" classname="PhysicsDrivenMovement.Tests.PlayMode.BalanceControllerTests" runstate="Runnable" seed="1976256554" result="Passed" start-time="2026-02-22 20:12:15Z" end-time="2026-02-22 20:12:15Z" duration="0.009316" asserts="0">
                <properties>
                  <property name="_JOINTYPE" value="UnityCombinatorial" />
                  <property name="retryIteration" value="0" />
                  <property name="repeatIteration" value="0" />
                </properties>
              </test-case>
              <test-case id="1017" name="IsFallen_WhenHipsUpright_ReturnsFalse" fullname="PhysicsDrivenMovement.Tests.PlayMode.BalanceControllerTests.IsFallen_WhenHipsUpright_ReturnsFalse" methodname="IsFallen_WhenHipsUpright_ReturnsFalse" classname="PhysicsDrivenMovement.Tests.PlayMode.BalanceControllerTests" runstate="Runnable" seed="1370272508" result="Passed" start-time="2026-02-22 20:12:15Z" end-time="2026-02-22 20:12:15Z" duration="0.010069" asserts="0">
                <properties>
                  <property name="_JOINTYPE" value="UnityCombinatorial" />
                  <property name="retryIteration" value="0" />
                  <property name="repeatIteration" value="0" />
                </properties>
              </test-case>
              <test-case id="1016" name="IsGrounded_WhenNoFootOnGround_ReturnsFalse" fullname="PhysicsDrivenMovement.Tests.PlayMode.BalanceControllerTests.IsGrounded_WhenNoFootOnGround_ReturnsFalse" methodname="IsGrounded_WhenNoFootOnGround_ReturnsFalse" classname="PhysicsDrivenMovement.Tests.PlayMode.BalanceControllerTests" runstate="Runnable" seed="1453557534" result="Passed" start-time="2026-02-22 20:12:15Z" end-time="2026-02-22 20:12:15Z" duration="0.009740" asserts="0">
                <properties>
                  <property name="_JOINTYPE" value="UnityCombinatorial" />
                  <property name="retryIteration" value="0" />
                  <property name="repeatIteration" value="0" />
                </properties>
              </test-case>
              <test-case id="1015" name="KP_DefaultValue_IsAtLeast2000" fullname="PhysicsDrivenMovement.Tests.PlayMode.BalanceControllerTests.KP_DefaultValue_IsAtLeast2000" methodname="KP_DefaultValue_IsAtLeast2000" classname="PhysicsDrivenMovement.Tests.PlayMode.BalanceControllerTests" runstate="Runnable" seed="1338548788" result="Passed" start-time="2026-02-22 20:12:15Z" end-time="2026-02-22 20:12:15Z" duration="0.010905" asserts="0">
                <properties>
                  <property name="_JOINTYPE" value="UnityCombinatorial" />
                  <property name="retryIteration" value="0" />
                  <property name="repeatIteration" value="0" />
                </properties>
              </test-case>
              <test-case id="1021" name="SetFacingDirection_WithValidDirection_DoesNotThrow" fullname="PhysicsDrivenMovement.Tests.PlayMode.BalanceControllerTests.SetFacingDirection_WithValidDirection_DoesNotThrow" methodname="SetFacingDirection_WithValidDirection_DoesNotThrow" classname="PhysicsDrivenMovement.Tests.PlayMode.BalanceControllerTests" runstate="Runnable" seed="639837130" result="Passed" start-time="2026-02-22 20:12:15Z" end-time="2026-02-22 20:12:15Z" duration="0.009334" asserts="0">
                <properties>
                  <property name="_JOINTYPE" value="UnityCombinatorial" />
                  <property name="retryIteration" value="0" />
                  <property name="repeatIteration" value="0" />
                </properties>
              </test-case>
              <test-case id="1022" name="SetFacingDirection_WithZeroVector_IsIgnoredSafely" fullname="PhysicsDrivenMovement.Tests.PlayMode.BalanceControllerTests.SetFacingDirection_WithZeroVector_IsIgnoredSafely" methodname="SetFacingDirection_WithZeroVector_IsIgnoredSafely" classname="PhysicsDrivenMovement.Tests.PlayMode.BalanceControllerTests" runstate="Runnable" seed="445615477" result="Passed" start-time="2026-02-22 20:12:15Z" end-time="2026-02-22 20:12:15Z" duration="0.009129" asserts="0">
                <properties>
                  <property name="_JOINTYPE" value="UnityCombinatorial" />
                  <property name="retryIteration" value="0" />
                  <property name="repeatIteration" value="0" />
                </properties>
              </test-case>
            </test-suite>
            <test-suite type="TestFixture" id="1025" name="BalanceControllerTurningTests" fullname="PhysicsDrivenMovement.Tests.PlayMode.BalanceControllerTurningTests" classname="PhysicsDrivenMovement.Tests.PlayMode.BalanceControllerTurningTests" runstate="Runnable" testcasecount="16" result="Passed" start-time="2026-02-22 20:12:15Z" end-time="2026-02-22 20:12:15Z" duration="0.629268" total="16" passed="16" failed="0" inconclusive="0" skipped="0" asserts="0">
              <properties />
              <test-case id="1030" name="AirborneMultiplier_DoesNotAffectYawTorque" fullname="PhysicsDrivenMovement.Tests.PlayMode.BalanceControllerTurningTests.AirborneMultiplier_DoesNotAffectYawTorque" methodname="AirborneMultiplier_DoesNotAffectYawTorque" classname="PhysicsDrivenMovement.Tests.PlayMode.BalanceControllerTurningTests" runstate="Runnable" seed="989144455" result="Passed" start-time="2026-02-22 20:12:15Z" end-time="2026-02-22 20:12:15Z" duration="0.057268" asserts="0">
                <properties>
                  <property name="_JOINTYPE" value="UnityCombinatorial" />
                  <property name="retryIteration" value="0" />
                  <property name="repeatIteration" value="0" />
                </properties>
              </test-case>
              <test-case id="1031" name="AirborneMultiplier_ReducesUprightTorqueWhenAirborne" fullname="PhysicsDrivenMovement.Tests.PlayMode.BalanceControllerTurningTests.AirborneMultiplier_ReducesUprightTorqueWhenAirborne" methodname="AirborneMultiplier_ReducesUprightTorqueWhenAirborne" classname="PhysicsDrivenMovement.Tests.PlayMode.BalanceControllerTurningTests" runstate="Runnable" seed="790867003" result="Passed" start-time="2026-02-22 20:12:15Z" end-time="2026-02-22 20:12:15Z" duration="0.059476" asserts="0">
                <properties>
                  <property name="_JOINTYPE" value="UnityCombinatorial" />
                  <property name="retryIteration" value="0" />
                  <property name="repeatIteration" value="0" />
                </properties>
              </test-case>
              <test-case id="1027" name="BalanceController_HasKDYawField" fullname="PhysicsDrivenMovement.Tests.PlayMode.BalanceControllerTurningTests.BalanceController_HasKDYawField" methodname="BalanceController_HasKDYawField" classname="PhysicsDrivenMovement.Tests.PlayMode.BalanceControllerTurningTests" runstate="Runnable" seed="641612787" result="Passed" start-time="2026-02-22 20:12:15Z" end-time="2026-02-22 20:12:15Z" duration="0.002612" asserts="0">
                <properties>
                  <property name="retryIteration" value="0" />
                  <property name="repeatIteration" value="0" />
                </properties>
              </test-case>
              <test-case id="1026" name="BalanceController_HasKPYawField" fullname="PhysicsDrivenMovement.Tests.PlayMode.BalanceControllerTurningTests.BalanceController_HasKPYawField" methodname="BalanceController_HasKPYawField" classname="PhysicsDrivenMovement.Tests.PlayMode.BalanceControllerTurningTests" runstate="Runnable" seed="981868541" result="Passed" start-time="2026-02-22 20:12:15Z" end-time="2026-02-22 20:12:15Z" duration="0.000437" asserts="0">
                <properties>
                  <property name="retryIteration" value="0" />
                  <property name="repeatIteration" value="0" />
                </properties>
              </test-case>
              <test-case id="1035" name="BalanceController_HasYawDeadZoneDegField" fullname="PhysicsDrivenMovement.Tests.PlayMode.BalanceControllerTurningTests.BalanceController_HasYawDeadZoneDegField" methodname="BalanceController_HasYawDeadZoneDegField" classname="PhysicsDrivenMovement.Tests.PlayMode.BalanceControllerTurningTests" runstate="Runnable" seed="717101159" result="Passed" start-time="2026-02-22 20:12:15Z" end-time="2026-02-22 20:12:15Z" duration="0.000381" asserts="0">
                <properties>
                  <property name="retryIteration" value="0" />
                  <property name="repeatIteration" value="0" />
                </properties>
              </test-case>
              <test-case id="1033" name="Fallen_UprightTorqueStillApplied_AidsRecovery" fullname="PhysicsDrivenMovement.Tests.PlayMode.BalanceControllerTurningTests.Fallen_UprightTorqueStillApplied_AidsRecovery" methodname="Fallen_UprightTorqueStillApplied_AidsRecovery" classname="PhysicsDrivenMovement.Tests.PlayMode.BalanceControllerTurningTests" runstate="Runnable" seed="1041863484" result="Passed" start-time="2026-02-22 20:12:15Z" end-time="2026-02-22 20:12:15Z" duration="0.026355" asserts="0">
                <properties>
                  <property name="_JOINTYPE" value="UnityCombinatorial" />
                  <property name="retryIteration" value="0" />
                  <property name="repeatIteration" value="0" />
                </properties>
              </test-case>
              <test-case id="1039" name="SetFacingDirection_NearDegenerateVector_ProducesNoNaN" fullname="PhysicsDrivenMovement.Tests.PlayMode.BalanceControllerTurningTests.SetFacingDirection_NearDegenerateVector_ProducesNoNaN" methodname="SetFacingDirection_NearDegenerateVector_ProducesNoNaN" classname="PhysicsDrivenMovement.Tests.PlayMode.BalanceControllerTurningTests" runstate="Runnable" seed="1317246244" result="Passed" start-time="2026-02-22 20:12:15Z" end-time="2026-02-22 20:12:15Z" duration="0.039343" asserts="0">
                <properties>
                  <property name="_JOINTYPE" value="UnityCombinatorial" />
                  <property name="retryIteration" value="0" />
                  <property name="repeatIteration" value="0" />
                </properties>
              </test-case>
              <test-case id="1040" name="SetFacingDirection_RapidAlternating_DoesNotCauseRunawaySpin" fullname="PhysicsDrivenMovement.Tests.PlayMode.BalanceControllerTurningTests.SetFacingDirection_RapidAlternating_DoesNotCauseRunawaySpin" methodname="SetFacingDirection_RapidAlternating_DoesNotCauseRunawaySpin" classname="PhysicsDrivenMovement.Tests.PlayMode.BalanceControllerTurningTests" runstate="Runnable" seed="1631905095" result="Passed" start-time="2026-02-22 20:12:15Z" end-time="2026-02-22 20:12:15Z" duration="0.209562" asserts="0">
                <properties>
                  <property name="_JOINTYPE" value="UnityCombinatorial" />
                  <property name="retryIteration" value="0" />
                  <property name="repeatIteration" value="0" />
                </properties>
              </test-case>
              <test-case id="1038" name="SetFacingDirection_ZeroInput_RetainsLastValidFacing" fullname="PhysicsDrivenMovement.Tests.PlayMode.BalanceControllerTurningTests.SetFacingDirection_ZeroInput_RetainsLastValidFacing" methodname="SetFacingDirection_ZeroInput_RetainsLastValidFacing" classname="PhysicsDrivenMovement.Tests.PlayMode.BalanceControllerTurningTests" runstate="Runnable" seed="260317497" result="Passed" start-time="2026-02-22 20:12:15Z" end-time="2026-02-22 20:12:15Z" duration="0.029949" asserts="0">
                <properties>
                  <property name="_JOINTYPE" value="UnityCombinatorial" />
                  <property name="retryIteration" value="0" />
                  <property name="repeatIteration" value="0" />
                </properties>
              </test-case>
              <test-case id="1034" name="SetFacingDirection_ZeroVector_IgnoredNoNaN_AfterTorqueSplit" fullname="PhysicsDrivenMovement.Tests.PlayMode.BalanceControllerTurningTests.SetFacingDirection_ZeroVector_IgnoredNoNaN_AfterTorqueSplit" methodname="SetFacingDirection_ZeroVector_IgnoredNoNaN_AfterTorqueSplit" classname="PhysicsDrivenMovement.Tests.PlayMode.BalanceControllerTurningTests" runstate="Runnable" seed="463403767" result="Passed" start-time="2026-02-22 20:12:15Z" end-time="2026-02-22 20:12:15Z" duration="0.020095" asserts="0">
                <properties>
                  <property name="_JOINTYPE" value="UnityCombinatorial" />
                  <property name="retryIteration" value="0" />
                  <property name="repeatIteration" value="0" />
                </properties>
              </test-case>
              <test-case id="1032" name="SetGroundStateForTest_StillOverridesGroundAndFallenState" fullname="PhysicsDrivenMovement.Tests.PlayMode.BalanceControllerTurningTests.SetGroundStateForTest_StillOverridesGroundAndFallenState" methodname="SetGroundStateForTest_StillOverridesGroundAndFallenState" classname="PhysicsDrivenMovement.Tests.PlayMode.BalanceControllerTurningTests" runstate="Runnable" seed="536205060" result="Passed" start-time="2026-02-22 20:12:15Z" end-time="2026-02-22 20:12:15Z" duration="0.029587" asserts="0">
                <properties>
                  <property name="_JOINTYPE" value="UnityCombinatorial" />
                  <property name="retryIteration" value="0" />
                  <property name="repeatIteration" value="0" />
                </properties>
              </test-case>
              <test-case id="1029" name="UprightCorrection_WhenTiltedAndAlreadyFacingCorrectly_AppliesTorqueAroundPitchRollAxes" fullname="PhysicsDrivenMovement.Tests.PlayMode.BalanceControllerTurningTests.UprightCorrection_WhenTiltedAndAlreadyFacingCorrectly_AppliesTorqueAroundPitchRollAxes" methodname="UprightCorrection_WhenTiltedAndAlreadyFacingCorrectly_AppliesTorqueAroundPitchRollAxes" classname="PhysicsDrivenMovement.Tests.PlayMode.BalanceControllerTurningTests" runstate="Runnable" seed="1291889793" result="Passed" start-time="2026-02-22 20:12:15Z" end-time="2026-02-22 20:12:15Z" duration="0.029898" asserts="0">
                <properties>
                  <property name="_JOINTYPE" value="UnityCombinatorial" />
                  <property name="retryIteration" value="0" />
                  <property name="repeatIteration" value="0" />
                </properties>
              </test-case>
              <test-case id="1028" name="YawCorrection_WhenUprightAndFacingWrong_AppliesTorquePredominantlyAroundWorldY" fullname="PhysicsDrivenMovement.Tests.PlayMode.BalanceControllerTurningTests.YawCorrection_WhenUprightAndFacingWrong_AppliesTorquePredominantlyAroundWorldY" methodname="YawCorrection_WhenUprightAndFacingWrong_AppliesTorquePredominantlyAroundWorldY" classname="PhysicsDrivenMovement.Tests.PlayMode.BalanceControllerTurningTests" runstate="Runnable" seed="728370903" result="Passed" start-time="2026-02-22 20:12:15Z" end-time="2026-02-22 20:12:15Z" duration="0.029755" asserts="0">
                <properties>
                  <property name="_JOINTYPE" value="UnityCombinatorial" />
                  <property name="retryIteration" value="0" />
                  <property name="repeatIteration" value="0" />
                </properties>
              </test-case>
              <test-case id="1037" name="YawTorque_OutsideDeadZone_IsStillApplied" fullname="PhysicsDrivenMovement.Tests.PlayMode.BalanceControllerTurningTests.YawTorque_OutsideDeadZone_IsStillApplied" methodname="YawTorque_OutsideDeadZone_IsStillApplied" classname="PhysicsDrivenMovement.Tests.PlayMode.BalanceControllerTurningTests" runstate="Runnable" seed="1363889692" result="Passed" start-time="2026-02-22 20:12:15Z" end-time="2026-02-22 20:12:15Z" duration="0.029634" asserts="0">
                <properties>
                  <property name="_JOINTYPE" value="UnityCombinatorial" />
                  <property name="retryIteration" value="0" />
                  <property name="repeatIteration" value="0" />
                </properties>
              </test-case>
              <test-case id="1041" name="YawTorque_WhenForwardProjectsNearZeroOnXZ_ProducesNoNaN" fullname="PhysicsDrivenMovement.Tests.PlayMode.BalanceControllerTurningTests.YawTorque_WhenForwardProjectsNearZeroOnXZ_ProducesNoNaN" methodname="YawTorque_WhenForwardProjectsNearZeroOnXZ_ProducesNoNaN" classname="PhysicsDrivenMovement.Tests.PlayMode.BalanceControllerTurningTests" runstate="Runnable" seed="280659534" result="Passed" start-time="2026-02-22 20:12:15Z" end-time="2026-02-22 20:12:15Z" duration="0.029730" asserts="0">
                <properties>
                  <property name="_JOINTYPE" value="UnityCombinatorial" />
                  <property name="retryIteration" value="0" />
                  <property name="repeatIteration" value="0" />
                </properties>
              </test-case>
              <test-case id="1036" name="YawTorque_WithinDeadZone_IsNotApplied" fullname="PhysicsDrivenMovement.Tests.PlayMode.BalanceControllerTurningTests.YawTorque_WithinDeadZone_IsNotApplied" methodname="YawTorque_WithinDeadZone_IsNotApplied" classname="PhysicsDrivenMovement.Tests.PlayMode.BalanceControllerTurningTests" runstate="Runnable" seed="1601408789" result="Passed" start-time="2026-02-22 20:12:15Z" end-time="2026-02-22 20:12:15Z" duration="0.029775" asserts="0">
                <properties>
                  <property name="_JOINTYPE" value="UnityCombinatorial" />
                  <property name="retryIteration" value="0" />
                  <property name="repeatIteration" value="0" />
                </properties>
              </test-case>
            </test-suite>
            <test-suite type="TestFixture" id="1042" name="CharacterStateTests" fullname="PhysicsDrivenMovement.Tests.PlayMode.CharacterStateTests" classname="PhysicsDrivenMovement.Tests.PlayMode.CharacterStateTests" runstate="Runnable" testcasecount="12" result="Passed" start-time="2026-02-22 20:12:15Z" end-time="2026-02-22 20:12:16Z" duration="0.349498" total="12" passed="12" failed="0" inconclusive="0" skipped="0" asserts="0">
              <properties />
              <test-case id="1044" name="Awake_WhenComponentInitializes_CachesRequiredDependencies" fullname="PhysicsDrivenMovement.Tests.PlayMode.CharacterStateTests.Awake_WhenComponentInitializes_CachesRequiredDependencies" methodname="Awake_WhenComponentInitializes_CachesRequiredDependencies" classname="PhysicsDrivenMovement.Tests.PlayMode.CharacterStateTests" runstate="Runnable" seed="495680690" result="Passed" start-time="2026-02-22 20:12:15Z" end-time="2026-02-22 20:12:15Z" duration="0.003640" asserts="0">
                <properties>
                  <property name="_JOINTYPE" value="UnityCombinatorial" />
                  <property name="retryIteration" value="0" />
                  <property name="repeatIteration" value="0" />
                </properties>
                <output><![CDATA[[BalanceController] 'CharacterState_TestRoot': no GroundSensor found in children. IsGrounded will always be false.
]]></output>
              </test-case>
              <test-case id="1043" name="Awake_WhenComponentInitializes_CurrentStateStartsStanding" fullname="PhysicsDrivenMovement.Tests.PlayMode.CharacterStateTests.Awake_WhenComponentInitializes_CurrentStateStartsStanding" methodname="Awake_WhenComponentInitializes_CurrentStateStartsStanding" classname="PhysicsDrivenMovement.Tests.PlayMode.CharacterStateTests" runstate="Runnable" seed="220365743" result="Passed" start-time="2026-02-22 20:12:15Z" end-time="2026-02-22 20:12:15Z" duration="0.003629" asserts="0">
                <properties>
                  <property name="_JOINTYPE" value="UnityCombinatorial" />
                  <property name="retryIteration" value="0" />
                  <property name="repeatIteration" value="0" />
                </properties>
                <output><![CDATA[[BalanceController] 'CharacterState_TestRoot': no GroundSensor found in children. IsGrounded will always be false.
]]></output>
              </test-case>
              <test-case id="1053" name="FixedUpdate_WhenEnteringGettingUp_AppliesSingleUpwardImpulse" fullname="PhysicsDrivenMovement.Tests.PlayMode.CharacterStateTests.FixedUpdate_WhenEnteringGettingUp_AppliesSingleUpwardImpulse" methodname="FixedUpdate_WhenEnteringGettingUp_AppliesSingleUpwardImpulse" classname="PhysicsDrivenMovement.Tests.PlayMode.CharacterStateTests" runstate="Runnable" seed="51777203" result="Passed" start-time="2026-02-22 20:12:15Z" end-time="2026-02-22 20:12:15Z" duration="0.070494" asserts="0">
                <properties>
                  <property name="_JOINTYPE" value="UnityCombinatorial" />
                  <property name="retryIteration" value="0" />
                  <property name="repeatIteration" value="0" />
                </properties>
                <output><![CDATA[[BalanceController] 'CharacterState_TestRoot': no GroundSensor found in children. IsGrounded will always be false.
]]></output>
              </test-case>
              <test-case id="1051" name="FixedUpdate_WhenFallenGroundedBeforeDelay_RemainsFallen" fullname="PhysicsDrivenMovement.Tests.PlayMode.CharacterStateTests.FixedUpdate_WhenFallenGroundedBeforeDelay_RemainsFallen" methodname="FixedUpdate_WhenFallenGroundedBeforeDelay_RemainsFallen" classname="PhysicsDrivenMovement.Tests.PlayMode.CharacterStateTests" runstate="Runnable" seed="1488386526" result="Passed" start-time="2026-02-22 20:12:15Z" end-time="2026-02-22 20:12:16Z" duration="0.018838" asserts="0">
                <properties>
                  <property name="_JOINTYPE" value="UnityCombinatorial" />
                  <property name="retryIteration" value="0" />
                  <property name="repeatIteration" value="0" />
                </properties>
                <output><![CDATA[[BalanceController] 'CharacterState_TestRoot': no GroundSensor found in children. IsGrounded will always be false.
]]></output>
              </test-case>
              <test-case id="1052" name="FixedUpdate_WhenFallenGroundedPastDelayAndKnockout_TransitionsToGettingUp" fullname="PhysicsDrivenMovement.Tests.PlayMode.CharacterStateTests.FixedUpdate_WhenFallenGroundedPastDelayAndKnockout_TransitionsToGettingUp" methodname="FixedUpdate_WhenFallenGroundedPastDelayAndKnockout_TransitionsToGettingUp" classname="PhysicsDrivenMovement.Tests.PlayMode.CharacterStateTests" runstate="Runnable" seed="1319404252" result="Passed" start-time="2026-02-22 20:12:16Z" end-time="2026-02-22 20:12:16Z" duration="0.069993" asserts="0">
                <properties>
                  <property name="_JOINTYPE" value="UnityCombinatorial" />
                  <property name="retryIteration" value="0" />
                  <property name="repeatIteration" value="0" />
                </properties>
                <output><![CDATA[[BalanceController] 'CharacterState_TestRoot': no GroundSensor found in children. IsGrounded will always be false.
]]></output>
              </test-case>
              <test-case id="1048" name="FixedUpdate_WhenFallenSignalTrue_TransitionsToFallen" fullname="PhysicsDrivenMovement.Tests.PlayMode.CharacterStateTests.FixedUpdate_WhenFallenSignalTrue_TransitionsToFallen" methodname="FixedUpdate_WhenFallenSignalTrue_TransitionsToFallen" classname="PhysicsDrivenMovement.Tests.PlayMode.CharacterStateTests" runstate="Runnable" seed="2086670751" result="Passed" start-time="2026-02-22 20:12:16Z" end-time="2026-02-22 20:12:16Z" duration="0.009774" asserts="0">
                <properties>
                  <property name="_JOINTYPE" value="UnityCombinatorial" />
                  <property name="retryIteration" value="0" />
                  <property name="repeatIteration" value="0" />
                </properties>
                <output><![CDATA[[BalanceController] 'CharacterState_TestRoot': no GroundSensor found in children. IsGrounded will always be false.
]]></output>
              </test-case>
              <test-case id="1054" name="FixedUpdate_WhenGettingUpExceedsTimeout_TransitionsToStanding" fullname="PhysicsDrivenMovement.Tests.PlayMode.CharacterStateTests.FixedUpdate_WhenGettingUpExceedsTimeout_TransitionsToStanding" methodname="FixedUpdate_WhenGettingUpExceedsTimeout_TransitionsToStanding" classname="PhysicsDrivenMovement.Tests.PlayMode.CharacterStateTests" runstate="Runnable" seed="2006927382" result="Passed" start-time="2026-02-22 20:12:16Z" end-time="2026-02-22 20:12:16Z" duration="0.069948" asserts="0">
                <properties>
                  <property name="_JOINTYPE" value="UnityCombinatorial" />
                  <property name="retryIteration" value="0" />
                  <property name="repeatIteration" value="0" />
                </properties>
                <output><![CDATA[[BalanceController] 'CharacterState_TestRoot': no GroundSensor found in children. IsGrounded will always be false.
]]></output>
              </test-case>
              <test-case id="1045" name="FixedUpdate_WhenGroundedAndMoveInputExceedsEnterThreshold_TransitionsStandingToMoving" fullname="PhysicsDrivenMovement.Tests.PlayMode.CharacterStateTests.FixedUpdate_WhenGroundedAndMoveInputExceedsEnterThreshold_TransitionsStandingToMoving" methodname="FixedUpdate_WhenGroundedAndMoveInputExceedsEnterThreshold_TransitionsStandingToMoving" classname="PhysicsDrivenMovement.Tests.PlayMode.CharacterStateTests" runstate="Runnable" seed="1527971276" result="Passed" start-time="2026-02-22 20:12:16Z" end-time="2026-02-22 20:12:16Z" duration="0.009544" asserts="0">
                <properties>
                  <property name="_JOINTYPE" value="UnityCombinatorial" />
                  <property name="retryIteration" value="0" />
                  <property name="repeatIteration" value="0" />
                </properties>
                <output><![CDATA[[BalanceController] 'CharacterState_TestRoot': no GroundSensor found in children. IsGrounded will always be false.
]]></output>
              </test-case>
              <test-case id="1047" name="FixedUpdate_WhenGroundedSignalLost_TransitionsToAirborne" fullname="PhysicsDrivenMovement.Tests.PlayMode.CharacterStateTests.FixedUpdate_WhenGroundedSignalLost_TransitionsToAirborne" methodname="FixedUpdate_WhenGroundedSignalLost_TransitionsToAirborne" classname="PhysicsDrivenMovement.Tests.PlayMode.CharacterStateTests" runstate="Runnable" seed="1169804386" result="Passed" start-time="2026-02-22 20:12:16Z" end-time="2026-02-22 20:12:16Z" duration="0.009574" asserts="0">
                <properties>
                  <property name="_JOINTYPE" value="UnityCombinatorial" />
                  <property name="retryIteration" value="0" />
                  <property name="repeatIteration" value="0" />
                </properties>
                <output><![CDATA[[BalanceController] 'CharacterState_TestRoot': no GroundSensor found in children. IsGrounded will always be false.
]]></output>
              </test-case>
              <test-case id="1046" name="FixedUpdate_WhenMovingAndMoveInputDropsBelowExitThreshold_TransitionsMovingToStanding" fullname="PhysicsDrivenMovement.Tests.PlayMode.CharacterStateTests.FixedUpdate_WhenMovingAndMoveInputDropsBelowExitThreshold_TransitionsMovingToStanding" methodname="FixedUpdate_WhenMovingAndMoveInputDropsBelowExitThreshold_TransitionsMovingToStanding" classname="PhysicsDrivenMovement.Tests.PlayMode.CharacterStateTests" runstate="Runnable" seed="1979063264" result="Passed" start-time="2026-02-22 20:12:16Z" end-time="2026-02-22 20:12:16Z" duration="0.019801" asserts="0">
                <properties>
                  <property name="_JOINTYPE" value="UnityCombinatorial" />
                  <property name="retryIteration" value="0" />
                  <property name="repeatIteration" value="0" />
                </properties>
                <output><![CDATA[[BalanceController] 'CharacterState_TestRoot': no GroundSensor found in children. IsGrounded will always be false.
]]></output>
              </test-case>
              <test-case id="1049" name="FixedUpdate_WhenRecoveredFromFallenAndGroundedBeforeTimer_StaysFallen" fullname="PhysicsDrivenMovement.Tests.PlayMode.CharacterStateTests.FixedUpdate_WhenRecoveredFromFallenAndGroundedBeforeTimer_StaysFallen" methodname="FixedUpdate_WhenRecoveredFromFallenAndGroundedBeforeTimer_StaysFallen" classname="PhysicsDrivenMovement.Tests.PlayMode.CharacterStateTests" runstate="Runnable" seed="1841122529" result="Passed" start-time="2026-02-22 20:12:16Z" end-time="2026-02-22 20:12:16Z" duration="0.019972" asserts="0">
                <properties>
                  <property name="_JOINTYPE" value="UnityCombinatorial" />
                  <property name="retryIteration" value="0" />
                  <property name="repeatIteration" value="0" />
                </properties>
                <output><![CDATA[[BalanceController] 'CharacterState_TestRoot': no GroundSensor found in children. IsGrounded will always be false.
]]></output>
              </test-case>
              <test-case id="1050" name="FixedUpdate_WhenStateUnchanged_OnStateChangedFiresOnlyForActualChanges" fullname="PhysicsDrivenMovement.Tests.PlayMode.CharacterStateTests.FixedUpdate_WhenStateUnchanged_OnStateChangedFiresOnlyForActualChanges" methodname="FixedUpdate_WhenStateUnchanged_OnStateChangedFiresOnlyForActualChanges" classname="PhysicsDrivenMovement.Tests.PlayMode.CharacterStateTests" runstate="Runnable" seed="383936461" result="Passed" start-time="2026-02-22 20:12:16Z" end-time="2026-02-22 20:12:16Z" duration="0.039543" asserts="0">
                <properties>
                  <property name="_JOINTYPE" value="UnityCombinatorial" />
                  <property name="retryIteration" value="0" />
                  <property name="repeatIteration" value="0" />
                </properties>
                <output><![CDATA[[BalanceController] 'CharacterState_TestRoot': no GroundSensor found in children. IsGrounded will always be false.
]]></output>
              </test-case>
            </test-suite>
            <test-suite type="TestFixture" id="1055" name="LegAnimatorTests" fullname="PhysicsDrivenMovement.Tests.PlayMode.LegAnimatorTests" classname="PhysicsDrivenMovement.Tests.PlayMode.LegAnimatorTests" runstate="Runnable" testcasecount="45" result="Passed" start-time="2026-02-22 20:12:16Z" end-time="2026-02-22 20:12:27Z" duration="11.593702" total="45" passed="45" failed="0" inconclusive="0" skipped="0" asserts="0">
              <properties />
              <test-case id="1061" name="Awake_CachesCharacterStateReference" fullname="PhysicsDrivenMovement.Tests.PlayMode.LegAnimatorTests.Awake_CachesCharacterStateReference" methodname="Awake_CachesCharacterStateReference" classname="PhysicsDrivenMovement.Tests.PlayMode.LegAnimatorTests" runstate="Runnable" seed="2012756115" result="Passed" start-time="2026-02-22 20:12:16Z" end-time="2026-02-22 20:12:16Z" duration="0.004032" asserts="0">
                <properties>
                  <property name="_JOINTYPE" value="UnityCombinatorial" />
                  <property name="retryIteration" value="0" />
                  <property name="repeatIteration" value="0" />
                </properties>
                <output><![CDATA[[BalanceController] 'Hips': no GroundSensor found in children. IsGrounded will always be false.
]]></output>
              </test-case>
              <test-case id="1058" name="Awake_CachesLowerLegLJoint" fullname="PhysicsDrivenMovement.Tests.PlayMode.LegAnimatorTests.Awake_CachesLowerLegLJoint" methodname="Awake_CachesLowerLegLJoint" classname="PhysicsDrivenMovement.Tests.PlayMode.LegAnimatorTests" runstate="Runnable" seed="573077574" result="Passed" start-time="2026-02-22 20:12:16Z" end-time="2026-02-22 20:12:16Z" duration="0.003489" asserts="0">
                <properties>
                  <property name="_JOINTYPE" value="UnityCombinatorial" />
                  <property name="retryIteration" value="0" />
                  <property name="repeatIteration" value="0" />
                </properties>
                <output><![CDATA[[BalanceController] 'Hips': no GroundSensor found in children. IsGrounded will always be false.
]]></output>
              </test-case>
              <test-case id="1059" name="Awake_CachesLowerLegRJoint" fullname="PhysicsDrivenMovement.Tests.PlayMode.LegAnimatorTests.Awake_CachesLowerLegRJoint" methodname="Awake_CachesLowerLegRJoint" classname="PhysicsDrivenMovement.Tests.PlayMode.LegAnimatorTests" runstate="Runnable" seed="483757975" result="Passed" start-time="2026-02-22 20:12:16Z" end-time="2026-02-22 20:12:16Z" duration="0.003643" asserts="0">
                <properties>
                  <property name="_JOINTYPE" value="UnityCombinatorial" />
                  <property name="retryIteration" value="0" />
                  <property name="repeatIteration" value="0" />
                </properties>
                <output><![CDATA[[BalanceController] 'Hips': no GroundSensor found in children. IsGrounded will always be false.
]]></output>
              </test-case>
              <test-case id="1060" name="Awake_CachesPlayerMovementReference" fullname="PhysicsDrivenMovement.Tests.PlayMode.LegAnimatorTests.Awake_CachesPlayerMovementReference" methodname="Awake_CachesPlayerMovementReference" classname="PhysicsDrivenMovement.Tests.PlayMode.LegAnimatorTests" runstate="Runnable" seed="1783642980" result="Passed" start-time="2026-02-22 20:12:16Z" end-time="2026-02-22 20:12:16Z" duration="0.003739" asserts="0">
                <properties>
                  <property name="_JOINTYPE" value="UnityCombinatorial" />
                  <property name="retryIteration" value="0" />
                  <property name="repeatIteration" value="0" />
                </properties>
                <output><![CDATA[[BalanceController] 'Hips': no GroundSensor found in children. IsGrounded will always be false.
]]></output>
              </test-case>
              <test-case id="1056" name="Awake_CachesUpperLegLJoint" fullname="PhysicsDrivenMovement.Tests.PlayMode.LegAnimatorTests.Awake_CachesUpperLegLJoint" methodname="Awake_CachesUpperLegLJoint" classname="PhysicsDrivenMovement.Tests.PlayMode.LegAnimatorTests" runstate="Runnable" seed="1204522176" result="Passed" start-time="2026-02-22 20:12:16Z" end-time="2026-02-22 20:12:16Z" duration="0.003275" asserts="0">
                <properties>
                  <property name="_JOINTYPE" value="UnityCombinatorial" />
                  <property name="retryIteration" value="0" />
                  <property name="repeatIteration" value="0" />
                </properties>
                <output><![CDATA[[BalanceController] 'Hips': no GroundSensor found in children. IsGrounded will always be false.
]]></output>
              </test-case>
              <test-case id="1057" name="Awake_CachesUpperLegRJoint" fullname="PhysicsDrivenMovement.Tests.PlayMode.LegAnimatorTests.Awake_CachesUpperLegRJoint" methodname="Awake_CachesUpperLegRJoint" classname="PhysicsDrivenMovement.Tests.PlayMode.LegAnimatorTests" runstate="Runnable" seed="682646583" result="Passed" start-time="2026-02-22 20:12:16Z" end-time="2026-02-22 20:12:16Z" duration="0.003036" asserts="0">
                <properties>
                  <property name="_JOINTYPE" value="UnityCombinatorial" />
                  <property name="retryIteration" value="0" />
                  <property name="repeatIteration" value="0" />
                </properties>
                <output><![CDATA[[BalanceController] 'Hips': no GroundSensor found in children. IsGrounded will always be false.
]]></output>
              </test-case>
              <test-case id="1082" name="FixedUpdate_AfterLongIdle_LegJointsAreNearIdentity" fullname="PhysicsDrivenMovement.Tests.PlayMode.LegAnimatorTests.FixedUpdate_AfterLongIdle_LegJointsAreNearIdentity" methodname="FixedUpdate_AfterLongIdle_LegJointsAreNearIdentity" classname="PhysicsDrivenMovement.Tests.PlayMode.LegAnimatorTests" runstate="Runnable" seed="724871821" result="Passed" start-time="2026-02-22 20:12:16Z" end-time="2026-02-22 20:12:18Z" duration="2.154999" asserts="0">
                <properties>
                  <property name="_JOINTYPE" value="UnityCombinatorial" />
                  <property name="retryIteration" value="0" />
                  <property name="repeatIteration" value="0" />
                </properties>
                <output><![CDATA[[BalanceController] 'Hips': no GroundSensor found in children. IsGrounded will always be false.
]]></output>
              </test-case>
              <test-case id="1078" name="FixedUpdate_AfterMoving_WhenInputStops_LowerLegLBlendsTowardIdentity" fullname="PhysicsDrivenMovement.Tests.PlayMode.LegAnimatorTests.FixedUpdate_AfterMoving_WhenInputStops_LowerLegLBlendsTowardIdentity" methodname="FixedUpdate_AfterMoving_WhenInputStops_LowerLegLBlendsTowardIdentity" classname="PhysicsDrivenMovement.Tests.PlayMode.LegAnimatorTests" runstate="Runnable" seed="1960069662" result="Passed" start-time="2026-02-22 20:12:18Z" end-time="2026-02-22 20:12:19Z" duration="0.653644" asserts="0">
                <properties>
                  <property name="_JOINTYPE" value="UnityCombinatorial" />
                  <property name="retryIteration" value="0" />
                  <property name="repeatIteration" value="0" />
                </properties>
                <output><![CDATA[[BalanceController] 'Hips': no GroundSensor found in children. IsGrounded will always be false.
]]></output>
              </test-case>
              <test-case id="1079" name="FixedUpdate_AfterMoving_WhenInputStops_LowerLegRBlendsTowardIdentity" fullname="PhysicsDrivenMovement.Tests.PlayMode.LegAnimatorTests.FixedUpdate_AfterMoving_WhenInputStops_LowerLegRBlendsTowardIdentity" methodname="FixedUpdate_AfterMoving_WhenInputStops_LowerLegRBlendsTowardIdentity" classname="PhysicsDrivenMovement.Tests.PlayMode.LegAnimatorTests" runstate="Runnable" seed="147421671" result="Passed" start-time="2026-02-22 20:12:19Z" end-time="2026-02-22 20:12:19Z" duration="0.654148" asserts="0">
                <properties>
                  <property name="_JOINTYPE" value="UnityCombinatorial" />
                  <property name="retryIteration" value="0" />
                  <property name="repeatIteration" value="0" />
                </properties>
                <output><![CDATA[[BalanceController] 'Hips': no GroundSensor found in children. IsGrounded will always be false.
]]></output>
              </test-case>
              <test-case id="1076" name="FixedUpdate_AfterMoving_WhenInputStops_UpperLegLBlendsTowardIdentity" fullname="PhysicsDrivenMovement.Tests.PlayMode.LegAnimatorTests.FixedUpdate_AfterMoving_WhenInputStops_UpperLegLBlendsTowardIdentity" methodname="FixedUpdate_AfterMoving_WhenInputStops_UpperLegLBlendsTowardIdentity" classname="PhysicsDrivenMovement.Tests.PlayMode.LegAnimatorTests" runstate="Runnable" seed="1005252449" result="Passed" start-time="2026-02-22 20:12:19Z" end-time="2026-02-22 20:12:20Z" duration="0.654176" asserts="0">
                <properties>
                  <property name="_JOINTYPE" value="UnityCombinatorial" />
                  <property name="retryIteration" value="0" />
                  <property name="repeatIteration" value="0" />
                </properties>
                <output><![CDATA[[BalanceController] 'Hips': no GroundSensor found in children. IsGrounded will always be false.
]]></output>
              </test-case>
              <test-case id="1077" name="FixedUpdate_AfterMoving_WhenInputStops_UpperLegRBlendsTowardIdentity" fullname="PhysicsDrivenMovement.Tests.PlayMode.LegAnimatorTests.FixedUpdate_AfterMoving_WhenInputStops_UpperLegRBlendsTowardIdentity" methodname="FixedUpdate_AfterMoving_WhenInputStops_UpperLegRBlendsTowardIdentity" classname="PhysicsDrivenMovement.Tests.PlayMode.LegAnimatorTests" runstate="Runnable" seed="605412902" result="Passed" start-time="2026-02-22 20:12:20Z" end-time="2026-02-22 20:12:21Z" duration="0.659346" asserts="0">
                <properties>
                  <property name="_JOINTYPE" value="UnityCombinatorial" />
                  <property name="retryIteration" value="0" />
                  <property name="repeatIteration" value="0" />
                </properties>
                <output><![CDATA[[BalanceController] 'Hips': no GroundSensor found in children. IsGrounded will always be false.
]]></output>
              </test-case>
              <test-case id="1081" name="FixedUpdate_QuickMoveStopMove_NoAbruptRotationJump" fullname="PhysicsDrivenMovement.Tests.PlayMode.LegAnimatorTests.FixedUpdate_QuickMoveStopMove_NoAbruptRotationJump" methodname="FixedUpdate_QuickMoveStopMove_NoAbruptRotationJump" classname="PhysicsDrivenMovement.Tests.PlayMode.LegAnimatorTests" runstate="Runnable" seed="1342612896" result="Passed" start-time="2026-02-22 20:12:21Z" end-time="2026-02-22 20:12:21Z" duration="0.175377" asserts="0">
                <properties>
                  <property name="_JOINTYPE" value="UnityCombinatorial" />
                  <property name="retryIteration" value="0" />
                  <property name="repeatIteration" value="0" />
                </properties>
                <output><![CDATA[[BalanceController] 'Hips': no GroundSensor found in children. IsGrounded will always be false.
]]></output>
              </test-case>
              <test-case id="1080" name="FixedUpdate_WhenInputStops_PhaseDecaysTowardZero" fullname="PhysicsDrivenMovement.Tests.PlayMode.LegAnimatorTests.FixedUpdate_WhenInputStops_PhaseDecaysTowardZero" methodname="FixedUpdate_WhenInputStops_PhaseDecaysTowardZero" classname="PhysicsDrivenMovement.Tests.PlayMode.LegAnimatorTests" runstate="Runnable" seed="1381783441" result="Passed" start-time="2026-02-22 20:12:21Z" end-time="2026-02-22 20:12:21Z" duration="0.704432" asserts="0">
                <properties>
                  <property name="_JOINTYPE" value="UnityCombinatorial" />
                  <property name="retryIteration" value="0" />
                  <property name="repeatIteration" value="0" />
                </properties>
                <output><![CDATA[[BalanceController] 'Hips': no GroundSensor found in children. IsGrounded will always be false.
]]></output>
              </test-case>
              <test-case id="1063" name="FixedUpdate_WhenMoveInputIsNonZero_PhaseAccumulatorAdvances" fullname="PhysicsDrivenMovement.Tests.PlayMode.LegAnimatorTests.FixedUpdate_WhenMoveInputIsNonZero_PhaseAccumulatorAdvances" methodname="FixedUpdate_WhenMoveInputIsNonZero_PhaseAccumulatorAdvances" classname="PhysicsDrivenMovement.Tests.PlayMode.LegAnimatorTests" runstate="Runnable" seed="1262288300" result="Passed" start-time="2026-02-22 20:12:21Z" end-time="2026-02-22 20:12:21Z" duration="0.024617" asserts="0">
                <properties>
                  <property name="_JOINTYPE" value="UnityCombinatorial" />
                  <property name="retryIteration" value="0" />
                  <property name="repeatIteration" value="0" />
                </properties>
                <output><![CDATA[[BalanceController] 'Hips': no GroundSensor found in children. IsGrounded will always be false.
]]></output>
              </test-case>
              <test-case id="1062" name="FixedUpdate_WhenMoveInputIsZero_PhaseAccumulatorDoesNotAdvance" fullname="PhysicsDrivenMovement.Tests.PlayMode.LegAnimatorTests.FixedUpdate_WhenMoveInputIsZero_PhaseAccumulatorDoesNotAdvance" methodname="FixedUpdate_WhenMoveInputIsZero_PhaseAccumulatorDoesNotAdvance" classname="PhysicsDrivenMovement.Tests.PlayMode.LegAnimatorTests" runstate="Runnable" seed="1196963459" result="Passed" start-time="2026-02-22 20:12:21Z" end-time="2026-02-22 20:12:21Z" duration="0.020470" asserts="0">
                <properties>
                  <property name="_JOINTYPE" value="UnityCombinatorial" />
                  <property name="retryIteration" value="0" />
                  <property name="repeatIteration" value="0" />
                </properties>
                <output><![CDATA[[BalanceController] 'Hips': no GroundSensor found in children. IsGrounded will always be false.
]]></output>
              </test-case>
              <test-case id="1083" name="FixedUpdate_WhenMoving_ArmJointsAreNotModified" fullname="PhysicsDrivenMovement.Tests.PlayMode.LegAnimatorTests.FixedUpdate_WhenMoving_ArmJointsAreNotModified" methodname="FixedUpdate_WhenMoving_ArmJointsAreNotModified" classname="PhysicsDrivenMovement.Tests.PlayMode.LegAnimatorTests" runstate="Runnable" seed="2114570874" result="Passed" start-time="2026-02-22 20:12:21Z" end-time="2026-02-22 20:12:22Z" duration="0.203612" asserts="0">
                <properties>
                  <property name="_JOINTYPE" value="UnityCombinatorial" />
                  <property name="retryIteration" value="0" />
                  <property name="repeatIteration" value="0" />
                </properties>
                <output><![CDATA[[BalanceController] 'Hips': no GroundSensor found in children. IsGrounded will always be false.
]]></output>
              </test-case>
              <test-case id="1066" name="FixedUpdate_WhenMoving_LowerLegLTargetRotationChanges" fullname="PhysicsDrivenMovement.Tests.PlayMode.LegAnimatorTests.FixedUpdate_WhenMoving_LowerLegLTargetRotationChanges" methodname="FixedUpdate_WhenMoving_LowerLegLTargetRotationChanges" classname="PhysicsDrivenMovement.Tests.PlayMode.LegAnimatorTests" runstate="Runnable" seed="1959405969" result="Passed" start-time="2026-02-22 20:12:22Z" end-time="2026-02-22 20:12:22Z" duration="0.103479" asserts="0">
                <properties>
                  <property name="_JOINTYPE" value="UnityCombinatorial" />
                  <property name="retryIteration" value="0" />
                  <property name="repeatIteration" value="0" />
                </properties>
                <output><![CDATA[[BalanceController] 'Hips': no GroundSensor found in children. IsGrounded will always be false.
]]></output>
              </test-case>
              <test-case id="1067" name="FixedUpdate_WhenMoving_LowerLegRTargetRotationChanges" fullname="PhysicsDrivenMovement.Tests.PlayMode.LegAnimatorTests.FixedUpdate_WhenMoving_LowerLegRTargetRotationChanges" methodname="FixedUpdate_WhenMoving_LowerLegRTargetRotationChanges" classname="PhysicsDrivenMovement.Tests.PlayMode.LegAnimatorTests" runstate="Runnable" seed="1138180749" result="Passed" start-time="2026-02-22 20:12:22Z" end-time="2026-02-22 20:12:22Z" duration="0.103944" asserts="0">
                <properties>
                  <property name="_JOINTYPE" value="UnityCombinatorial" />
                  <property name="retryIteration" value="0" />
                  <property name="repeatIteration" value="0" />
                </properties>
                <output><![CDATA[[BalanceController] 'Hips': no GroundSensor found in children. IsGrounded will always be false.
]]></output>
              </test-case>
              <test-case id="1064" name="FixedUpdate_WhenMoving_UpperLegLTargetRotationChanges" fullname="PhysicsDrivenMovement.Tests.PlayMode.LegAnimatorTests.FixedUpdate_WhenMoving_UpperLegLTargetRotationChanges" methodname="FixedUpdate_WhenMoving_UpperLegLTargetRotationChanges" classname="PhysicsDrivenMovement.Tests.PlayMode.LegAnimatorTests" runstate="Runnable" seed="1826866984" result="Passed" start-time="2026-02-22 20:12:22Z" end-time="2026-02-22 20:12:22Z" duration="0.104255" asserts="0">
                <properties>
                  <property name="_JOINTYPE" value="UnityCombinatorial" />
                  <property name="retryIteration" value="0" />
                  <property name="repeatIteration" value="0" />
                </properties>
                <output><![CDATA[[BalanceController] 'Hips': no GroundSensor found in children. IsGrounded will always be false.
]]></output>
              </test-case>
              <test-case id="1065" name="FixedUpdate_WhenMoving_UpperLegRTargetRotationChanges" fullname="PhysicsDrivenMovement.Tests.PlayMode.LegAnimatorTests.FixedUpdate_WhenMoving_UpperLegRTargetRotationChanges" methodname="FixedUpdate_WhenMoving_UpperLegRTargetRotationChanges" classname="PhysicsDrivenMovement.Tests.PlayMode.LegAnimatorTests" runstate="Runnable" seed="830627180" result="Passed" start-time="2026-02-22 20:12:22Z" end-time="2026-02-22 20:12:22Z" duration="0.105055" asserts="0">
                <properties>
                  <property name="_JOINTYPE" value="UnityCombinatorial" />
                  <property name="retryIteration" value="0" />
                  <property name="repeatIteration" value="0" />
                </properties>
                <output><![CDATA[[BalanceController] 'Hips': no GroundSensor found in children. IsGrounded will always be false.
]]></output>
              </test-case>
              <test-case id="1068" name="FixedUpdate_WhenMoving_UpperLegsAreAlternating" fullname="PhysicsDrivenMovement.Tests.PlayMode.LegAnimatorTests.FixedUpdate_WhenMoving_UpperLegsAreAlternating" methodname="FixedUpdate_WhenMoving_UpperLegsAreAlternating" classname="PhysicsDrivenMovement.Tests.PlayMode.LegAnimatorTests" runstate="Runnable" seed="1668375402" result="Passed" start-time="2026-02-22 20:12:22Z" end-time="2026-02-22 20:12:22Z" duration="0.303464" asserts="0">
                <properties>
                  <property name="_JOINTYPE" value="UnityCombinatorial" />
                  <property name="retryIteration" value="0" />
                  <property name="repeatIteration" value="0" />
                </properties>
                <output><![CDATA[[BalanceController] 'Hips': no GroundSensor found in children. IsGrounded will always be false.
]]></output>
              </test-case>
              <test-case id="1071" name="FixedUpdate_WhenStateFallen_LowerLegsReturnToIdentity" fullname="PhysicsDrivenMovement.Tests.PlayMode.LegAnimatorTests.FixedUpdate_WhenStateFallen_LowerLegsReturnToIdentity" methodname="FixedUpdate_WhenStateFallen_LowerLegsReturnToIdentity" classname="PhysicsDrivenMovement.Tests.PlayMode.LegAnimatorTests" runstate="Runnable" seed="112267204" result="Passed" start-time="2026-02-22 20:12:22Z" end-time="2026-02-22 20:12:23Z" duration="0.114065" asserts="0">
                <properties>
                  <property name="_JOINTYPE" value="UnityCombinatorial" />
                  <property name="retryIteration" value="0" />
                  <property name="repeatIteration" value="0" />
                </properties>
                <output><![CDATA[[BalanceController] 'Hips': no GroundSensor found in children. IsGrounded will always be false.
]]></output>
              </test-case>
              <test-case id="1069" name="FixedUpdate_WhenStateFallen_UpperLegLReturnsToIdentity" fullname="PhysicsDrivenMovement.Tests.PlayMode.LegAnimatorTests.FixedUpdate_WhenStateFallen_UpperLegLReturnsToIdentity" methodname="FixedUpdate_WhenStateFallen_UpperLegLReturnsToIdentity" classname="PhysicsDrivenMovement.Tests.PlayMode.LegAnimatorTests" runstate="Runnable" seed="1144116407" result="Passed" start-time="2026-02-22 20:12:23Z" end-time="2026-02-22 20:12:23Z" duration="0.119770" asserts="0">
                <properties>
                  <property name="_JOINTYPE" value="UnityCombinatorial" />
                  <property name="retryIteration" value="0" />
                  <property name="repeatIteration" value="0" />
                </properties>
                <output><![CDATA[[BalanceController] 'Hips': no GroundSensor found in children. IsGrounded will always be false.
]]></output>
              </test-case>
              <test-case id="1070" name="FixedUpdate_WhenStateFallen_UpperLegRReturnsToIdentity" fullname="PhysicsDrivenMovement.Tests.PlayMode.LegAnimatorTests.FixedUpdate_WhenStateFallen_UpperLegRReturnsToIdentity" methodname="FixedUpdate_WhenStateFallen_UpperLegRReturnsToIdentity" classname="PhysicsDrivenMovement.Tests.PlayMode.LegAnimatorTests" runstate="Runnable" seed="448747716" result="Passed" start-time="2026-02-22 20:12:23Z" end-time="2026-02-22 20:12:23Z" duration="0.120022" asserts="0">
                <properties>
                  <property name="_JOINTYPE" value="UnityCombinatorial" />
                  <property name="retryIteration" value="0" />
                  <property name="repeatIteration" value="0" />
                </properties>
                <output><![CDATA[[BalanceController] 'Hips': no GroundSensor found in children. IsGrounded will always be false.
]]></output>
              </test-case>
              <test-case id="1072" name="FixedUpdate_WhenStateGettingUp_AllLegJointsReturnToIdentity" fullname="PhysicsDrivenMovement.Tests.PlayMode.LegAnimatorTests.FixedUpdate_WhenStateGettingUp_AllLegJointsReturnToIdentity" methodname="FixedUpdate_WhenStateGettingUp_AllLegJointsReturnToIdentity" classname="PhysicsDrivenMovement.Tests.PlayMode.LegAnimatorTests" runstate="Runnable" seed="1618759940" result="Passed" start-time="2026-02-22 20:12:23Z" end-time="2026-02-22 20:12:23Z" duration="0.119824" asserts="0">
                <properties>
                  <property name="_JOINTYPE" value="UnityCombinatorial" />
                  <property name="retryIteration" value="0" />
                  <property name="repeatIteration" value="0" />
                </properties>
                <output><![CDATA[[BalanceController] 'Hips': no GroundSensor found in children. IsGrounded will always be false.
]]></output>
              </test-case>
              <test-case id="1073" name="IdleBlendSpeed_FieldExists_AndIsSerializable" fullname="PhysicsDrivenMovement.Tests.PlayMode.LegAnimatorTests.IdleBlendSpeed_FieldExists_AndIsSerializable" methodname="IdleBlendSpeed_FieldExists_AndIsSerializable" classname="PhysicsDrivenMovement.Tests.PlayMode.LegAnimatorTests" runstate="Runnable" seed="1987452268" result="Passed" start-time="2026-02-22 20:12:23Z" end-time="2026-02-22 20:12:23Z" duration="0.002966" asserts="0">
                <properties>
                  <property name="_JOINTYPE" value="UnityCombinatorial" />
                  <property name="retryIteration" value="0" />
                  <property name="repeatIteration" value="0" />
                </properties>
                <output><![CDATA[[BalanceController] 'Hips': no GroundSensor found in children. IsGrounded will always be false.
]]></output>
              </test-case>
              <test-case id="1094" name="KneeAngle_DefaultIs55Degrees" fullname="PhysicsDrivenMovement.Tests.PlayMode.LegAnimatorTests.KneeAngle_DefaultIs55Degrees" methodname="KneeAngle_DefaultIs55Degrees" classname="PhysicsDrivenMovement.Tests.PlayMode.LegAnimatorTests" runstate="Runnable" seed="488817861" result="Passed" start-time="2026-02-22 20:12:23Z" end-time="2026-02-22 20:12:23Z" duration="0.002648" asserts="0">
                <properties>
                  <property name="_JOINTYPE" value="UnityCombinatorial" />
                  <property name="retryIteration" value="0" />
                  <property name="repeatIteration" value="0" />
                </properties>
                <output><![CDATA[[BalanceController] 'Hips': no GroundSensor found in children. IsGrounded will always be false.
]]></output>
              </test-case>
              <test-case id="1075" name="KneeAxis_FieldExists_AndDefaultsToForward" fullname="PhysicsDrivenMovement.Tests.PlayMode.LegAnimatorTests.KneeAxis_FieldExists_AndDefaultsToForward" methodname="KneeAxis_FieldExists_AndDefaultsToForward" classname="PhysicsDrivenMovement.Tests.PlayMode.LegAnimatorTests" runstate="Runnable" seed="205905185" result="Passed" start-time="2026-02-22 20:12:23Z" end-time="2026-02-22 20:12:23Z" duration="0.002830" asserts="0">
                <properties>
                  <property name="_JOINTYPE" value="UnityCombinatorial" />
                  <property name="retryIteration" value="0" />
                  <property name="repeatIteration" value="0" />
                </properties>
                <output><![CDATA[[BalanceController] 'Hips': no GroundSensor found in children. IsGrounded will always be false.
]]></output>
              </test-case>
              <test-case id="1087" name="LowerLeg_WhenWalking_FeetAlternate" fullname="PhysicsDrivenMovement.Tests.PlayMode.LegAnimatorTests.LowerLeg_WhenWalking_FeetAlternate" methodname="LowerLeg_WhenWalking_FeetAlternate" classname="PhysicsDrivenMovement.Tests.PlayMode.LegAnimatorTests" runstate="Runnable" seed="1281006363" result="Passed" start-time="2026-02-22 20:12:23Z" end-time="2026-02-22 20:12:24Z" duration="0.800669" asserts="0">
                <properties>
                  <property name="_JOINTYPE" value="UnityCombinatorial" />
                  <property name="retryIteration" value="0" />
                  <property name="repeatIteration" value="0" />
                </properties>
                <output><![CDATA[[BalanceController] 'Hips': no GroundSensor found in children. IsGrounded will always be false.
[BalanceController] 'PhysicsHips': no GroundSensor found in children. IsGrounded will always be false.
]]></output>
              </test-case>
              <test-case id="1086" name="LowerLeg_WhenWalking_FootClearsGround" fullname="PhysicsDrivenMovement.Tests.PlayMode.LegAnimatorTests.LowerLeg_WhenWalking_FootClearsGround" methodname="LowerLeg_WhenWalking_FootClearsGround" classname="PhysicsDrivenMovement.Tests.PlayMode.LegAnimatorTests" runstate="Runnable" seed="199844157" result="Passed" start-time="2026-02-22 20:12:24Z" end-time="2026-02-22 20:12:24Z" duration="0.799880" asserts="0">
                <properties>
                  <property name="_JOINTYPE" value="UnityCombinatorial" />
                  <property name="retryIteration" value="0" />
                  <property name="repeatIteration" value="0" />
                </properties>
                <output><![CDATA[[BalanceController] 'Hips': no GroundSensor found in children. IsGrounded will always be false.
[BalanceController] 'PhysicsHips': no GroundSensor found in children. IsGrounded will always be false.
]]></output>
              </test-case>
              <test-case id="1085" name="LowerLeg_WhenWalking_KneeHigherThanFoot" fullname="PhysicsDrivenMovement.Tests.PlayMode.LegAnimatorTests.LowerLeg_WhenWalking_KneeHigherThanFoot" methodname="LowerLeg_WhenWalking_KneeHigherThanFoot" classname="PhysicsDrivenMovement.Tests.PlayMode.LegAnimatorTests" runstate="Runnable" seed="1815074314" result="Passed" start-time="2026-02-22 20:12:24Z" end-time="2026-02-22 20:12:25Z" duration="0.799774" asserts="0">
                <properties>
                  <property name="_JOINTYPE" value="UnityCombinatorial" />
                  <property name="retryIteration" value="0" />
                  <property name="repeatIteration" value="0" />
                </properties>
                <output><![CDATA[[BalanceController] 'Hips': no GroundSensor found in children. IsGrounded will always be false.
[BalanceController] 'PhysicsHips': no GroundSensor found in children. IsGrounded will always be false.
]]></output>
              </test-case>
              <test-case id="1084" name="LowerLeg_WhenWalking_LiftsBeyondMinimumThreshold" fullname="PhysicsDrivenMovement.Tests.PlayMode.LegAnimatorTests.LowerLeg_WhenWalking_LiftsBeyondMinimumThreshold" methodname="LowerLeg_WhenWalking_LiftsBeyondMinimumThreshold" classname="PhysicsDrivenMovement.Tests.PlayMode.LegAnimatorTests" runstate="Runnable" seed="1368033886" result="Passed" start-time="2026-02-22 20:12:25Z" end-time="2026-02-22 20:12:26Z" duration="0.499968" asserts="0">
                <properties>
                  <property name="_JOINTYPE" value="UnityCombinatorial" />
                  <property name="retryIteration" value="0" />
                  <property name="repeatIteration" value="0" />
                </properties>
                <output><![CDATA[[BalanceController] 'Hips': no GroundSensor found in children. IsGrounded will always be false.
[BalanceController] 'PhysicsHips': no GroundSensor found in children. IsGrounded will always be false.
]]></output>
              </test-case>
              <test-case id="1088" name="LowerLeg_WhenWalking_StepDirectionMatchesMovement" fullname="PhysicsDrivenMovement.Tests.PlayMode.LegAnimatorTests.LowerLeg_WhenWalking_StepDirectionMatchesMovement" methodname="LowerLeg_WhenWalking_StepDirectionMatchesMovement" classname="PhysicsDrivenMovement.Tests.PlayMode.LegAnimatorTests" runstate="Runnable" seed="2096107342" result="Passed" start-time="2026-02-22 20:12:26Z" end-time="2026-02-22 20:12:27Z" duration="0.799646" asserts="0">
                <properties>
                  <property name="_JOINTYPE" value="UnityCombinatorial" />
                  <property name="retryIteration" value="0" />
                  <property name="repeatIteration" value="0" />
                </properties>
                <output><![CDATA[[BalanceController] 'Hips': no GroundSensor found in children. IsGrounded will always be false.
[BalanceController] 'PhysicsHips': no GroundSensor found in children. IsGrounded will always be false.
]]></output>
              </test-case>
              <test-case id="1093" name="PhaseAccumulator_AdvancesAtMinFrequency_WhenVelocityZero" fullname="PhysicsDrivenMovement.Tests.PlayMode.LegAnimatorTests.PhaseAccumulator_AdvancesAtMinFrequency_WhenVelocityZero" methodname="PhaseAccumulator_AdvancesAtMinFrequency_WhenVelocityZero" classname="PhysicsDrivenMovement.Tests.PlayMode.LegAnimatorTests" runstate="Runnable" seed="748843328" result="Passed" start-time="2026-02-22 20:12:27Z" end-time="2026-02-22 20:12:27Z" duration="0.099669" asserts="0">
                <properties>
                  <property name="_JOINTYPE" value="UnityCombinatorial" />
                  <property name="retryIteration" value="0" />
                  <property name="repeatIteration" value="0" />
                </properties>
                <output><![CDATA[[BalanceController] 'Hips': no GroundSensor found in children. IsGrounded will always be false.
]]></output>
              </test-case>
              <test-case id="1091" name="PhaseAccumulator_AdvancesFasterAtHigherVelocity" fullname="PhysicsDrivenMovement.Tests.PlayMode.LegAnimatorTests.PhaseAccumulator_AdvancesFasterAtHigherVelocity" methodname="PhaseAccumulator_AdvancesFasterAtHigherVelocity" classname="PhysicsDrivenMovement.Tests.PlayMode.LegAnimatorTests" runstate="Runnable" seed="1923262303" result="Passed" start-time="2026-02-22 20:12:27Z" end-time="2026-02-22 20:12:27Z" duration="0.099891" asserts="0">
                <properties>
                  <property name="_JOINTYPE" value="UnityCombinatorial" />
                  <property name="retryIteration" value="0" />
                  <property name="repeatIteration" value="0" />
                </properties>
                <output><![CDATA[[BalanceController] 'Hips': no GroundSensor found in children. IsGrounded will always be false.
]]></output>
              </test-case>
[...]
                  <property name="_JOINTYPE" value="UnityCombinatorial" />
                  <property name="retryIteration" value="0" />
                  <property name="repeatIteration" value="0" />
                </properties>
              </test-case>
              <test-case id="1113" name="RagdollSetup_HasSerializedLowerLegDamperField" fullname="PhysicsDrivenMovement.Tests.PlayMode.LegJointSpringTests.RagdollSetup_HasSerializedLowerLegDamperField" methodname="RagdollSetup_HasSerializedLowerLegDamperField" classname="PhysicsDrivenMovement.Tests.PlayMode.LegJointSpringTests" runstate="Runnable" seed="751198086" result="Passed" start-time="2026-02-22 20:12:27Z" end-time="2026-02-22 20:12:27Z" duration="0.002964" asserts="0">
                <properties>
                  <property name="_JOINTYPE" value="UnityCombinatorial" />
                  <property name="retryIteration" value="0" />
                  <property name="repeatIteration" value="0" />
                </properties>
              </test-case>
              <test-case id="1111" name="RagdollSetup_HasSerializedLowerLegSpringField" fullname="PhysicsDrivenMovement.Tests.PlayMode.LegJointSpringTests.RagdollSetup_HasSerializedLowerLegSpringField" methodname="RagdollSetup_HasSerializedLowerLegSpringField" classname="PhysicsDrivenMovement.Tests.PlayMode.LegJointSpringTests" runstate="Runnable" seed="630553230" result="Passed" start-time="2026-02-22 20:12:27Z" end-time="2026-02-22 20:12:27Z" duration="0.002266" asserts="0">
                <properties>
                  <property name="_JOINTYPE" value="UnityCombinatorial" />
                  <property name="retryIteration" value="0" />
                  <property name="repeatIteration" value="0" />
                </properties>
              </test-case>
              <test-case id="1112" name="RagdollSetup_HasSerializedUpperLegDamperField" fullname="PhysicsDrivenMovement.Tests.PlayMode.LegJointSpringTests.RagdollSetup_HasSerializedUpperLegDamperField" methodname="RagdollSetup_HasSerializedUpperLegDamperField" classname="PhysicsDrivenMovement.Tests.PlayMode.LegJointSpringTests" runstate="Runnable" seed="1412392538" result="Passed" start-time="2026-02-22 20:12:27Z" end-time="2026-02-22 20:12:27Z" duration="0.001961" asserts="0">
                <properties>
                  <property name="_JOINTYPE" value="UnityCombinatorial" />
                  <property name="retryIteration" value="0" />
                  <property name="repeatIteration" value="0" />
                </properties>
              </test-case>
              <test-case id="1110" name="RagdollSetup_HasSerializedUpperLegSpringField" fullname="PhysicsDrivenMovement.Tests.PlayMode.LegJointSpringTests.RagdollSetup_HasSerializedUpperLegSpringField" methodname="RagdollSetup_HasSerializedUpperLegSpringField" classname="PhysicsDrivenMovement.Tests.PlayMode.LegJointSpringTests" runstate="Runnable" seed="1921935146" result="Passed" start-time="2026-02-22 20:12:27Z" end-time="2026-02-22 20:12:27Z" duration="0.001883" asserts="0">
                <properties>
                  <property name="_JOINTYPE" value="UnityCombinatorial" />
                  <property name="retryIteration" value="0" />
                  <property name="repeatIteration" value="0" />
                </properties>
              </test-case>
              <test-case id="1114" name="RagdollSetup_LowerLegSpringIsAppliedToJoint_AfterAwake" fullname="PhysicsDrivenMovement.Tests.PlayMode.LegJointSpringTests.RagdollSetup_LowerLegSpringIsAppliedToJoint_AfterAwake" methodname="RagdollSetup_LowerLegSpringIsAppliedToJoint_AfterAwake" classname="PhysicsDrivenMovement.Tests.PlayMode.LegJointSpringTests" runstate="Runnable" seed="157396006" result="Passed" start-time="2026-02-22 20:12:27Z" end-time="2026-02-22 20:12:27Z" duration="0.003460" asserts="0">
                <properties>
                  <property name="_JOINTYPE" value="UnityCombinatorial" />
                  <property name="retryIteration" value="0" />
                  <property name="repeatIteration" value="0" />
                </properties>
              </test-case>
              <test-case id="1106" name="UpperLegL_AfterAwake_SlerpSpringMeetsMinimumThreshold" fullname="PhysicsDrivenMovement.Tests.PlayMode.LegJointSpringTests.UpperLegL_AfterAwake_SlerpSpringMeetsMinimumThreshold" methodname="UpperLegL_AfterAwake_SlerpSpringMeetsMinimumThreshold" classname="PhysicsDrivenMovement.Tests.PlayMode.LegJointSpringTests" runstate="Runnable" seed="1135367412" result="Passed" start-time="2026-02-22 20:12:27Z" end-time="2026-02-22 20:12:27Z" duration="0.002428" asserts="0">
                <properties>
                  <property name="_JOINTYPE" value="UnityCombinatorial" />
                  <property name="retryIteration" value="0" />
                  <property name="repeatIteration" value="0" />
                </properties>
              </test-case>
              <test-case id="1102" name="UpperLegL_AfterAwake_UsesSlerpDriveMode" fullname="PhysicsDrivenMovement.Tests.PlayMode.LegJointSpringTests.UpperLegL_AfterAwake_UsesSlerpDriveMode" methodname="UpperLegL_AfterAwake_UsesSlerpDriveMode" classname="PhysicsDrivenMovement.Tests.PlayMode.LegJointSpringTests" runstate="Runnable" seed="528113490" result="Passed" start-time="2026-02-22 20:12:27Z" end-time="2026-02-22 20:12:27Z" duration="0.001785" asserts="0">
                <properties>
                  <property name="_JOINTYPE" value="UnityCombinatorial" />
                  <property name="retryIteration" value="0" />
                  <property name="repeatIteration" value="0" />
                </properties>
              </test-case>
              <test-case id="1107" name="UpperLegR_AfterAwake_SlerpSpringMeetsMinimumThreshold" fullname="PhysicsDrivenMovement.Tests.PlayMode.LegJointSpringTests.UpperLegR_AfterAwake_SlerpSpringMeetsMinimumThreshold" methodname="UpperLegR_AfterAwake_SlerpSpringMeetsMinimumThreshold" classname="PhysicsDrivenMovement.Tests.PlayMode.LegJointSpringTests" runstate="Runnable" seed="1319057257" result="Passed" start-time="2026-02-22 20:12:27Z" end-time="2026-02-22 20:12:27Z" duration="0.001793" asserts="0">
                <properties>
                  <property name="_JOINTYPE" value="UnityCombinatorial" />
                  <property name="retryIteration" value="0" />
                  <property name="repeatIteration" value="0" />
                </properties>
              </test-case>
              <test-case id="1103" name="UpperLegR_AfterAwake_UsesSlerpDriveMode" fullname="PhysicsDrivenMovement.Tests.PlayMode.LegJointSpringTests.UpperLegR_AfterAwake_UsesSlerpDriveMode" methodname="UpperLegR_AfterAwake_UsesSlerpDriveMode" classname="PhysicsDrivenMovement.Tests.PlayMode.LegJointSpringTests" runstate="Runnable" seed="339843877" result="Passed" start-time="2026-02-22 20:12:27Z" end-time="2026-02-22 20:12:27Z" duration="0.001740" asserts="0">
                <properties>
                  <property name="_JOINTYPE" value="UnityCombinatorial" />
                  <property name="retryIteration" value="0" />
                  <property name="repeatIteration" value="0" />
                </properties>
              </test-case>
            </test-suite>
            <test-suite type="TestFixture" id="1115" name="PlayerMovementTests" fullname="PhysicsDrivenMovement.Tests.PlayMode.PlayerMovementTests" classname="PhysicsDrivenMovement.Tests.PlayMode.PlayerMovementTests" runstate="Runnable" testcasecount="3" result="Passed" start-time="2026-02-22 20:12:27Z" end-time="2026-02-22 20:12:27Z" duration="0.031951" total="3" passed="3" failed="0" inconclusive="0" skipped="0" asserts="0">
              <properties />
              <test-case id="1118" name="ApplyMovementForces_WhenAtOrAboveSpeedCap_DoesNotIncreaseHorizontalSpeed" fullname="PhysicsDrivenMovement.Tests.PlayMode.PlayerMovementTests.ApplyMovementForces_WhenAtOrAboveSpeedCap_DoesNotIncreaseHorizontalSpeed" methodname="ApplyMovementForces_WhenAtOrAboveSpeedCap_DoesNotIncreaseHorizontalSpeed" classname="PhysicsDrivenMovement.Tests.PlayMode.PlayerMovementTests" runstate="Runnable" seed="2059157946" result="Passed" start-time="2026-02-22 20:12:27Z" end-time="2026-02-22 20:12:27Z" duration="0.011103" asserts="0">
                <properties>
                  <property name="_JOINTYPE" value="UnityCombinatorial" />
                  <property name="retryIteration" value="0" />
                  <property name="repeatIteration" value="0" />
                </properties>
                <output><![CDATA[[BalanceController] 'TestHips': no GroundSensor found in children. IsGrounded will always be false.
]]></output>
              </test-case>
              <test-case id="1116" name="ApplyMovementForces_WhenFallen_DoesNotApplyHorizontalForce" fullname="PhysicsDrivenMovement.Tests.PlayMode.PlayerMovementTests.ApplyMovementForces_WhenFallen_DoesNotApplyHorizontalForce" methodname="ApplyMovementForces_WhenFallen_DoesNotApplyHorizontalForce" classname="PhysicsDrivenMovement.Tests.PlayMode.PlayerMovementTests" runstate="Runnable" seed="69423939" result="Passed" start-time="2026-02-22 20:12:27Z" end-time="2026-02-22 20:12:27Z" duration="0.009509" asserts="0">
                <properties>
                  <property name="_JOINTYPE" value="UnityCombinatorial" />
                  <property name="retryIteration" value="0" />
                  <property name="repeatIteration" value="0" />
                </properties>
                <output><![CDATA[[BalanceController] 'TestHips': no GroundSensor found in children. IsGrounded will always be false.
]]></output>
              </test-case>
              <test-case id="1117" name="ApplyMovementForces_WithForwardInput_UsesCameraRelativeDirection" fullname="PhysicsDrivenMovement.Tests.PlayMode.PlayerMovementTests.ApplyMovementForces_WithForwardInput_UsesCameraRelativeDirection" methodname="ApplyMovementForces_WithForwardInput_UsesCameraRelativeDirection" classname="PhysicsDrivenMovement.Tests.PlayMode.PlayerMovementTests" runstate="Runnable" seed="1172541196" result="Passed" start-time="2026-02-22 20:12:27Z" end-time="2026-02-22 20:12:27Z" duration="0.009874" asserts="0">
                <properties>
                  <property name="_JOINTYPE" value="UnityCombinatorial" />
                  <property name="retryIteration" value="0" />
                  <property name="repeatIteration" value="0" />
                </properties>
                <output><![CDATA[[BalanceController] 'TestHips': no GroundSensor found in children. IsGrounded will always be false.
]]></output>
              </test-case>
            </test-suite>
            <test-suite type="TestFixture" id="1119" name="PlayerRagdollPrefabPlayModeTests" fullname="PhysicsDrivenMovement.Tests.PlayMode.PlayerRagdollPrefabPlayModeTests" classname="PhysicsDrivenMovement.Tests.PlayMode.PlayerRagdollPrefabPlayModeTests" runstate="Runnable" testcasecount="4" result="Passed" start-time="2026-02-22 20:12:27Z" end-time="2026-02-22 20:12:54Z" duration="26.400225" total="4" passed="4" failed="0" inconclusive="0" skipped="0" asserts="0">
              <properties />
              <test-case id="1122" name="PlayerRagdollPrefab_FromBackFall_RecoversToStanding" fullname="PhysicsDrivenMovement.Tests.PlayMode.PlayerRagdollPrefabPlayModeTests.PlayerRagdollPrefab_FromBackFall_RecoversToStanding" methodname="PlayerRagdollPrefab_FromBackFall_RecoversToStanding" classname="PhysicsDrivenMovement.Tests.PlayMode.PlayerRagdollPrefabPlayModeTests" runstate="Runnable" seed="1889341770" result="Passed" start-time="2026-02-22 20:12:27Z" end-time="2026-02-22 20:12:32Z" duration="4.199231" asserts="0">
                <properties>
                  <property name="_JOINTYPE" value="UnityCombinatorial" />
                  <property name="retryIteration" value="0" />
                  <property name="repeatIteration" value="0" />
                </properties>
              </test-case>
              <test-case id="1121" name="PlayerRagdollPrefab_HipsHasSinglePlayerMovementWithRequiredComponents" fullname="PhysicsDrivenMovement.Tests.PlayMode.PlayerRagdollPrefabPlayModeTests.PlayerRagdollPrefab_HipsHasSinglePlayerMovementWithRequiredComponents" methodname="PlayerRagdollPrefab_HipsHasSinglePlayerMovementWithRequiredComponents" classname="PhysicsDrivenMovement.Tests.PlayMode.PlayerRagdollPrefabPlayModeTests" runstate="Runnable" seed="97159638" result="Passed" start-time="2026-02-22 20:12:32Z" end-time="2026-02-22 20:12:32Z" duration="0.003670" asserts="0">
                <properties>
                  <property name="retryIteration" value="0" />
                  <property name="repeatIteration" value="0" />
                </properties>
              </test-case>
              <test-case id="1123" name="PlayerRagdollPrefab_LongRun_RemainsRecoverablyStable" fullname="PhysicsDrivenMovement.Tests.PlayMode.PlayerRagdollPrefabPlayModeTests.PlayerRagdollPrefab_LongRun_RemainsRecoverablyStable" methodname="PlayerRagdollPrefab_LongRun_RemainsRecoverablyStable" classname="PhysicsDrivenMovement.Tests.PlayMode.PlayerRagdollPrefabPlayModeTests" runstate="Runnable" seed="165638291" result="Passed" start-time="2026-02-22 20:12:32Z" end-time="2026-02-22 20:12:52Z" duration="19.995576" asserts="0">
                <properties>
                  <property name="_JOINTYPE" value="UnityCombinatorial" />
                  <property name="retryIteration" value="0" />
                  <property name="repeatIteration" value="0" />
                </properties>
              </test-case>
              <test-case id="1120" name="PlayerRagdollPrefab_OnEnvironmentGround_SettlesWithoutImmediateTopple" fullname="PhysicsDrivenMovement.Tests.PlayMode.PlayerRagdollPrefabPlayModeTests.PlayerRagdollPrefab_OnEnvironmentGround_SettlesWithoutImmediateTopple" methodname="PlayerRagdollPrefab_OnEnvironmentGround_SettlesWithoutImmediateTopple" classname="PhysicsDrivenMovement.Tests.PlayMode.PlayerRagdollPrefabPlayModeTests" runstate="Runnable" seed="1407884518" result="Passed" start-time="2026-02-22 20:12:52Z" end-time="2026-02-22 20:12:54Z" duration="2.199913" asserts="0">
                <properties>
                  <property name="_JOINTYPE" value="UnityCombinatorial" />
                  <property name="retryIteration" value="0" />
                  <property name="repeatIteration" value="0" />
                </properties>
              </test-case>
            </test-suite>
            <test-suite type="TestFixture" id="1124" name="RagdollSetupTests" fullname="PhysicsDrivenMovement.Tests.PlayMode.RagdollSetupTests" classname="PhysicsDrivenMovement.Tests.PlayMode.RagdollSetupTests" runstate="Runnable" testcasecount="6" result="Passed" start-time="2026-02-22 20:12:54Z" end-time="2026-02-22 20:12:54Z" duration="0.020474" total="6" passed="6" failed="0" inconclusive="0" skipped="0" asserts="0">
              <properties />
              <test-case id="1125" name="AllBodies_AfterAwake_ContainsHipsAndTorso" fullname="PhysicsDrivenMovement.Tests.PlayMode.RagdollSetupTests.AllBodies_AfterAwake_ContainsHipsAndTorso" methodname="AllBodies_AfterAwake_ContainsHipsAndTorso" classname="PhysicsDrivenMovement.Tests.PlayMode.RagdollSetupTests" runstate="Runnable" seed="376561191" result="Passed" start-time="2026-02-22 20:12:54Z" end-time="2026-02-22 20:12:54Z" duration="0.003153" asserts="0">
                <properties>
                  <property name="_JOINTYPE" value="UnityCombinatorial" />
                  <property name="retryIteration" value="0" />
                  <property name="repeatIteration" value="0" />
                </properties>
              </test-case>
              <test-case id="1130" name="LowerLegGameObjects_AfterAwake_AreOnLowerLegPartsLayer" fullname="PhysicsDrivenMovement.Tests.PlayMode.RagdollSetupTests.LowerLegGameObjects_AfterAwake_AreOnLowerLegPartsLayer" methodname="LowerLegGameObjects_AfterAwake_AreOnLowerLegPartsLayer" classname="PhysicsDrivenMovement.Tests.PlayMode.RagdollSetupTests" runstate="Runnable" seed="1039775000" result="Passed" start-time="2026-02-22 20:12:54Z" end-time="2026-02-22 20:12:54Z" duration="0.004874" asserts="0">
                <properties>
                  <property name="_JOINTYPE" value="UnityCombinatorial" />
                  <property name="retryIteration" value="0" />
                  <property name="repeatIteration" value="0" />
                </properties>
              </test-case>
              <test-case id="1129" name="LowerLegLayer_AfterAwake_DoesNotCollideWithEnvironmentLayer" fullname="PhysicsDrivenMovement.Tests.PlayMode.RagdollSetupTests.LowerLegLayer_AfterAwake_DoesNotCollideWithEnvironmentLayer" methodname="LowerLegLayer_AfterAwake_DoesNotCollideWithEnvironmentLayer" classname="PhysicsDrivenMovement.Tests.PlayMode.RagdollSetupTests" runstate="Runnable" seed="113540839" result="Passed" start-time="2026-02-22 20:12:54Z" end-time="2026-02-22 20:12:54Z" duration="0.002544" asserts="0">
                <properties>
                  <property name="_JOINTYPE" value="UnityCombinatorial" />
                  <property name="retryIteration" value="0" />
                  <property name="repeatIteration" value="0" />
                </properties>
              </test-case>
              <test-case id="1126" name="NeighboringColliders_AfterAwake_CollisionIsIgnored" fullname="PhysicsDrivenMovement.Tests.PlayMode.RagdollSetupTests.NeighboringColliders_AfterAwake_CollisionIsIgnored" methodname="NeighboringColliders_AfterAwake_CollisionIsIgnored" classname="PhysicsDrivenMovement.Tests.PlayMode.RagdollSetupTests" runstate="Runnable" seed="1223533873" result="Passed" start-time="2026-02-22 20:12:54Z" end-time="2026-02-22 20:12:54Z" duration="0.002272" asserts="0">
                <properties>
                  <property name="_JOINTYPE" value="UnityCombinatorial" />
                  <property name="retryIteration" value="0" />
                  <property name="repeatIteration" value="0" />
                </properties>
              </test-case>
              <test-case id="1127" name="RagdollWithNoJoints_AfterAwake_DoesNotThrowAndReturnsOneBody" fullname="PhysicsDrivenMovement.Tests.PlayMode.RagdollSetupTests.RagdollWithNoJoints_AfterAwake_DoesNotThrowAndReturnsOneBody" methodname="RagdollWithNoJoints_AfterAwake_DoesNotThrowAndReturnsOneBody" classname="PhysicsDrivenMovement.Tests.PlayMode.RagdollSetupTests" runstate="Runnable" seed="714447821" result="Passed" start-time="2026-02-22 20:12:54Z" end-time="2026-02-22 20:12:54Z" duration="0.002147" asserts="0">
                <properties>
                  <property name="_JOINTYPE" value="UnityCombinatorial" />
                  <property name="retryIteration" value="0" />
                  <property name="repeatIteration" value="0" />
                </properties>
              </test-case>
              <test-case id="1128" name="UnconnectedColliders_AfterAwake_CollisionIsNotIgnored" fullname="PhysicsDrivenMovement.Tests.PlayMode.RagdollSetupTests.UnconnectedColliders_AfterAwake_CollisionIsNotIgnored" methodname="UnconnectedColliders_AfterAwake_CollisionIsNotIgnored" classname="PhysicsDrivenMovement.Tests.PlayMode.RagdollSetupTests" runstate="Runnable" seed="1911705548" result="Passed" start-time="2026-02-22 20:12:54Z" end-time="2026-02-22 20:12:54Z" duration="0.002672" asserts="0">
                <properties>
                  <property name="_JOINTYPE" value="UnityCombinatorial" />
                  <property name="retryIteration" value="0" />
                  <property name="repeatIteration" value="0" />
                </properties>
                <output><![CDATA[Saving results to: C:/Users/Usuario/AppData/LocalLow/DefaultCompany/PhysicsDrivenMovementDemo\TestResults.xml
]]></output>
              </test-case>
            </test-suite>
          </test-suite>
        </test-suite>
      </test-suite>
    </test-suite>
  </test-suite>
</test-run>